2023-02-25 15:06:21.895 [info] Log level: Info
2023-02-25 15:06:21.895 [info] Validating found git in: "git"
2023-02-25 15:06:21.895 [info] Using git "2.39.1" from "git"
2023-02-25 15:06:21.895 [info] > git rev-parse --show-toplevel [156ms]
2023-02-25 15:06:21.895 [info] > git rev-parse --git-dir --git-common-dir [14ms]
2023-02-25 15:06:21.895 [info] Open repository: /home/ec2-user/jenkins-first-webhook-project
2023-02-25 15:06:21.895 [info] > git config --get commit.template [21ms]
2023-02-25 15:06:21.895 [info] > git for-each-ref --format=%(refname)%00%(upstream:short)%00%(objectname)%00%(upstream:track)%00%(upstream:remotename)%00%(upstream:remoteref) refs/heads/master refs/remotes/master [17ms]
2023-02-25 15:06:21.895 [info] > git status -z -uall [8ms]
2023-02-25 15:06:21.895 [info] > git for-each-ref --sort -committerdate --format %(refname) %(objectname) %(*objectname) [5ms]
2023-02-25 15:06:21.895 [info] > git config --get commit.template [8ms]
2023-02-25 15:06:21.895 [info] > git for-each-ref --format=%(refname)%00%(upstream:short)%00%(objectname)%00%(upstream:track)%00%(upstream:remotename)%00%(upstream:remoteref) refs/heads/master refs/remotes/master [6ms]
2023-02-25 15:06:21.895 [info] > git status -z -uall [6ms]
2023-02-25 15:06:21.895 [info] > git for-each-ref --sort -committerdate --format %(refname) %(objectname) %(*objectname) [4ms]
2023-02-25 15:06:21.895 [info] > git fetch [431ms]
2023-02-25 15:06:21.895 [info] > git config --get commit.template [4ms]
2023-02-25 15:06:21.895 [info] > git for-each-ref --format=%(refname)%00%(upstream:short)%00%(objectname)%00%(upstream:track)%00%(upstream:remotename)%00%(upstream:remoteref) refs/heads/master refs/remotes/master [3ms]
2023-02-25 15:06:21.895 [info] > git status -z -uall [6ms]
2023-02-25 15:06:21.895 [info] > git for-each-ref --sort -committerdate --format %(refname) %(objectname) %(*objectname) [4ms]
2023-02-25 15:06:22.539 [info] > git config --get commit.template [5ms]
2023-02-25 15:06:22.541 [info] > git for-each-ref --format=%(refname)%00%(upstream:short)%00%(objectname)%00%(upstream:track)%00%(upstream:remotename)%00%(upstream:remoteref) refs/heads/master refs/remotes/master [3ms]
2023-02-25 15:06:22.548 [info] > git status -z -uall [5ms]
2023-02-25 15:06:22.551 [info] > git for-each-ref --sort -committerdate --format %(refname) %(objectname) %(*objectname) [4ms]
2023-02-25 15:06:37.407 [info] > git check-ignore -v -z --stdin [2ms]
2023-02-25 15:06:42.939 [info] > git show --textconv :hello-world.py [12ms]
2023-02-25 15:06:42.944 [info] > git ls-files --stage -- /home/ec2-user/jenkins-first-webhook-project/hello-world.py [6ms]
2023-02-25 15:06:42.954 [info] > git cat-file -s 46b5cdc031ff87d30fef62d8a6af910d58d31f38 [4ms]
2023-02-25 15:06:51.350 [info] > git config --get commit.template [5ms]
2023-02-25 15:06:51.352 [info] > git for-each-ref --format=%(refname)%00%(upstream:short)%00%(objectname)%00%(upstream:track)%00%(upstream:remotename)%00%(upstream:remoteref) refs/heads/master refs/remotes/master [2ms]
2023-02-25 15:06:51.361 [info] > git status -z -uall [7ms]
2023-02-25 15:06:51.364 [info] > git for-each-ref --sort -committerdate --format %(refname) %(objectname) %(*objectname) [4ms]
2023-02-25 15:07:06.904 [info] > git config --get commit.template [7ms]
2023-02-25 15:07:06.906 [info] > git for-each-ref --format=%(refname)%00%(upstream:short)%00%(objectname)%00%(upstream:track)%00%(upstream:remotename)%00%(upstream:remoteref) refs/heads/master refs/remotes/master [4ms]
2023-02-25 15:07:06.914 [info] > git status -z -uall [5ms]
2023-02-25 15:07:06.917 [info] > git for-each-ref --sort -committerdate --format %(refname) %(objectname) %(*objectname) [3ms]
2023-02-25 15:07:07.171 [info] > git ls-files --stage -- /home/ec2-user/jenkins-first-webhook-project/hello-world.py [2ms]
2023-02-25 15:07:07.175 [info] > git cat-file -s f34cff9d3a50f6a1a64e85617ecfcb7adfd48d5f [2ms]
2023-02-25 15:07:07.418 [info] > git show --textconv :hello-world.py [3ms]
2023-02-25 15:07:28.765 [info] > git config --get commit.template [5ms]
2023-02-25 15:07:28.767 [info] > git for-each-ref --format=%(refname)%00%(upstream:short)%00%(objectname)%00%(upstream:track)%00%(upstream:remotename)%00%(upstream:remoteref) refs/heads/master refs/remotes/master [3ms]
2023-02-25 15:07:28.779 [info] > git status -z -uall [9ms]
2023-02-25 15:07:28.782 [info] > git for-each-ref --sort -committerdate --format %(refname) %(objectname) %(*objectname) [3ms]
2023-02-25 15:07:29.129 [info] > git ls-files --stage -- /home/ec2-user/jenkins-first-webhook-project/hello-world.py [2ms]
2023-02-25 15:07:29.134 [info] > git cat-file -s f34cff9d3a50f6a1a64e85617ecfcb7adfd48d5f [2ms]
2023-02-25 15:07:29.321 [info] > git show --textconv :hello-world.py [3ms]
2023-02-25 15:07:35.144 [info] > git config --get commit.template [5ms]
2023-02-25 15:07:35.146 [info] > git for-each-ref --format=%(refname)%00%(upstream:short)%00%(objectname)%00%(upstream:track)%00%(upstream:remotename)%00%(upstream:remoteref) refs/heads/master refs/remotes/master [3ms]
2023-02-25 15:07:35.154 [info] > git status -z -uall [5ms]
2023-02-25 15:07:35.157 [info] > git for-each-ref --sort -committerdate --format %(refname) %(objectname) %(*objectname) [3ms]
2023-02-25 15:07:35.412 [info] > git ls-files --stage -- /home/ec2-user/jenkins-first-webhook-project/hello-world.py [2ms]
2023-02-25 15:07:35.416 [info] > git cat-file -s f34cff9d3a50f6a1a64e85617ecfcb7adfd48d5f [2ms]
2023-02-25 15:07:35.597 [info] > git show --textconv :hello-world.py [3ms]
2023-02-25 15:09:28.957 [info] > git fetch [148ms]
2023-02-25 15:09:28.965 [info] > git config --get commit.template [4ms]
2023-02-25 15:09:28.967 [info] > git for-each-ref --format=%(refname)%00%(upstream:short)%00%(objectname)%00%(upstream:track)%00%(upstream:remotename)%00%(upstream:remoteref) refs/heads/master refs/remotes/master [3ms]
2023-02-25 15:09:28.975 [info] > git status -z -uall [5ms]
2023-02-25 15:09:28.978 [info] > git for-each-ref --sort -committerdate --format %(refname) %(objectname) %(*objectname) [4ms]
2023-02-25 15:09:30.258 [info] > git config --get commit.template [6ms]
2023-02-25 15:09:30.260 [info] > git for-each-ref --format=%(refname)%00%(upstream:short)%00%(objectname)%00%(upstream:track)%00%(upstream:remotename)%00%(upstream:remoteref) refs/heads/master refs/remotes/master [4ms]
2023-02-25 15:09:30.268 [info] > git status -z -uall [5ms]
2023-02-25 15:09:30.271 [info] > git for-each-ref --sort -committerdate --format %(refname) %(objectname) %(*objectname) [4ms]
2023-02-25 15:09:30.530 [info] > git ls-files --stage -- /home/ec2-user/jenkins-first-webhook-project/hello-world.py [2ms]
2023-02-25 15:09:30.535 [info] > git cat-file -s f34cff9d3a50f6a1a64e85617ecfcb7adfd48d5f [3ms]
2023-02-25 15:09:30.723 [info] > git show --textconv :hello-world.py [3ms]
2023-02-25 15:09:52.690 [info] > git config --get commit.template [4ms]
2023-02-25 15:09:52.692 [info] > git for-each-ref --format=%(refname)%00%(upstream:short)%00%(objectname)%00%(upstream:track)%00%(upstream:remotename)%00%(upstream:remoteref) refs/heads/master refs/remotes/master [3ms]
2023-02-25 15:09:52.701 [info] > git status -z -uall [5ms]
2023-02-25 15:09:52.704 [info] > git for-each-ref --sort -committerdate --format %(refname) %(objectname) %(*objectname) [4ms]
2023-02-25 15:09:57.722 [info] > git config --get commit.template [5ms]
2023-02-25 15:09:57.724 [info] > git for-each-ref --format=%(refname)%00%(upstream:short)%00%(objectname)%00%(upstream:track)%00%(upstream:remotename)%00%(upstream:remoteref) refs/heads/master refs/remotes/master [2ms]
2023-02-25 15:09:57.731 [info] > git status -z -uall [5ms]
2023-02-25 15:09:57.734 [info] > git for-each-ref --sort -committerdate --format %(refname) %(objectname) %(*objectname) [4ms]
2023-02-25 15:10:02.745 [info] > git config --get commit.template [5ms]
2023-02-25 15:10:02.747 [info] > git for-each-ref --format=%(refname)%00%(upstream:short)%00%(objectname)%00%(upstream:track)%00%(upstream:remotename)%00%(upstream:remoteref) refs/heads/master refs/remotes/master [2ms]
2023-02-25 15:10:02.754 [info] > git status -z -uall [5ms]
2023-02-25 15:10:02.767 [info] > git for-each-ref --sort -committerdate --format %(refname) %(objectname) %(*objectname) [14ms]
2023-02-25 15:10:06.122 [info] > git ls-files --stage -- /home/ec2-user/jenkins-first-webhook-project/hello-world.py [2ms]
2023-02-25 15:10:06.126 [info] > git cat-file -s 7dca1faef846331c73071fba17205dc3a6e1160b [2ms]
2023-02-25 15:10:06.310 [info] > git show --textconv :hello-world.py [2ms]
2023-02-25 15:10:07.779 [info] > git config --get commit.template [4ms]
2023-02-25 15:10:07.781 [info] > git for-each-ref --format=%(refname)%00%(upstream:short)%00%(objectname)%00%(upstream:track)%00%(upstream:remotename)%00%(upstream:remoteref) refs/heads/master refs/remotes/master [2ms]
2023-02-25 15:10:07.789 [info] > git status -z -uall [6ms]
2023-02-25 15:10:07.791 [info] > git for-each-ref --sort -committerdate --format %(refname) %(objectname) %(*objectname) [3ms]
2023-02-25 15:11:25.493 [info] > git config --get commit.template [5ms]
2023-02-25 15:11:25.495 [info] > git for-each-ref --format=%(refname)%00%(upstream:short)%00%(objectname)%00%(upstream:track)%00%(upstream:remotename)%00%(upstream:remoteref) refs/heads/master refs/remotes/master [3ms]
2023-02-25 15:11:25.503 [info] > git status -z -uall [4ms]
2023-02-25 15:11:25.505 [info] > git for-each-ref --sort -committerdate --format %(refname) %(objectname) %(*objectname) [3ms]
2023-02-25 15:11:25.766 [info] > git ls-files --stage -- /home/ec2-user/jenkins-first-webhook-project/hello-world.py [2ms]
2023-02-25 15:11:25.770 [info] > git cat-file -s 7dca1faef846331c73071fba17205dc3a6e1160b [2ms]
2023-02-25 15:11:26.012 [info] > git show --textconv :hello-world.py [3ms]
2023-02-25 15:11:31.776 [info] > git config --get commit.template [9ms]
2023-02-25 15:11:31.779 [info] > git for-each-ref --format=%(refname)%00%(upstream:short)%00%(objectname)%00%(upstream:track)%00%(upstream:remotename)%00%(upstream:remoteref) refs/heads/master refs/remotes/master [4ms]
2023-02-25 15:11:31.787 [info] > git status -z -uall [5ms]
2023-02-25 15:11:31.790 [info] > git for-each-ref --sort -committerdate --format %(refname) %(objectname) %(*objectname) [4ms]
2023-02-25 15:11:32.040 [info] > git ls-files --stage -- /home/ec2-user/jenkins-first-webhook-project/hello-world.py [2ms]
2023-02-25 15:11:32.044 [info] > git cat-file -s 7dca1faef846331c73071fba17205dc3a6e1160b [2ms]
2023-02-25 15:11:32.226 [info] > git show --textconv :hello-world.py [2ms]
2023-02-25 15:14:44.227 [info] > git fetch [151ms]
2023-02-25 15:14:44.235 [info] > git config --get commit.template [4ms]
2023-02-25 15:14:44.237 [info] > git for-each-ref --format=%(refname)%00%(upstream:short)%00%(objectname)%00%(upstream:track)%00%(upstream:remotename)%00%(upstream:remoteref) refs/heads/master refs/remotes/master [3ms]
2023-02-25 15:14:44.244 [info] > git status -z -uall [5ms]
2023-02-25 15:14:44.247 [info] > git for-each-ref --sort -committerdate --format %(refname) %(objectname) %(*objectname) [3ms]
2023-02-25 15:14:45.531 [info] > git config --get commit.template [5ms]
2023-02-25 15:14:45.533 [info] > git for-each-ref --format=%(refname)%00%(upstream:short)%00%(objectname)%00%(upstream:track)%00%(upstream:remotename)%00%(upstream:remoteref) refs/heads/master refs/remotes/master [3ms]
2023-02-25 15:14:45.542 [info] > git status -z -uall [5ms]
2023-02-25 15:14:45.545 [info] > git for-each-ref --sort -committerdate --format %(refname) %(objectname) %(*objectname) [4ms]
2023-02-25 15:14:45.881 [info] > git ls-files --stage -- /home/ec2-user/jenkins-first-webhook-project/hello-world.py [2ms]
2023-02-25 15:14:45.885 [info] > git cat-file -s 7dca1faef846331c73071fba17205dc3a6e1160b [2ms]
2023-02-25 15:14:46.094 [info] > git show --textconv :hello-world.py [3ms]
