2023-02-23 23:30:29.599 [info] Log level: Info
2023-02-23 23:30:29.599 [info] Validating found git in: "git"
2023-02-23 23:30:29.599 [info] Using git "2.39.1" from "git"
2023-02-23 23:30:29.599 [info] > git rev-parse --show-toplevel [109ms]
2023-02-23 23:30:29.599 [info] > git rev-parse --git-dir --git-common-dir [41ms]
2023-02-23 23:30:29.599 [info] Open repository: /home/ec2-user/jenkins-first-webhook-project
2023-02-23 23:30:29.599 [info] > git config --get commit.template [7ms]
2023-02-23 23:30:29.599 [info] > git for-each-ref --format=%(refname)%00%(upstream:short)%00%(objectname)%00%(upstream:track)%00%(upstream:remotename)%00%(upstream:remoteref) refs/heads/master refs/remotes/master [12ms]
2023-02-23 23:30:29.599 [info] > git status -z -uall [14ms]
2023-02-23 23:30:29.599 [info] > git for-each-ref --sort -committerdate --format %(refname) %(objectname) %(*objectname) [6ms]
2023-02-23 23:30:29.599 [info] > git config --get commit.template [23ms]
2023-02-23 23:30:29.599 [info] > git fetch [220ms]
2023-02-23 23:30:29.599 [info] > git for-each-ref --format=%(refname)%00%(upstream:short)%00%(objectname)%00%(upstream:track)%00%(upstream:remotename)%00%(upstream:remoteref) refs/heads/master refs/remotes/master [32ms]
2023-02-23 23:30:29.599 [info] > git config --get commit.template [7ms]
2023-02-23 23:30:29.599 [info] > git for-each-ref --format=%(refname)%00%(upstream:short)%00%(objectname)%00%(upstream:track)%00%(upstream:remotename)%00%(upstream:remoteref) refs/heads/master refs/remotes/master [41ms]
2023-02-23 23:30:29.599 [info] > git status -z -uall [6ms]
2023-02-23 23:30:29.599 [info] > git for-each-ref --sort -committerdate --format %(refname) %(objectname) %(*objectname) [8ms]
2023-02-23 23:30:29.599 [info] > git check-ignore -v -z --stdin [3ms]
2023-02-23 23:30:29.869 [info] > git config --get commit.template [5ms]
2023-02-23 23:30:29.871 [info] > git for-each-ref --format=%(refname)%00%(upstream:short)%00%(objectname)%00%(upstream:track)%00%(upstream:remotename)%00%(upstream:remoteref) refs/heads/master refs/remotes/master [3ms]
2023-02-23 23:30:29.879 [info] > git status -z -uall [5ms]
2023-02-23 23:30:29.882 [info] > git for-each-ref --sort -committerdate --format %(refname) %(objectname) %(*objectname) [4ms]
2023-02-23 23:30:30.730 [info] > git show --textconv :hello-world.py [6ms]
2023-02-23 23:30:30.733 [info] > git ls-files --stage -- /home/ec2-user/jenkins-first-webhook-project/hello-world.py [5ms]
2023-02-23 23:30:30.737 [info] > git cat-file -s 4bf77a3ff1abc10cb3579a9efe95a72108515754 [2ms]
2023-02-23 23:30:57.270 [info] > git show --textconv :hello-world.py [5ms]
2023-02-23 23:30:57.274 [info] > git ls-files --stage -- /home/ec2-user/jenkins-first-webhook-project/hello-world.py [5ms]
2023-02-23 23:30:57.278 [info] > git cat-file -s 4bf77a3ff1abc10cb3579a9efe95a72108515754 [1ms]
2023-02-23 23:31:38.445 [info] > git config --get commit.template [6ms]
2023-02-23 23:31:38.447 [info] > git for-each-ref --format=%(refname)%00%(upstream:short)%00%(objectname)%00%(upstream:track)%00%(upstream:remotename)%00%(upstream:remoteref) refs/heads/master refs/remotes/master [4ms]
2023-02-23 23:31:38.455 [info] > git status -z -uall [5ms]
2023-02-23 23:31:38.458 [info] > git for-each-ref --sort -committerdate --format %(refname) %(objectname) %(*objectname) [4ms]
2023-02-23 23:31:38.750 [info] > git ls-files --stage -- /home/ec2-user/jenkins-first-webhook-project/hello-world.py [2ms]
2023-02-23 23:31:38.754 [info] > git cat-file -s 4bf77a3ff1abc10cb3579a9efe95a72108515754 [2ms]
2023-02-23 23:31:38.983 [info] > git show --textconv :hello-world.py [3ms]
2023-02-23 23:32:22.004 [info] > git check-ignore -v -z --stdin [19ms]
2023-02-23 23:32:23.009 [info] > git config --get commit.template [14ms]
2023-02-23 23:32:23.049 [info] > git for-each-ref --format=%(refname)%00%(upstream:short)%00%(objectname)%00%(upstream:track)%00%(upstream:remotename)%00%(upstream:remoteref) refs/heads/master refs/remotes/master [42ms]
2023-02-23 23:32:23.101 [info] > git for-each-ref --sort -committerdate --format %(refname) %(objectname) %(*objectname) [39ms]
2023-02-23 23:32:23.137 [info] > git status -z -uall [80ms]
2023-02-23 23:32:27.277 [info] > git check-ignore -v -z --stdin [10ms]
2023-02-23 23:32:27.760 [info] > git ls-files --stage -- /home/ec2-user/jenkins-first-webhook-project/hello-world.py [5ms]
2023-02-23 23:32:27.953 [info] > git show --textconv :hello-world.py [6ms]
2023-02-23 23:32:28.349 [info] > git config --get commit.template [5ms]
2023-02-23 23:32:28.352 [info] > git for-each-ref --format=%(refname)%00%(upstream:short)%00%(objectname)%00%(upstream:track)%00%(upstream:remotename)%00%(upstream:remoteref) refs/heads/grsy refs/remotes/grsy [4ms]
2023-02-23 23:32:28.379 [info] > git for-each-ref --sort -committerdate --format %(refname) %(objectname) %(*objectname) [13ms]
2023-02-23 23:32:28.410 [info] > git status -z -uall [49ms]
2023-02-23 23:32:52.270 [info] > git config --get commit.template [5ms]
2023-02-23 23:32:52.272 [info] > git for-each-ref --format=%(refname)%00%(upstream:short)%00%(objectname)%00%(upstream:track)%00%(upstream:remotename)%00%(upstream:remoteref) refs/heads/grsy refs/remotes/grsy [3ms]
2023-02-23 23:32:52.291 [info] > git for-each-ref --sort -committerdate --format %(refname) %(objectname) %(*objectname) [12ms]
2023-02-23 23:32:52.311 [info] > git status -z -uall [36ms]
2023-02-23 23:32:52.572 [info] > git ls-files --stage -- /home/ec2-user/jenkins-first-webhook-project/hello-world.py [3ms]
2023-02-23 23:32:52.753 [info] > git show --textconv :hello-world.py [4ms]
2023-02-23 23:33:02.551 [info] > git config --get commit.template [9ms]
2023-02-23 23:33:02.553 [info] > git for-each-ref --format=%(refname)%00%(upstream:short)%00%(objectname)%00%(upstream:track)%00%(upstream:remotename)%00%(upstream:remoteref) refs/heads/grsy refs/remotes/grsy [7ms]
2023-02-23 23:33:02.572 [info] > git for-each-ref --sort -committerdate --format %(refname) %(objectname) %(*objectname) [11ms]
2023-02-23 23:33:02.595 [info] > git status -z -uall [39ms]
2023-02-23 23:33:14.072 [info] > git config --get commit.template [4ms]
2023-02-23 23:33:14.074 [info] > git for-each-ref --format=%(refname)%00%(upstream:short)%00%(objectname)%00%(upstream:track)%00%(upstream:remotename)%00%(upstream:remoteref) refs/heads/grsy refs/remotes/grsy [2ms]
2023-02-23 23:33:14.092 [info] > git for-each-ref --sort -committerdate --format %(refname) %(objectname) %(*objectname) [11ms]
2023-02-23 23:33:14.113 [info] > git status -z -uall [37ms]
2023-02-23 23:33:19.127 [info] > git config --get commit.template [6ms]
2023-02-23 23:33:19.129 [info] > git for-each-ref --format=%(refname)%00%(upstream:short)%00%(objectname)%00%(upstream:track)%00%(upstream:remotename)%00%(upstream:remoteref) refs/heads/grsy refs/remotes/grsy [3ms]
2023-02-23 23:33:19.148 [info] > git for-each-ref --sort -committerdate --format %(refname) %(objectname) %(*objectname) [8ms]
2023-02-23 23:33:19.167 [info] > git status -z -uall [36ms]
2023-02-23 23:33:24.178 [info] > git config --get commit.template [4ms]
2023-02-23 23:33:24.180 [info] > git for-each-ref --format=%(refname)%00%(upstream:short)%00%(objectname)%00%(upstream:track)%00%(upstream:remotename)%00%(upstream:remoteref) refs/heads/grsy refs/remotes/grsy [2ms]
2023-02-23 23:33:24.202 [info] > git for-each-ref --sort -committerdate --format %(refname) %(objectname) %(*objectname) [14ms]
2023-02-23 23:33:24.219 [info] > git status -z -uall [36ms]
2023-02-23 23:33:28.881 [info] > git fetch [223ms]
2023-02-23 23:33:28.889 [info] > git config --get commit.template [4ms]
2023-02-23 23:33:28.891 [info] > git for-each-ref --format=%(refname)%00%(upstream:short)%00%(objectname)%00%(upstream:track)%00%(upstream:remotename)%00%(upstream:remoteref) refs/heads/grsy refs/remotes/grsy [3ms]
2023-02-23 23:33:28.910 [info] > git for-each-ref --sort -committerdate --format %(refname) %(objectname) %(*objectname) [12ms]
2023-02-23 23:33:28.932 [info] > git status -z -uall [39ms]
2023-02-23 23:33:29.230 [info] > git config --get commit.template [4ms]
2023-02-23 23:33:29.232 [info] > git for-each-ref --format=%(refname)%00%(upstream:short)%00%(objectname)%00%(upstream:track)%00%(upstream:remotename)%00%(upstream:remoteref) refs/heads/grsy refs/remotes/grsy [2ms]
2023-02-23 23:33:29.251 [info] > git for-each-ref --sort -committerdate --format %(refname) %(objectname) %(*objectname) [12ms]
2023-02-23 23:33:29.270 [info] > git status -z -uall [35ms]
2023-02-23 23:33:30.540 [info] > git ls-files --stage -- /home/ec2-user/jenkins-first-webhook-project/hello-world.py [3ms]
2023-02-23 23:33:30.721 [info] > git show --textconv :hello-world.py [4ms]
2023-02-23 23:33:34.280 [info] > git config --get commit.template [4ms]
2023-02-23 23:33:34.283 [info] > git for-each-ref --format=%(refname)%00%(upstream:short)%00%(objectname)%00%(upstream:track)%00%(upstream:remotename)%00%(upstream:remoteref) refs/heads/grsy refs/remotes/grsy [2ms]
2023-02-23 23:33:34.308 [info] > git for-each-ref --sort -committerdate --format %(refname) %(objectname) %(*objectname) [15ms]
2023-02-23 23:33:34.324 [info] > git status -z -uall [36ms]
2023-02-23 23:33:45.732 [info] > git config --get commit.template [4ms]
2023-02-23 23:33:45.733 [info] > git for-each-ref --format=%(refname)%00%(upstream:short)%00%(objectname)%00%(upstream:track)%00%(upstream:remotename)%00%(upstream:remoteref) refs/heads/grsy refs/remotes/grsy [2ms]
2023-02-23 23:33:45.757 [info] > git for-each-ref --sort -committerdate --format %(refname) %(objectname) %(*objectname) [11ms]
2023-02-23 23:33:45.777 [info] > git status -z -uall [36ms]
2023-02-23 23:33:46.116 [info] > git ls-files --stage -- /home/ec2-user/jenkins-first-webhook-project/hello-world.py [10ms]
2023-02-23 23:33:46.314 [info] > git show --textconv :hello-world.py [3ms]
2023-02-23 23:36:20.235 [info] > git add -A -- . [38ms]
2023-02-23 23:36:20.260 [info] > git -c user.useConfigOnly=true commit --quiet --allow-empty-message --file - [21ms]
2023-02-23 23:36:20.265 [info] > git config --get commit.template [1ms]
2023-02-23 23:36:20.273 [info] > git config --get commit.template [4ms]
2023-02-23 23:36:20.277 [info] > git for-each-ref --format=%(refname)%00%(upstream:short)%00%(objectname)%00%(upstream:track)%00%(upstream:remotename)%00%(upstream:remoteref) refs/heads/grsy refs/remotes/grsy [4ms]
2023-02-23 23:36:20.296 [info] > git for-each-ref --sort -committerdate --format %(refname) %(objectname) %(*objectname) [11ms]
2023-02-23 23:36:20.313 [info] > git status -z -uall [33ms]
2023-02-23 23:36:20.553 [info] > git config --get commit.template [5ms]
2023-02-23 23:36:20.555 [info] > git for-each-ref --format=%(refname)%00%(upstream:short)%00%(objectname)%00%(upstream:track)%00%(upstream:remotename)%00%(upstream:remoteref) refs/heads/grsy refs/remotes/grsy [3ms]
2023-02-23 23:36:20.579 [info] > git for-each-ref --sort -committerdate --format %(refname) %(objectname) %(*objectname) [16ms]
2023-02-23 23:36:20.593 [info] > git status -z -uall [36ms]
2023-02-23 23:36:21.870 [info] > git ls-files --stage -- /home/ec2-user/jenkins-first-webhook-project/hello-world.py [9ms]
2023-02-23 23:36:21.875 [info] > git log --oneline --cherry grsy...grsy@{upstream} -- [6ms]
2023-02-23 23:36:21.881 [info] > git cat-file -s 0de45e2c5be0b7be9b36ef600a56a35b9891cb41 [8ms]
2023-02-23 23:36:22.074 [info] > git pull --tags origin grsy [195ms]
2023-02-23 23:36:22.074 [info] From https://github.com/grsy-ulucam/jenkins-first-webhook-project
 * branch            grsy       -> FETCH_HEAD
2023-02-23 23:36:22.080 [info] > git show --textconv :hello-world.py [6ms]
2023-02-23 23:36:23.371 [info] > git push origin grsy:grsy [1292ms]
2023-02-23 23:36:23.371 [info] To https://github.com/grsy-ulucam/jenkins-first-webhook-project.git
   e8090db..e37bc79  grsy -> grsy
2023-02-23 23:36:23.379 [info] > git config --get commit.template [4ms]
2023-02-23 23:36:23.381 [info] > git for-each-ref --format=%(refname)%00%(upstream:short)%00%(objectname)%00%(upstream:track)%00%(upstream:remotename)%00%(upstream:remoteref) refs/heads/grsy refs/remotes/grsy [3ms]
2023-02-23 23:36:23.400 [info] > git for-each-ref --sort -committerdate --format %(refname) %(objectname) %(*objectname) [12ms]
2023-02-23 23:36:23.415 [info] > git status -z -uall [32ms]
2023-02-23 23:36:23.649 [info] > git ls-files --stage -- /home/ec2-user/jenkins-first-webhook-project/hello-world.py [3ms]
2023-02-23 23:36:23.653 [info] > git cat-file -s 0de45e2c5be0b7be9b36ef600a56a35b9891cb41 [1ms]
2023-02-23 23:36:23.835 [info] > git show --textconv :hello-world.py [3ms]
2023-02-23 23:36:24.735 [info] > git config --get commit.template [6ms]
2023-02-23 23:36:24.737 [info] > git for-each-ref --format=%(refname)%00%(upstream:short)%00%(objectname)%00%(upstream:track)%00%(upstream:remotename)%00%(upstream:remoteref) refs/heads/grsy refs/remotes/grsy [3ms]
2023-02-23 23:36:24.756 [info] > git for-each-ref --sort -committerdate --format %(refname) %(objectname) %(*objectname) [11ms]
2023-02-23 23:36:24.771 [info] > git status -z -uall [32ms]
2023-02-23 23:36:25.006 [info] > git ls-files --stage -- /home/ec2-user/jenkins-first-webhook-project/hello-world.py [4ms]
2023-02-23 23:36:25.010 [info] > git cat-file -s 0de45e2c5be0b7be9b36ef600a56a35b9891cb41 [2ms]
2023-02-23 23:36:25.187 [info] > git show --textconv :hello-world.py [5ms]
2023-02-23 23:36:29.131 [info] > git fetch [192ms]
2023-02-23 23:36:29.139 [info] > git config --get commit.template [4ms]
2023-02-23 23:36:29.141 [info] > git for-each-ref --format=%(refname)%00%(upstream:short)%00%(objectname)%00%(upstream:track)%00%(upstream:remotename)%00%(upstream:remoteref) refs/heads/grsy refs/remotes/grsy [3ms]
2023-02-23 23:36:29.160 [info] > git for-each-ref --sort -committerdate --format %(refname) %(objectname) %(*objectname) [11ms]
2023-02-23 23:36:29.175 [info] > git status -z -uall [32ms]
2023-02-23 23:36:30.434 [info] > git config --get commit.template [4ms]
2023-02-23 23:36:30.436 [info] > git for-each-ref --format=%(refname)%00%(upstream:short)%00%(objectname)%00%(upstream:track)%00%(upstream:remotename)%00%(upstream:remoteref) refs/heads/grsy refs/remotes/grsy [5ms]
2023-02-23 23:36:30.455 [info] > git for-each-ref --sort -committerdate --format %(refname) %(objectname) %(*objectname) [12ms]
2023-02-23 23:36:30.470 [info] > git status -z -uall [32ms]
2023-02-23 23:36:30.934 [info] > git ls-files --stage -- /home/ec2-user/jenkins-first-webhook-project/hello-world.py [3ms]
2023-02-23 23:36:30.938 [info] > git cat-file -s 0de45e2c5be0b7be9b36ef600a56a35b9891cb41 [2ms]
2023-02-23 23:36:31.143 [info] > git show --textconv :hello-world.py [4ms]
2023-02-23 23:39:29.331 [info] > git fetch [149ms]
2023-02-23 23:39:29.338 [info] > git config --get commit.template [3ms]
2023-02-23 23:39:29.340 [info] > git for-each-ref --format=%(refname)%00%(upstream:short)%00%(objectname)%00%(upstream:track)%00%(upstream:remotename)%00%(upstream:remoteref) refs/heads/grsy refs/remotes/grsy [2ms]
2023-02-23 23:39:29.357 [info] > git for-each-ref --sort -committerdate --format %(refname) %(objectname) %(*objectname) [10ms]
2023-02-23 23:39:29.376 [info] > git status -z -uall [34ms]
2023-02-23 23:39:30.636 [info] > git config --get commit.template [4ms]
2023-02-23 23:39:30.638 [info] > git for-each-ref --format=%(refname)%00%(upstream:short)%00%(objectname)%00%(upstream:track)%00%(upstream:remotename)%00%(upstream:remoteref) refs/heads/grsy refs/remotes/grsy [2ms]
2023-02-23 23:39:30.656 [info] > git for-each-ref --sort -committerdate --format %(refname) %(objectname) %(*objectname) [12ms]
2023-02-23 23:39:30.672 [info] > git status -z -uall [32ms]
2023-02-23 23:39:30.904 [info] > git ls-files --stage -- /home/ec2-user/jenkins-first-webhook-project/hello-world.py [4ms]
2023-02-23 23:39:30.908 [info] > git cat-file -s 0de45e2c5be0b7be9b36ef600a56a35b9891cb41 [2ms]
2023-02-23 23:39:31.085 [info] > git show --textconv :hello-world.py [3ms]
2023-02-23 23:39:35.683 [info] > git config --get commit.template [5ms]
2023-02-23 23:39:35.685 [info] > git for-each-ref --format=%(refname)%00%(upstream:short)%00%(objectname)%00%(upstream:track)%00%(upstream:remotename)%00%(upstream:remoteref) refs/heads/grsy refs/remotes/grsy [3ms]
2023-02-23 23:39:35.704 [info] > git for-each-ref --sort -committerdate --format %(refname) %(objectname) %(*objectname) [12ms]
2023-02-23 23:39:35.720 [info] > git status -z -uall [33ms]
2023-02-23 23:39:40.733 [info] > git config --get commit.template [6ms]
2023-02-23 23:39:40.735 [info] > git for-each-ref --format=%(refname)%00%(upstream:short)%00%(objectname)%00%(upstream:track)%00%(upstream:remotename)%00%(upstream:remoteref) refs/heads/grsy refs/remotes/grsy [3ms]
2023-02-23 23:39:40.754 [info] > git for-each-ref --sort -committerdate --format %(refname) %(objectname) %(*objectname) [12ms]
2023-02-23 23:39:40.770 [info] > git status -z -uall [33ms]
2023-02-23 23:39:44.474 [info] > git add -A -- . [31ms]
2023-02-23 23:39:45.543 [info] > git show --textconv :.git/COMMIT_EDITMSG [7ms]
2023-02-23 23:39:45.548 [info] > git ls-files --stage -- /home/ec2-user/jenkins-first-webhook-project/.git/COMMIT_EDITMSG [6ms]
2023-02-23 23:39:45.703 [info] > git check-ignore -v -z --stdin [4ms]
2023-02-23 23:39:46.087 [info] > git ls-files --stage -- /home/ec2-user/jenkins-first-webhook-project/hello-world.py [7ms]
2023-02-23 23:39:46.091 [info] > git ls-files --stage -- /home/ec2-user/jenkins-first-webhook-project/.git/COMMIT_EDITMSG [7ms]
2023-02-23 23:39:46.096 [info] > git cat-file -s 9a4910f5cdaf069091a85ef00b52bd853748a981 [6ms]
2023-02-23 23:39:46.266 [info] > git show --textconv :.git/COMMIT_EDITMSG [4ms]
2023-02-23 23:39:46.274 [info] > git show --textconv :hello-world.py [4ms]
2023-02-23 23:39:47.299 [info] > git -c user.useConfigOnly=true commit --quiet [2822ms]
2023-02-23 23:39:47.299 [info] Aborting commit due to empty commit message.
2023-02-23 23:39:47.308 [info] > git config --get commit.template [4ms]
2023-02-23 23:39:47.312 [info] > git for-each-ref --format=%(refname)%00%(upstream:short)%00%(objectname)%00%(upstream:track)%00%(upstream:remotename)%00%(upstream:remoteref) refs/heads/grsy refs/remotes/grsy [4ms]
2023-02-23 23:39:47.330 [info] > git for-each-ref --sort -committerdate --format %(refname) %(objectname) %(*objectname) [11ms]
2023-02-23 23:39:47.346 [info] > git status -z -uall [32ms]
2023-02-23 23:39:47.359 [info] > git config --get commit.template [4ms]
2023-02-23 23:39:47.360 [info] > git for-each-ref --format=%(refname)%00%(upstream:short)%00%(objectname)%00%(upstream:track)%00%(upstream:remotename)%00%(upstream:remoteref) refs/heads/grsy refs/remotes/grsy [3ms]
2023-02-23 23:39:47.379 [info] > git for-each-ref --sort -committerdate --format %(refname) %(objectname) %(*objectname) [12ms]
2023-02-23 23:39:47.394 [info] > git status -z -uall [31ms]
2023-02-23 23:39:51.459 [info] > git -c user.useConfigOnly=true commit --quiet --allow-empty-message --file - [17ms]
2023-02-23 23:39:51.464 [info] > git config --get commit.template [2ms]
2023-02-23 23:39:51.472 [info] > git config --get commit.template [4ms]
2023-02-23 23:39:51.474 [info] > git for-each-ref --format=%(refname)%00%(upstream:short)%00%(objectname)%00%(upstream:track)%00%(upstream:remotename)%00%(upstream:remoteref) refs/heads/grsy refs/remotes/grsy [3ms]
2023-02-23 23:39:51.499 [info] > git for-each-ref --sort -committerdate --format %(refname) %(objectname) %(*objectname) [18ms]
2023-02-23 23:39:51.511 [info] > git status -z -uall [35ms]
2023-02-23 23:39:51.751 [info] > git config --get commit.template [5ms]
2023-02-23 23:39:51.753 [info] > git for-each-ref --format=%(refname)%00%(upstream:short)%00%(objectname)%00%(upstream:track)%00%(upstream:remotename)%00%(upstream:remoteref) refs/heads/grsy refs/remotes/grsy [3ms]
2023-02-23 23:39:51.772 [info] > git for-each-ref --sort -committerdate --format %(refname) %(objectname) %(*objectname) [11ms]
2023-02-23 23:39:51.788 [info] > git status -z -uall [31ms]
2023-02-23 23:39:53.023 [info] > git ls-files --stage -- /home/ec2-user/jenkins-first-webhook-project/hello-world.py [3ms]
2023-02-23 23:39:53.028 [info] > git cat-file -s 9a4910f5cdaf069091a85ef00b52bd853748a981 [1ms]
2023-02-23 23:39:53.216 [info] > git show --textconv :hello-world.py [4ms]
2023-02-23 23:39:53.456 [info] > git log --oneline --cherry grsy...grsy@{upstream} -- [14ms]
2023-02-23 23:39:53.664 [info] > git pull --tags origin grsy [205ms]
2023-02-23 23:39:53.664 [info] From https://github.com/grsy-ulucam/jenkins-first-webhook-project
 * branch            grsy       -> FETCH_HEAD
2023-02-23 23:39:54.950 [info] > git push origin grsy:grsy [1283ms]
2023-02-23 23:39:54.950 [info] To https://github.com/grsy-ulucam/jenkins-first-webhook-project.git
   e37bc79..985c816  grsy -> grsy
2023-02-23 23:39:54.958 [info] > git config --get commit.template [3ms]
2023-02-23 23:39:54.959 [info] > git for-each-ref --format=%(refname)%00%(upstream:short)%00%(objectname)%00%(upstream:track)%00%(upstream:remotename)%00%(upstream:remoteref) refs/heads/grsy refs/remotes/grsy [2ms]
2023-02-23 23:39:54.978 [info] > git for-each-ref --sort -committerdate --format %(refname) %(objectname) %(*objectname) [12ms]
2023-02-23 23:39:54.993 [info] > git status -z -uall [32ms]
2023-02-23 23:39:55.247 [info] > git ls-files --stage -- /home/ec2-user/jenkins-first-webhook-project/hello-world.py [3ms]
2023-02-23 23:39:55.251 [info] > git cat-file -s 9a4910f5cdaf069091a85ef00b52bd853748a981 [1ms]
2023-02-23 23:39:55.437 [info] > git show --textconv :hello-world.py [3ms]
2023-02-23 23:39:56.303 [info] > git config --get commit.template [5ms]
2023-02-23 23:39:56.304 [info] > git for-each-ref --format=%(refname)%00%(upstream:short)%00%(objectname)%00%(upstream:track)%00%(upstream:remotename)%00%(upstream:remoteref) refs/heads/grsy refs/remotes/grsy [2ms]
2023-02-23 23:39:56.323 [info] > git for-each-ref --sort -committerdate --format %(refname) %(objectname) %(*objectname) [11ms]
2023-02-23 23:39:56.338 [info] > git status -z -uall [31ms]
2023-02-23 23:39:56.574 [info] > git ls-files --stage -- /home/ec2-user/jenkins-first-webhook-project/hello-world.py [3ms]
2023-02-23 23:39:56.577 [info] > git cat-file -s 9a4910f5cdaf069091a85ef00b52bd853748a981 [1ms]
2023-02-23 23:39:56.757 [info] > git show --textconv :hello-world.py [4ms]
2023-02-23 23:40:16.945 [info] > git config --get commit.template [5ms]
2023-02-23 23:40:16.946 [info] > git for-each-ref --format=%(refname)%00%(upstream:short)%00%(objectname)%00%(upstream:track)%00%(upstream:remotename)%00%(upstream:remoteref) refs/heads/grsy refs/remotes/grsy [2ms]
2023-02-23 23:40:16.966 [info] > git for-each-ref --sort -committerdate --format %(refname) %(objectname) %(*objectname) [12ms]
2023-02-23 23:40:16.981 [info] > git status -z -uall [32ms]
2023-02-23 23:40:17.213 [info] > git ls-files --stage -- /home/ec2-user/jenkins-first-webhook-project/hello-world.py [3ms]
2023-02-23 23:40:17.217 [info] > git cat-file -s 9a4910f5cdaf069091a85ef00b52bd853748a981 [2ms]
2023-02-23 23:40:17.404 [info] > git show --textconv :hello-world.py [4ms]
2023-02-23 23:40:40.101 [info] > git config --get commit.template [4ms]
2023-02-23 23:40:40.103 [info] > git for-each-ref --format=%(refname)%00%(upstream:short)%00%(objectname)%00%(upstream:track)%00%(upstream:remotename)%00%(upstream:remoteref) refs/heads/grsy refs/remotes/grsy [2ms]
2023-02-23 23:40:40.122 [info] > git for-each-ref --sort -committerdate --format %(refname) %(objectname) %(*objectname) [12ms]
2023-02-23 23:40:40.138 [info] > git status -z -uall [33ms]
2023-02-23 23:40:40.374 [info] > git ls-files --stage -- /home/ec2-user/jenkins-first-webhook-project/hello-world.py [3ms]
2023-02-23 23:40:40.378 [info] > git cat-file -s 9a4910f5cdaf069091a85ef00b52bd853748a981 [2ms]
2023-02-23 23:40:40.566 [info] > git show --textconv :hello-world.py [3ms]
2023-02-23 23:44:42.412 [info] > git fetch [175ms]
2023-02-23 23:44:42.419 [info] > git config --get commit.template [4ms]
2023-02-23 23:44:42.421 [info] > git for-each-ref --format=%(refname)%00%(upstream:short)%00%(objectname)%00%(upstream:track)%00%(upstream:remotename)%00%(upstream:remoteref) refs/heads/grsy refs/remotes/grsy [2ms]
2023-02-23 23:44:42.440 [info] > git for-each-ref --sort -committerdate --format %(refname) %(objectname) %(*objectname) [12ms]
2023-02-23 23:44:42.455 [info] > git status -z -uall [32ms]
2023-02-23 23:44:43.722 [info] > git config --get commit.template [5ms]
2023-02-23 23:44:43.723 [info] > git for-each-ref --format=%(refname)%00%(upstream:short)%00%(objectname)%00%(upstream:track)%00%(upstream:remotename)%00%(upstream:remoteref) refs/heads/grsy refs/remotes/grsy [2ms]
2023-02-23 23:44:43.742 [info] > git for-each-ref --sort -committerdate --format %(refname) %(objectname) %(*objectname) [11ms]
2023-02-23 23:44:43.758 [info] > git status -z -uall [32ms]
2023-02-23 23:44:43.992 [info] > git ls-files --stage -- /home/ec2-user/jenkins-first-webhook-project/hello-world.py [4ms]
2023-02-23 23:44:43.996 [info] > git cat-file -s 9a4910f5cdaf069091a85ef00b52bd853748a981 [2ms]
2023-02-23 23:44:44.180 [info] > git show --textconv :hello-world.py [4ms]
