2023-02-22 12:54:24.003 [info] Extension host with pid 8665 started
2023-02-22 12:54:24.018 [info] Lock '/home/ec2-user/.vscode-server/data/User/workspaceStorage/c0e677e60508782df291070038714f0e/vscode.lock': Lock acquired.
2023-02-22 12:54:24.269 [info] ExtensionService#_doActivateExtension vscode.git-base, startup: true, activationEvent: '*'
2023-02-22 12:54:24.481 [info] ExtensionService#_doActivateExtension vscode.github, startup: true, activationEvent: '*'
2023-02-22 12:54:24.679 [info] ExtensionService#_doActivateExtension vscode.debug-auto-launch, startup: false, activationEvent: 'onStartupFinished'
2023-02-22 12:54:24.679 [info] ExtensionService#_doActivateExtension vscode.emmet, startup: false, activationEvent: 'onStartupFinished'
2023-02-22 12:54:24.680 [info] ExtensionService#_doActivateExtension vscode.merge-conflict, startup: false, activationEvent: 'onStartupFinished'
2023-02-22 12:54:24.680 [info] Eager extensions activated
2023-02-22 12:54:26.325 [info] ExtensionService#_doActivateExtension vscode.git, startup: false, activationEvent: 'api', root cause: vscode.github
2023-02-22 13:11:08.986 [info] ExtensionService#_doActivateExtension vscode.extension-editing, startup: false, activationEvent: 'onLanguage:markdown'
2023-02-22 13:11:08.988 [info] ExtensionService#_doActivateExtension vscode.markdown-language-features, startup: false, activationEvent: 'onLanguage:markdown'
2023-02-22 13:11:10.232 [info] ExtensionService#_doActivateExtension vscode.markdown-math, startup: false, activationEvent: 'api', root cause: vscode.markdown-language-features
2023-02-22 13:23:23.305 [warning] [Decorations] CAPPING events from decorations provider vscode.git 1809
2023-02-22 13:23:27.333 [warning] [Decorations] CAPPING events from decorations provider vscode.git 1809
2023-02-22 13:23:32.464 [warning] [Decorations] CAPPING events from decorations provider vscode.git 1809
2023-02-22 13:23:37.576 [warning] [Decorations] CAPPING events from decorations provider vscode.git 1811
2023-02-22 13:23:42.658 [warning] [Decorations] CAPPING events from decorations provider vscode.git 1811
2023-02-22 13:23:47.750 [warning] [Decorations] CAPPING events from decorations provider vscode.git 1811
2023-02-22 13:23:52.835 [warning] [Decorations] CAPPING events from decorations provider vscode.git 1811
2023-02-22 13:23:57.916 [warning] [Decorations] CAPPING events from decorations provider vscode.git 1811
2023-02-22 13:24:13.496 [warning] [Decorations] CAPPING events from decorations provider vscode.git 1811
2023-02-22 13:24:18.584 [warning] [Decorations] CAPPING events from decorations provider vscode.git 1811
2023-02-22 13:24:23.684 [warning] [Decorations] CAPPING events from decorations provider vscode.git 1811
2023-02-22 13:24:28.757 [warning] [Decorations] CAPPING events from decorations provider vscode.git 1811
2023-02-22 13:24:34.599 [warning] [Decorations] CAPPING events from decorations provider vscode.git 1811
2023-02-22 13:24:39.675 [warning] [Decorations] CAPPING events from decorations provider vscode.git 1811
2023-02-22 13:24:44.759 [warning] [Decorations] CAPPING events from decorations provider vscode.git 1811
2023-02-22 13:24:49.833 [warning] [Decorations] CAPPING events from decorations provider vscode.git 1811
2023-02-22 13:24:54.920 [warning] [Decorations] CAPPING events from decorations provider vscode.git 1811
2023-02-22 13:24:59.991 [warning] [Decorations] CAPPING events from decorations provider vscode.git 1811
2023-02-22 13:25:05.076 [warning] [Decorations] CAPPING events from decorations provider vscode.git 1811
2023-02-22 13:25:10.151 [warning] [Decorations] CAPPING events from decorations provider vscode.git 1811
2023-02-22 13:25:15.247 [warning] [Decorations] CAPPING events from decorations provider vscode.git 1811
2023-02-22 13:25:20.327 [warning] [Decorations] CAPPING events from decorations provider vscode.git 1811
2023-02-22 13:25:25.420 [warning] [Decorations] CAPPING events from decorations provider vscode.git 1811
2023-02-22 13:25:30.516 [warning] [Decorations] CAPPING events from decorations provider vscode.git 1811
2023-02-22 13:25:35.599 [warning] [Decorations] CAPPING events from decorations provider vscode.git 1811
2023-02-22 13:25:40.674 [warning] [Decorations] CAPPING events from decorations provider vscode.git 1811
2023-02-22 13:25:48.882 [warning] [Decorations] CAPPING events from decorations provider vscode.git 1811
2023-02-22 13:25:53.955 [warning] [Decorations] CAPPING events from decorations provider vscode.git 1811
2023-02-22 13:25:59.040 [warning] [Decorations] CAPPING events from decorations provider vscode.git 1811
2023-02-22 13:26:04.112 [warning] [Decorations] CAPPING events from decorations provider vscode.git 1811
2023-02-22 13:26:09.197 [warning] [Decorations] CAPPING events from decorations provider vscode.git 1811
2023-02-22 13:26:14.269 [warning] [Decorations] CAPPING events from decorations provider vscode.git 1811
2023-02-22 13:26:19.914 [warning] [Decorations] CAPPING events from decorations provider vscode.git 1811
2023-02-22 13:26:24.986 [warning] [Decorations] CAPPING events from decorations provider vscode.git 1811
2023-02-22 13:26:31.925 [warning] [Decorations] CAPPING events from decorations provider vscode.git 1811
2023-02-22 13:26:37.005 [warning] [Decorations] CAPPING events from decorations provider vscode.git 1811
2023-02-22 13:26:42.095 [warning] [Decorations] CAPPING events from decorations provider vscode.git 1811
2023-02-22 13:26:47.184 [warning] [Decorations] CAPPING events from decorations provider vscode.git 1811
2023-02-22 13:26:52.261 [warning] [Decorations] CAPPING events from decorations provider vscode.git 1811
2023-02-22 13:27:06.392 [warning] [Decorations] CAPPING events from decorations provider vscode.git 1811
2023-02-22 13:27:12.124 [warning] [Decorations] CAPPING events from decorations provider vscode.git 1811
2023-02-22 13:27:17.217 [warning] [Decorations] CAPPING events from decorations provider vscode.git 1811
2023-02-22 13:27:34.689 [warning] [Decorations] CAPPING events from decorations provider vscode.git 1811
2023-02-22 13:27:39.801 [warning] [Decorations] CAPPING events from decorations provider vscode.git 1811
2023-02-22 13:27:44.879 [warning] [Decorations] CAPPING events from decorations provider vscode.git 1811
2023-02-22 13:27:49.960 [warning] [Decorations] CAPPING events from decorations provider vscode.git 1811
2023-02-22 13:27:55.049 [warning] [Decorations] CAPPING events from decorations provider vscode.git 1811
2023-02-22 13:28:00.139 [warning] [Decorations] CAPPING events from decorations provider vscode.git 1811
2023-02-22 13:28:06.193 [warning] [Decorations] CAPPING events from decorations provider vscode.git 1811
2023-02-22 13:28:09.853 [error] {"message":"Git error","stdout":"","stderr":"fatal: Pathspec '/home/ec2-user/Jenkins-SDET-repo/hello-app' is in submodule 'Jenkins-SDET-repo'\n","exitCode":128,"gitErrorCode":"IsInSubmodule"}
2023-02-22 13:28:09.854 [error] {"message":"Git error","stdout":"","stderr":"fatal: Pathspec '/home/ec2-user/Jenkins-SDET-repo/hello-app' is in submodule 'Jenkins-SDET-repo'\n","exitCode":128,"gitErrorCode":"IsInSubmodule"}
2023-02-22 13:28:09.854 [error] {"message":"Git error","stdout":"","stderr":"fatal: Pathspec '/home/ec2-user/Jenkins-SDET-repo/hello-app' is in submodule 'Jenkins-SDET-repo'\n","exitCode":128,"gitErrorCode":"IsInSubmodule"}
2023-02-22 13:28:09.854 [error] {"message":"Git error","stdout":"","stderr":"fatal: Pathspec '/home/ec2-user/Jenkins-SDET-repo/hello-app' is in submodule 'Jenkins-SDET-repo'\n","exitCode":128,"gitErrorCode":"IsInSubmodule"}
2023-02-22 13:28:09.854 [error] {"message":"Git error","stdout":"","stderr":"fatal: Pathspec '/home/ec2-user/Jenkins-SDET-repo/hello-app' is in submodule 'Jenkins-SDET-repo'\n","exitCode":128,"gitErrorCode":"IsInSubmodule"}
2023-02-22 13:28:09.854 [error] {"message":"Git error","stdout":"","stderr":"fatal: Pathspec '/home/ec2-user/Jenkins-SDET-repo/hello-app' is in submodule 'Jenkins-SDET-repo'\n","exitCode":128,"gitErrorCode":"IsInSubmodule"}
2023-02-22 13:28:09.854 [error] {"message":"Git error","stdout":"","stderr":"fatal: Pathspec '/home/ec2-user/Jenkins-SDET-repo/hello-app' is in submodule 'Jenkins-SDET-repo'\n","exitCode":128,"gitErrorCode":"IsInSubmodule"}
2023-02-22 13:28:09.854 [error] {"message":"Git error","stdout":"","stderr":"fatal: Pathspec '/home/ec2-user/Jenkins-SDET-repo/hello-app' is in submodule 'Jenkins-SDET-repo'\n","exitCode":128,"gitErrorCode":"IsInSubmodule"}
2023-02-22 13:28:09.854 [error] {"message":"Git error","stdout":"","stderr":"fatal: Pathspec '/home/ec2-user/Jenkins-SDET-repo/hello-app' is in submodule 'Jenkins-SDET-repo'\n","exitCode":128,"gitErrorCode":"IsInSubmodule"}
2023-02-22 13:28:09.854 [error] {"message":"Git error","stdout":"","stderr":"fatal: Pathspec '/home/ec2-user/Jenkins-SDET-repo/hello-app' is in submodule 'Jenkins-SDET-repo'\n","exitCode":128,"gitErrorCode":"IsInSubmodule"}
2023-02-22 13:28:09.854 [error] {"message":"Git error","stdout":"","stderr":"fatal: Pathspec '/home/ec2-user/Jenkins-SDET-repo/hello-app' is in submodule 'Jenkins-SDET-repo'\n","exitCode":128,"gitErrorCode":"IsInSubmodule"}
2023-02-22 13:28:09.854 [error] {"message":"Git error","stdout":"","stderr":"fatal: Pathspec '/home/ec2-user/Jenkins-SDET-repo/hello-app' is in submodule 'Jenkins-SDET-repo'\n","exitCode":128,"gitErrorCode":"IsInSubmodule"}
2023-02-22 13:28:09.854 [error] {"message":"Git error","stdout":"","stderr":"fatal: Pathspec '/home/ec2-user/Jenkins-SDET-repo/hello-app' is in submodule 'Jenkins-SDET-repo'\n","exitCode":128,"gitErrorCode":"IsInSubmodule"}
2023-02-22 13:28:09.854 [error] {"message":"Git error","stdout":"","stderr":"fatal: Pathspec '/home/ec2-user/Jenkins-SDET-repo/hello-app' is in submodule 'Jenkins-SDET-repo'\n","exitCode":128,"gitErrorCode":"IsInSubmodule"}
2023-02-22 13:28:10.856 [error] {"message":"Git error","stdout":"","stderr":"fatal: Pathspec '/home/ec2-user/Jenkins-SDET-repo/hello-app' is in submodule 'Jenkins-SDET-repo'\n","exitCode":128,"gitErrorCode":"IsInSubmodule"}
2023-02-22 13:28:10.857 [error] {"message":"Git error","stdout":"","stderr":"fatal: Pathspec '/home/ec2-user/Jenkins-SDET-repo/hello-app' is in submodule 'Jenkins-SDET-repo'\n","exitCode":128,"gitErrorCode":"IsInSubmodule"}
2023-02-22 13:28:10.857 [error] {"message":"Git error","stdout":"","stderr":"fatal: Pathspec '/home/ec2-user/Jenkins-SDET-repo/hello-app' is in submodule 'Jenkins-SDET-repo'\n","exitCode":128,"gitErrorCode":"IsInSubmodule"}
2023-02-22 13:28:10.857 [error] {"message":"Git error","stdout":"","stderr":"fatal: Pathspec '/home/ec2-user/Jenkins-SDET-repo/hello-app' is in submodule 'Jenkins-SDET-repo'\n","exitCode":128,"gitErrorCode":"IsInSubmodule"}
2023-02-22 13:28:10.857 [error] {"message":"Git error","stdout":"","stderr":"fatal: Pathspec '/home/ec2-user/Jenkins-SDET-repo/hello-app' is in submodule 'Jenkins-SDET-repo'\n","exitCode":128,"gitErrorCode":"IsInSubmodule"}
2023-02-22 13:28:10.857 [error] {"message":"Git error","stdout":"","stderr":"fatal: Pathspec '/home/ec2-user/Jenkins-SDET-repo/hello-app' is in submodule 'Jenkins-SDET-repo'\n","exitCode":128,"gitErrorCode":"IsInSubmodule"}
2023-02-22 13:28:10.858 [error] {"message":"Git error","stdout":"","stderr":"fatal: Pathspec '/home/ec2-user/Jenkins-SDET-repo/hello-app' is in submodule 'Jenkins-SDET-repo'\n","exitCode":128,"gitErrorCode":"IsInSubmodule"}
2023-02-22 13:28:10.858 [error] {"message":"Git error","stdout":"","stderr":"fatal: Pathspec '/home/ec2-user/Jenkins-SDET-repo/hello-app' is in submodule 'Jenkins-SDET-repo'\n","exitCode":128,"gitErrorCode":"IsInSubmodule"}
2023-02-22 13:28:10.858 [error] {"message":"Git error","stdout":"","stderr":"fatal: Pathspec '/home/ec2-user/Jenkins-SDET-repo/hello-app' is in submodule 'Jenkins-SDET-repo'\n","exitCode":128,"gitErrorCode":"IsInSubmodule"}
2023-02-22 13:28:10.858 [error] {"message":"Git error","stdout":"","stderr":"fatal: Pathspec '/home/ec2-user/Jenkins-SDET-repo/hello-app' is in submodule 'Jenkins-SDET-repo'\n","exitCode":128,"gitErrorCode":"IsInSubmodule"}
2023-02-22 13:28:10.858 [error] {"message":"Git error","stdout":"","stderr":"fatal: Pathspec '/home/ec2-user/Jenkins-SDET-repo/hello-app' is in submodule 'Jenkins-SDET-repo'\n","exitCode":128,"gitErrorCode":"IsInSubmodule"}
2023-02-22 13:28:10.859 [error] {"message":"Git error","stdout":"","stderr":"fatal: Pathspec '/home/ec2-user/Jenkins-SDET-repo/hello-app' is in submodule 'Jenkins-SDET-repo'\n","exitCode":128,"gitErrorCode":"IsInSubmodule"}
2023-02-22 13:28:10.859 [error] {"message":"Git error","stdout":"","stderr":"fatal: Pathspec '/home/ec2-user/Jenkins-SDET-repo/hello-app' is in submodule 'Jenkins-SDET-repo'\n","exitCode":128,"gitErrorCode":"IsInSubmodule"}
2023-02-22 13:28:10.859 [error] {"message":"Git error","stdout":"","stderr":"fatal: Pathspec '/home/ec2-user/Jenkins-SDET-repo/hello-app' is in submodule 'Jenkins-SDET-repo'\n","exitCode":128,"gitErrorCode":"IsInSubmodule"}
2023-02-22 13:28:13.843 [warning] [Decorations] CAPPING events from decorations provider vscode.git 1811
2023-02-22 13:28:17.345 [error] {"message":"Git error","stdout":"","stderr":"fatal: Pathspec '/home/ec2-user/Jenkins-SDET-repo/hello-app' is in submodule 'Jenkins-SDET-repo'\n","exitCode":128,"gitErrorCode":"IsInSubmodule"}
2023-02-22 13:28:17.345 [error] {"message":"Git error","stdout":"","stderr":"fatal: Pathspec '/home/ec2-user/Jenkins-SDET-repo/hello-app' is in submodule 'Jenkins-SDET-repo'\n","exitCode":128,"gitErrorCode":"IsInSubmodule"}
2023-02-22 13:28:17.345 [error] {"message":"Git error","stdout":"","stderr":"fatal: Pathspec '/home/ec2-user/Jenkins-SDET-repo/hello-app' is in submodule 'Jenkins-SDET-repo'\n","exitCode":128,"gitErrorCode":"IsInSubmodule"}
2023-02-22 13:28:17.345 [error] {"message":"Git error","stdout":"","stderr":"fatal: Pathspec '/home/ec2-user/Jenkins-SDET-repo/hello-app' is in submodule 'Jenkins-SDET-repo'\n","exitCode":128,"gitErrorCode":"IsInSubmodule"}
2023-02-22 13:28:17.345 [error] {"message":"Git error","stdout":"","stderr":"fatal: Pathspec '/home/ec2-user/Jenkins-SDET-repo/hello-app' is in submodule 'Jenkins-SDET-repo'\n","exitCode":128,"gitErrorCode":"IsInSubmodule"}
2023-02-22 13:28:17.345 [error] {"message":"Git error","stdout":"","stderr":"fatal: Pathspec '/home/ec2-user/Jenkins-SDET-repo/hello-app' is in submodule 'Jenkins-SDET-repo'\n","exitCode":128,"gitErrorCode":"IsInSubmodule"}
2023-02-22 13:28:17.345 [error] {"message":"Git error","stdout":"","stderr":"fatal: Pathspec '/home/ec2-user/Jenkins-SDET-repo/hello-app' is in submodule 'Jenkins-SDET-repo'\n","exitCode":128,"gitErrorCode":"IsInSubmodule"}
2023-02-22 13:28:17.345 [error] {"message":"Git error","stdout":"","stderr":"fatal: Pathspec '/home/ec2-user/Jenkins-SDET-repo/hello-app' is in submodule 'Jenkins-SDET-repo'\n","exitCode":128,"gitErrorCode":"IsInSubmodule"}
2023-02-22 13:28:17.345 [error] {"message":"Git error","stdout":"","stderr":"fatal: Pathspec '/home/ec2-user/Jenkins-SDET-repo/hello-app' is in submodule 'Jenkins-SDET-repo'\n","exitCode":128,"gitErrorCode":"IsInSubmodule"}
2023-02-22 13:28:17.345 [error] {"message":"Git error","stdout":"","stderr":"fatal: Pathspec '/home/ec2-user/Jenkins-SDET-repo/hello-app' is in submodule 'Jenkins-SDET-repo'\n","exitCode":128,"gitErrorCode":"IsInSubmodule"}
2023-02-22 13:28:17.345 [error] {"message":"Git error","stdout":"","stderr":"fatal: Pathspec '/home/ec2-user/Jenkins-SDET-repo/hello-app' is in submodule 'Jenkins-SDET-repo'\n","exitCode":128,"gitErrorCode":"IsInSubmodule"}
2023-02-22 13:28:17.345 [error] {"message":"Git error","stdout":"","stderr":"fatal: Pathspec '/home/ec2-user/Jenkins-SDET-repo/hello-app' is in submodule 'Jenkins-SDET-repo'\n","exitCode":128,"gitErrorCode":"IsInSubmodule"}
2023-02-22 13:28:17.345 [error] {"message":"Git error","stdout":"","stderr":"fatal: Pathspec '/home/ec2-user/Jenkins-SDET-repo/hello-app' is in submodule 'Jenkins-SDET-repo'\n","exitCode":128,"gitErrorCode":"IsInSubmodule"}
2023-02-22 13:28:17.345 [error] {"message":"Git error","stdout":"","stderr":"fatal: Pathspec '/home/ec2-user/Jenkins-SDET-repo/hello-app' is in submodule 'Jenkins-SDET-repo'\n","exitCode":128,"gitErrorCode":"IsInSubmodule"}
2023-02-22 13:28:17.345 [error] {"message":"Git error","stdout":"","stderr":"fatal: Pathspec '/home/ec2-user/Jenkins-SDET-repo/hello-app' is in submodule 'Jenkins-SDET-repo'\n","exitCode":128,"gitErrorCode":"IsInSubmodule"}
2023-02-22 13:28:18.346 [error] {"message":"Git error","stdout":"","stderr":"fatal: Pathspec '/home/ec2-user/Jenkins-SDET-repo/hello-app' is in submodule 'Jenkins-SDET-repo'\n","exitCode":128,"gitErrorCode":"IsInSubmodule"}
2023-02-22 13:28:18.346 [error] {"message":"Git error","stdout":"","stderr":"fatal: Pathspec '/home/ec2-user/Jenkins-SDET-repo/hello-app' is in submodule 'Jenkins-SDET-repo'\n","exitCode":128,"gitErrorCode":"IsInSubmodule"}
2023-02-22 13:28:18.346 [error] {"message":"Git error","stdout":"","stderr":"fatal: Pathspec '/home/ec2-user/Jenkins-SDET-repo/hello-app' is in submodule 'Jenkins-SDET-repo'\n","exitCode":128,"gitErrorCode":"IsInSubmodule"}
2023-02-22 13:28:18.346 [error] {"message":"Git error","stdout":"","stderr":"fatal: Pathspec '/home/ec2-user/Jenkins-SDET-repo/hello-app' is in submodule 'Jenkins-SDET-repo'\n","exitCode":128,"gitErrorCode":"IsInSubmodule"}
2023-02-22 13:28:18.346 [error] {"message":"Git error","stdout":"","stderr":"fatal: Pathspec '/home/ec2-user/Jenkins-SDET-repo/hello-app' is in submodule 'Jenkins-SDET-repo'\n","exitCode":128,"gitErrorCode":"IsInSubmodule"}
2023-02-22 13:28:18.346 [error] {"message":"Git error","stdout":"","stderr":"fatal: Pathspec '/home/ec2-user/Jenkins-SDET-repo/hello-app' is in submodule 'Jenkins-SDET-repo'\n","exitCode":128,"gitErrorCode":"IsInSubmodule"}
2023-02-22 13:28:18.347 [error] {"message":"Git error","stdout":"","stderr":"fatal: Pathspec '/home/ec2-user/Jenkins-SDET-repo/hello-app' is in submodule 'Jenkins-SDET-repo'\n","exitCode":128,"gitErrorCode":"IsInSubmodule"}
2023-02-22 13:28:18.347 [error] {"message":"Git error","stdout":"","stderr":"fatal: Pathspec '/home/ec2-user/Jenkins-SDET-repo/hello-app' is in submodule 'Jenkins-SDET-repo'\n","exitCode":128,"gitErrorCode":"IsInSubmodule"}
2023-02-22 13:28:18.347 [error] {"message":"Git error","stdout":"","stderr":"fatal: Pathspec '/home/ec2-user/Jenkins-SDET-repo/hello-app' is in submodule 'Jenkins-SDET-repo'\n","exitCode":128,"gitErrorCode":"IsInSubmodule"}
2023-02-22 13:28:18.347 [error] {"message":"Git error","stdout":"","stderr":"fatal: Pathspec '/home/ec2-user/Jenkins-SDET-repo/hello-app' is in submodule 'Jenkins-SDET-repo'\n","exitCode":128,"gitErrorCode":"IsInSubmodule"}
2023-02-22 13:28:18.347 [error] {"message":"Git error","stdout":"","stderr":"fatal: Pathspec '/home/ec2-user/Jenkins-SDET-repo/hello-app' is in submodule 'Jenkins-SDET-repo'\n","exitCode":128,"gitErrorCode":"IsInSubmodule"}
2023-02-22 13:28:18.347 [error] {"message":"Git error","stdout":"","stderr":"fatal: Pathspec '/home/ec2-user/Jenkins-SDET-repo/hello-app' is in submodule 'Jenkins-SDET-repo'\n","exitCode":128,"gitErrorCode":"IsInSubmodule"}
2023-02-22 13:28:18.347 [error] {"message":"Git error","stdout":"","stderr":"fatal: Pathspec '/home/ec2-user/Jenkins-SDET-repo/hello-app' is in submodule 'Jenkins-SDET-repo'\n","exitCode":128,"gitErrorCode":"IsInSubmodule"}
2023-02-22 13:28:18.347 [error] {"message":"Git error","stdout":"","stderr":"fatal: Pathspec '/home/ec2-user/Jenkins-SDET-repo/hello-app' is in submodule 'Jenkins-SDET-repo'\n","exitCode":128,"gitErrorCode":"IsInSubmodule"}
2023-02-22 13:28:18.347 [error] {"message":"Git error","stdout":"","stderr":"fatal: Pathspec '/home/ec2-user/Jenkins-SDET-repo/hello-app' is in submodule 'Jenkins-SDET-repo'\n","exitCode":128,"gitErrorCode":"IsInSubmodule"}
2023-02-22 13:28:26.798 [warning] [Decorations] CAPPING events from decorations provider vscode.git 1811
2023-02-22 13:28:31.875 [warning] [Decorations] CAPPING events from decorations provider vscode.git 1811
2023-02-22 13:28:36.972 [warning] [Decorations] CAPPING events from decorations provider vscode.git 1811
2023-02-22 13:28:42.044 [warning] [Decorations] CAPPING events from decorations provider vscode.git 1811
2023-02-22 13:28:47.130 [warning] [Decorations] CAPPING events from decorations provider vscode.git 1811
2023-02-22 13:28:52.202 [warning] [Decorations] CAPPING events from decorations provider vscode.git 1811
2023-02-22 13:28:59.868 [warning] [Decorations] CAPPING events from decorations provider vscode.git 1812
2023-02-22 13:29:04.945 [warning] [Decorations] CAPPING events from decorations provider vscode.git 1812
2023-02-22 13:29:10.031 [warning] [Decorations] CAPPING events from decorations provider vscode.git 1813
2023-02-22 13:29:15.104 [warning] [Decorations] CAPPING events from decorations provider vscode.git 1813
2023-02-22 13:29:20.185 [warning] [Decorations] CAPPING events from decorations provider vscode.git 1813
2023-02-22 13:29:25.255 [warning] [Decorations] CAPPING events from decorations provider vscode.git 1813
2023-02-22 13:29:30.906 [warning] [Decorations] CAPPING events from decorations provider vscode.git 1814
2023-02-22 13:29:35.975 [warning] [Decorations] CAPPING events from decorations provider vscode.git 1814
