2023-02-24 00:06:49.036 [info] Log level: Info
2023-02-24 00:06:49.036 [info] Validating found git in: "git"
2023-02-24 00:06:49.036 [info] Using git "2.39.1" from "git"
2023-02-24 00:06:49.036 [info] > git rev-parse --show-toplevel [172ms]
2023-02-24 00:06:49.036 [info] > git rev-parse --git-dir --git-common-dir [3ms]
2023-02-24 00:06:49.036 [info] Open repository: /home/ec2-user/jenkins-first-webhook-project
2023-02-24 00:06:49.036 [info] > git rev-parse --show-toplevel [8ms]
2023-02-24 00:06:49.036 [info] > git config --get commit.template [10ms]
2023-02-24 00:06:49.036 [info] > git for-each-ref --format=%(refname)%00%(upstream:short)%00%(objectname)%00%(upstream:track)%00%(upstream:remotename)%00%(upstream:remoteref) refs/heads/grsy refs/remotes/grsy [5ms]
2023-02-24 00:06:49.036 [info] > git rev-parse --show-toplevel [21ms]
2023-02-24 00:06:49.036 [info] > git for-each-ref --sort -committerdate --format %(refname) %(objectname) %(*objectname) [15ms]
2023-02-24 00:06:49.036 [info] > git rev-parse --show-toplevel [11ms]
2023-02-24 00:06:49.036 [info] > git status -z -uall [47ms]
2023-02-24 00:06:49.036 [info] > git config --get commit.template [5ms]
2023-02-24 00:06:49.036 [info] > git for-each-ref --format=%(refname)%00%(upstream:short)%00%(objectname)%00%(upstream:track)%00%(upstream:remotename)%00%(upstream:remoteref) refs/heads/grsy refs/remotes/grsy [3ms]
2023-02-24 00:06:49.036 [info] > git for-each-ref --sort -committerdate --format %(refname) %(objectname) %(*objectname) [12ms]
2023-02-24 00:06:49.036 [info] > git status -z -uall [33ms]
2023-02-24 00:06:49.036 [info] > git fetch [270ms]
2023-02-24 00:06:49.036 [info] > git config --get commit.template [12ms]
2023-02-24 00:06:49.036 [info] > git for-each-ref --format=%(refname)%00%(upstream:short)%00%(objectname)%00%(upstream:track)%00%(upstream:remotename)%00%(upstream:remoteref) refs/heads/grsy refs/remotes/grsy [16ms]
2023-02-24 00:06:49.036 [info] > git for-each-ref --sort -committerdate --format %(refname) %(objectname) %(*objectname) [46ms]
2023-02-24 00:06:49.036 [info] > git status -z -uall [102ms]
2023-02-24 00:06:49.036 [info] > git show --textconv :examples.py [6ms]
2023-02-24 00:06:49.036 [info] > git ls-files --stage -- /home/ec2-user/jenkins-first-webhook-project/examples.py [5ms]
2023-02-24 00:06:49.036 [info] > git cat-file -s 5d76277272329832e6534075f1e8ddebc348d6bc [1ms]
2023-02-24 00:06:49.036 [info] > git check-ignore -v -z --stdin [5ms]
2023-02-24 00:06:49.645 [info] > git config --get commit.template [5ms]
2023-02-24 00:06:49.646 [info] > git for-each-ref --format=%(refname)%00%(upstream:short)%00%(objectname)%00%(upstream:track)%00%(upstream:remotename)%00%(upstream:remoteref) refs/heads/grsy refs/remotes/grsy [3ms]
2023-02-24 00:06:49.665 [info] > git for-each-ref --sort -committerdate --format %(refname) %(objectname) %(*objectname) [10ms]
2023-02-24 00:06:49.680 [info] > git status -z -uall [31ms]
2023-02-24 00:06:49.916 [info] > git ls-files --stage -- /home/ec2-user/jenkins-first-webhook-project/examples.py [3ms]
2023-02-24 00:06:49.920 [info] > git cat-file -s 5d76277272329832e6534075f1e8ddebc348d6bc [2ms]
2023-02-24 00:06:50.109 [info] > git show --textconv :examples.py [3ms]
