2023-02-23 22:56:30.880 [info] Log level: Info
2023-02-23 22:56:30.880 [info] Validating found git in: "git"
2023-02-23 22:56:30.880 [info] Using git "2.39.1" from "git"
2023-02-23 22:56:30.880 [info] > git rev-parse --show-toplevel [55ms]
2023-02-23 22:56:30.880 [info] > git rev-parse --git-dir --git-common-dir [3ms]
2023-02-23 22:56:30.880 [info] Open repository: /home/ec2-user
2023-02-23 22:56:30.880 [info] > git rev-parse --show-toplevel [8ms]
2023-02-23 22:56:30.880 [info] > git config --get commit.template [6ms]
2023-02-23 22:56:30.881 [info] > git for-each-ref --format=%(refname)%00%(upstream:short)%00%(objectname)%00%(upstream:track)%00%(upstream:remotename)%00%(upstream:remoteref) refs/heads/grsy refs/remotes/grsy [2ms]
2023-02-23 22:56:30.881 [info] > git rev-parse --git-dir --git-common-dir [21ms]
2023-02-23 22:56:30.881 [info] Open repository: /home/ec2-user/jenkins-first-webhook-project
2023-02-23 22:56:30.881 [info] > git for-each-ref --sort -committerdate --format %(refname) %(objectname) %(*objectname) [46ms]
2023-02-23 22:56:30.881 [info] > git config --get commit.template [4ms]
2023-02-23 22:56:30.881 [info] > git rev-parse --show-toplevel [17ms]
2023-02-23 22:56:30.881 [info] > git status -z -uall [77ms]
2023-02-23 22:56:30.881 [info] > git rev-parse --show-toplevel [19ms]
2023-02-23 22:56:30.881 [info] > git for-each-ref --format=%(refname)%00%(upstream:short)%00%(objectname)%00%(upstream:track)%00%(upstream:remotename)%00%(upstream:remoteref) refs/heads/master refs/remotes/master [28ms]
2023-02-23 22:56:30.882 [info] > git status -z -uall [7ms]
2023-02-23 22:56:30.882 [info] > git config --get commit.template [11ms]
2023-02-23 22:56:30.882 [info] > git for-each-ref --sort -committerdate --format %(refname) %(objectname) %(*objectname) [7ms]
2023-02-23 22:56:30.882 [info] > git for-each-ref --format=%(refname)%00%(upstream:short)%00%(objectname)%00%(upstream:track)%00%(upstream:remotename)%00%(upstream:remoteref) refs/heads/grsy refs/remotes/grsy [11ms]
2023-02-23 22:56:30.882 [info] > git config --get commit.template [9ms]
2023-02-23 22:56:30.882 [info] > git for-each-ref --sort -committerdate --format %(refname) %(objectname) %(*objectname) [12ms]
2023-02-23 22:56:30.882 [info] > git for-each-ref --format=%(refname)%00%(upstream:short)%00%(objectname)%00%(upstream:track)%00%(upstream:remotename)%00%(upstream:remoteref) refs/heads/master refs/remotes/master [6ms]
2023-02-23 22:56:30.882 [info] > git status -z -uall [5ms]
2023-02-23 22:56:30.882 [info] > git status -z -uall [141ms]
2023-02-23 22:56:30.882 [info] > git for-each-ref --sort -committerdate --format %(refname) %(objectname) %(*objectname) [106ms]
2023-02-23 22:56:30.882 [info] > git check-ignore -v -z --stdin [6ms]
2023-02-23 22:56:30.882 [info] > git check-ignore -v -z --stdin [6ms]
2023-02-23 22:56:30.882 [info] > git show --textconv :hello-world.py [5ms]
2023-02-23 22:56:30.882 [info] > git ls-files --stage -- /home/ec2-user/jenkins-first-webhook-project/hello-world.py [4ms]
2023-02-23 22:56:30.882 [info] > git cat-file -s 287294f3994155513026a9dc315e5358144b21aa [2ms]
2023-02-23 22:56:31.581 [info] > git config --get commit.template [5ms]
2023-02-23 22:56:31.584 [info] > git for-each-ref --format=%(refname)%00%(upstream:short)%00%(objectname)%00%(upstream:track)%00%(upstream:remotename)%00%(upstream:remoteref) refs/heads/grsy refs/remotes/grsy [5ms]
2023-02-23 22:56:31.603 [info] > git for-each-ref --sort -committerdate --format %(refname) %(objectname) %(*objectname) [12ms]
2023-02-23 22:56:31.621 [info] > git status -z -uall [35ms]
2023-02-23 22:56:36.634 [info] > git config --get commit.template [5ms]
2023-02-23 22:56:36.636 [info] > git for-each-ref --format=%(refname)%00%(upstream:short)%00%(objectname)%00%(upstream:track)%00%(upstream:remotename)%00%(upstream:remoteref) refs/heads/grsy refs/remotes/grsy [3ms]
2023-02-23 22:56:36.657 [info] > git for-each-ref --sort -committerdate --format %(refname) %(objectname) %(*objectname) [9ms]
2023-02-23 22:56:36.674 [info] > git status -z -uall [35ms]
2023-02-23 22:56:41.208 [info] > git check-ignore -v -z --stdin [5ms]
2023-02-23 22:56:41.686 [info] > git config --get commit.template [5ms]
2023-02-23 22:56:41.688 [info] > git for-each-ref --format=%(refname)%00%(upstream:short)%00%(objectname)%00%(upstream:track)%00%(upstream:remotename)%00%(upstream:remoteref) refs/heads/grsy refs/remotes/grsy [3ms]
2023-02-23 22:56:41.708 [info] > git for-each-ref --sort -committerdate --format %(refname) %(objectname) %(*objectname) [9ms]
2023-02-23 22:56:41.727 [info] > git status -z -uall [36ms]
2023-02-23 22:56:46.742 [info] > git config --get commit.template [5ms]
2023-02-23 22:56:46.744 [info] > git for-each-ref --format=%(refname)%00%(upstream:short)%00%(objectname)%00%(upstream:track)%00%(upstream:remotename)%00%(upstream:remoteref) refs/heads/grsy refs/remotes/grsy [3ms]
2023-02-23 22:56:46.764 [info] > git for-each-ref --sort -committerdate --format %(refname) %(objectname) %(*objectname) [12ms]
2023-02-23 22:56:46.782 [info] > git status -z -uall [35ms]
2023-02-23 22:56:48.161 [info] > git add -A -- . [5ms]
2023-02-23 22:56:48.172 [info] > git -c user.useConfigOnly=true commit --quiet --allow-empty-message --file - [8ms]
2023-02-23 22:56:48.176 [info] > git config --get commit.template [2ms]
2023-02-23 22:56:48.185 [info] > git config --get commit.template [4ms]
2023-02-23 22:56:48.187 [info] > git for-each-ref --format=%(refname)%00%(upstream:short)%00%(objectname)%00%(upstream:track)%00%(upstream:remotename)%00%(upstream:remoteref) refs/heads/master refs/remotes/master [2ms]
2023-02-23 22:56:48.195 [info] > git status -z -uall [5ms]
2023-02-23 22:56:48.198 [info] > git for-each-ref --sort -committerdate --format %(refname) %(objectname) %(*objectname) [4ms]
2023-02-23 22:56:48.692 [info] > git config --get commit.template [4ms]
2023-02-23 22:56:48.694 [info] > git for-each-ref --format=%(refname)%00%(upstream:short)%00%(objectname)%00%(upstream:track)%00%(upstream:remotename)%00%(upstream:remoteref) refs/heads/master refs/remotes/master [3ms]
2023-02-23 22:56:48.701 [info] > git status -z -uall [5ms]
2023-02-23 22:56:48.704 [info] > git for-each-ref --sort -committerdate --format %(refname) %(objectname) %(*objectname) [4ms]
2023-02-23 22:56:49.756 [info] > git config --get commit.template [5ms]
2023-02-23 22:56:49.758 [info] > git for-each-ref --format=%(refname)%00%(upstream:short)%00%(objectname)%00%(upstream:track)%00%(upstream:remotename)%00%(upstream:remoteref) refs/heads/master refs/remotes/master [3ms]
2023-02-23 22:56:49.765 [info] > git status -z -uall [5ms]
2023-02-23 22:56:49.769 [info] > git for-each-ref --sort -committerdate --format %(refname) %(objectname) %(*objectname) [5ms]
2023-02-23 22:56:50.048 [info] > git ls-files --stage -- /home/ec2-user/jenkins-first-webhook-project/hello-world.py [2ms]
2023-02-23 22:56:50.052 [info] > git cat-file -s 3210a84f88e21046fd813628d19fbe7134b5fc86 [2ms]
2023-02-23 22:56:50.244 [info] > git show --textconv :hello-world.py [3ms]
2023-02-23 22:56:50.282 [info] > git log --oneline --cherry master...master@{upstream} -- [2ms]
2023-02-23 22:56:50.460 [info] > git pull --tags origin master [174ms]
2023-02-23 22:56:50.460 [info] From https://github.com/grsy-ulucam/jenkins-first-webhook-project
 * branch            master     -> FETCH_HEAD
2023-02-23 22:56:51.504 [info] > git push origin master:master [1041ms]
2023-02-23 22:56:51.504 [info] To https://github.com/grsy-ulucam/jenkins-first-webhook-project.git
   92813ce..b5b653b  master -> master
2023-02-23 22:56:51.511 [info] > git config --get commit.template [3ms]
2023-02-23 22:56:51.513 [info] > git for-each-ref --format=%(refname)%00%(upstream:short)%00%(objectname)%00%(upstream:track)%00%(upstream:remotename)%00%(upstream:remoteref) refs/heads/master refs/remotes/master [2ms]
2023-02-23 22:56:51.520 [info] > git status -z -uall [5ms]
2023-02-23 22:56:51.524 [info] > git for-each-ref --sort -committerdate --format %(refname) %(objectname) %(*objectname) [4ms]
2023-02-23 22:56:51.794 [info] > git config --get commit.template [4ms]
2023-02-23 22:56:51.796 [info] > git for-each-ref --format=%(refname)%00%(upstream:short)%00%(objectname)%00%(upstream:track)%00%(upstream:remotename)%00%(upstream:remoteref) refs/heads/grsy refs/remotes/grsy [2ms]
2023-02-23 22:56:51.816 [info] > git for-each-ref --sort -committerdate --format %(refname) %(objectname) %(*objectname) [12ms]
2023-02-23 22:56:51.834 [info] > git status -z -uall [35ms]
2023-02-23 22:56:52.057 [info] > git ls-files --stage -- /home/ec2-user/jenkins-first-webhook-project/hello-world.py [4ms]
2023-02-23 22:56:52.061 [info] > git cat-file -s 3210a84f88e21046fd813628d19fbe7134b5fc86 [2ms]
2023-02-23 22:56:52.255 [info] > git show --textconv :hello-world.py [2ms]
2023-02-23 22:56:53.283 [info] > git ls-files --stage -- /home/ec2-user/jenkins-first-webhook-project/hello-world.py [2ms]
2023-02-23 22:56:53.287 [info] > git cat-file -s 3210a84f88e21046fd813628d19fbe7134b5fc86 [2ms]
2023-02-23 22:56:53.480 [info] > git show --textconv :hello-world.py [3ms]
2023-02-23 22:56:54.781 [info] > git config --get commit.template [4ms]
2023-02-23 22:56:54.783 [info] > git for-each-ref --format=%(refname)%00%(upstream:short)%00%(objectname)%00%(upstream:track)%00%(upstream:remotename)%00%(upstream:remoteref) refs/heads/master refs/remotes/master [3ms]
2023-02-23 22:56:54.790 [info] > git status -z -uall [5ms]
2023-02-23 22:56:54.793 [info] > git for-each-ref --sort -committerdate --format %(refname) %(objectname) %(*objectname) [3ms]
2023-02-23 22:56:56.845 [info] > git config --get commit.template [5ms]
2023-02-23 22:56:56.847 [info] > git for-each-ref --format=%(refname)%00%(upstream:short)%00%(objectname)%00%(upstream:track)%00%(upstream:remotename)%00%(upstream:remoteref) refs/heads/grsy refs/remotes/grsy [3ms]
2023-02-23 22:56:56.868 [info] > git for-each-ref --sort -committerdate --format %(refname) %(objectname) %(*objectname) [14ms]
2023-02-23 22:56:56.885 [info] > git status -z -uall [36ms]
2023-02-23 22:56:58.344 [info] > git fetch [316ms]
2023-02-23 22:56:58.344 [info] From https://github.com/grsy-ulucam/jenkins-first-webhook-project
 * [new branch]      master     -> grsy/master
2023-02-23 22:56:58.352 [info] > git config --get commit.template [4ms]
2023-02-23 22:56:58.354 [info] > git for-each-ref --format=%(refname)%00%(upstream:short)%00%(objectname)%00%(upstream:track)%00%(upstream:remotename)%00%(upstream:remoteref) refs/heads/grsy refs/remotes/grsy [2ms]
2023-02-23 22:56:58.380 [info] > git for-each-ref --sort -committerdate --format %(refname) %(objectname) %(*objectname) [12ms]
2023-02-23 22:56:58.398 [info] > git status -z -uall [35ms]
2023-02-23 22:56:59.229 [info] > git check-ignore -v -z --stdin [3ms]
2023-02-23 22:57:00.019 [info] > git ls-files --stage -- /home/ec2-user/jenkins-first-webhook-project/hello-world.py [3ms]
2023-02-23 22:57:00.024 [info] > git cat-file -s 3210a84f88e21046fd813628d19fbe7134b5fc86 [2ms]
2023-02-23 22:57:00.231 [info] > git show --textconv :hello-world.py [4ms]
2023-02-23 22:57:01.912 [info] > git config --get commit.template [9ms]
2023-02-23 22:57:01.918 [info] > git for-each-ref --format=%(refname)%00%(upstream:short)%00%(objectname)%00%(upstream:track)%00%(upstream:remotename)%00%(upstream:remoteref) refs/heads/grsy refs/remotes/grsy [7ms]
2023-02-23 22:57:01.956 [info] > git for-each-ref --sort -committerdate --format %(refname) %(objectname) %(*objectname) [7ms]
2023-02-23 22:57:01.992 [info] > git status -z -uall [66ms]
2023-02-23 22:57:02.849 [info] > git check-ignore -v -z --stdin [8ms]
2023-02-23 22:57:04.792 [info] > git fetch [6758ms]
2023-02-23 22:57:04.792 [info] From https://github.com/grsy-ulucam/jenkins-first-webhook-project
 * [new branch]      grsy       -> origin/grsy
2023-02-23 22:57:04.800 [info] > git config --get commit.template [4ms]
2023-02-23 22:57:04.802 [info] > git for-each-ref --format=%(refname)%00%(upstream:short)%00%(objectname)%00%(upstream:track)%00%(upstream:remotename)%00%(upstream:remoteref) refs/heads/master refs/remotes/master [3ms]
2023-02-23 22:57:04.816 [info] > git status -z -uall [11ms]
2023-02-23 22:57:04.820 [info] > git for-each-ref --sort -committerdate --format %(refname) %(objectname) %(*objectname) [3ms]
2023-02-23 22:57:06.152 [info] > git config --get commit.template [5ms]
2023-02-23 22:57:06.154 [info] > git for-each-ref --format=%(refname)%00%(upstream:short)%00%(objectname)%00%(upstream:track)%00%(upstream:remotename)%00%(upstream:remoteref) refs/heads/master refs/remotes/master [3ms]
2023-02-23 22:57:06.162 [info] > git status -z -uall [5ms]
2023-02-23 22:57:06.165 [info] > git for-each-ref --sort -committerdate --format %(refname) %(objectname) %(*objectname) [4ms]
2023-02-23 22:57:06.431 [info] > git ls-files --stage -- /home/ec2-user/jenkins-first-webhook-project/hello-world.py [2ms]
2023-02-23 22:57:06.436 [info] > git cat-file -s 3210a84f88e21046fd813628d19fbe7134b5fc86 [2ms]
2023-02-23 22:57:06.636 [info] > git show --textconv :hello-world.py [3ms]
2023-02-23 22:57:07.003 [info] > git config --get commit.template [5ms]
2023-02-23 22:57:07.005 [info] > git for-each-ref --format=%(refname)%00%(upstream:short)%00%(objectname)%00%(upstream:track)%00%(upstream:remotename)%00%(upstream:remoteref) refs/heads/grsy refs/remotes/grsy [3ms]
2023-02-23 22:57:07.026 [info] > git for-each-ref --sort -committerdate --format %(refname) %(objectname) %(*objectname) [12ms]
2023-02-23 22:57:07.044 [info] > git status -z -uall [36ms]
2023-02-23 22:57:12.063 [info] > git config --get commit.template [7ms]
2023-02-23 22:57:12.065 [info] > git for-each-ref --format=%(refname)%00%(upstream:short)%00%(objectname)%00%(upstream:track)%00%(upstream:remotename)%00%(upstream:remoteref) refs/heads/grsy refs/remotes/grsy [3ms]
2023-02-23 22:57:12.085 [info] > git for-each-ref --sort -committerdate --format %(refname) %(objectname) %(*objectname) [11ms]
2023-02-23 22:57:12.106 [info] > git status -z -uall [38ms]
2023-02-23 22:57:17.119 [info] > git config --get commit.template [4ms]
2023-02-23 22:57:17.120 [info] > git for-each-ref --format=%(refname)%00%(upstream:short)%00%(objectname)%00%(upstream:track)%00%(upstream:remotename)%00%(upstream:remoteref) refs/heads/grsy refs/remotes/grsy [2ms]
2023-02-23 22:57:17.143 [info] > git for-each-ref --sort -committerdate --format %(refname) %(objectname) %(*objectname) [11ms]
2023-02-23 22:57:17.160 [info] > git status -z -uall [35ms]
2023-02-23 22:57:33.097 [info] > git config --get commit.template [4ms]
2023-02-23 22:57:33.099 [info] > git for-each-ref --format=%(refname)%00%(upstream:short)%00%(objectname)%00%(upstream:track)%00%(upstream:remotename)%00%(upstream:remoteref) refs/heads/grsy refs/remotes/grsy [3ms]
2023-02-23 22:57:33.121 [info] > git for-each-ref --sort -committerdate --format %(refname) %(objectname) %(*objectname) [13ms]
2023-02-23 22:57:33.147 [info] > git status -z -uall [45ms]
2023-02-23 22:58:40.746 [info] > git config --get commit.template [5ms]
2023-02-23 22:58:40.749 [info] > git for-each-ref --format=%(refname)%00%(upstream:short)%00%(objectname)%00%(upstream:track)%00%(upstream:remotename)%00%(upstream:remoteref) refs/heads/grsy refs/remotes/grsy [4ms]
2023-02-23 22:58:40.774 [info] > git for-each-ref --sort -committerdate --format %(refname) %(objectname) %(*objectname) [13ms]
2023-02-23 22:58:40.794 [info] > git status -z -uall [41ms]
2023-02-23 22:58:45.805 [info] > git config --get commit.template [4ms]
2023-02-23 22:58:45.807 [info] > git for-each-ref --format=%(refname)%00%(upstream:short)%00%(objectname)%00%(upstream:track)%00%(upstream:remotename)%00%(upstream:remoteref) refs/heads/grsy refs/remotes/grsy [2ms]
2023-02-23 22:58:45.826 [info] > git for-each-ref --sort -committerdate --format %(refname) %(objectname) %(*objectname) [11ms]
2023-02-23 22:58:45.850 [info] > git status -z -uall [40ms]
2023-02-23 22:58:46.935 [info] > git check-ignore -v -z --stdin [4ms]
2023-02-23 22:58:50.861 [info] > git config --get commit.template [4ms]
2023-02-23 22:58:50.863 [info] > git for-each-ref --format=%(refname)%00%(upstream:short)%00%(objectname)%00%(upstream:track)%00%(upstream:remotename)%00%(upstream:remoteref) refs/heads/grsy refs/remotes/grsy [2ms]
2023-02-23 22:58:50.885 [info] > git for-each-ref --sort -committerdate --format %(refname) %(objectname) %(*objectname) [12ms]
2023-02-23 22:58:50.903 [info] > git status -z -uall [38ms]
2023-02-23 22:58:55.916 [info] > git config --get commit.template [5ms]
2023-02-23 22:58:55.918 [info] > git for-each-ref --format=%(refname)%00%(upstream:short)%00%(objectname)%00%(upstream:track)%00%(upstream:remotename)%00%(upstream:remoteref) refs/heads/grsy refs/remotes/grsy [3ms]
2023-02-23 22:58:55.938 [info] > git for-each-ref --sort -committerdate --format %(refname) %(objectname) %(*objectname) [13ms]
2023-02-23 22:58:55.958 [info] > git status -z -uall [38ms]
