2023-03-01 06:26:28.091 [info] Log level: Info
2023-03-01 06:26:28.091 [info] Validating found git in: "git"
2023-03-01 06:26:28.092 [info] Using git "2.39.1" from "git"
2023-03-01 06:26:28.092 [info] > git rev-parse --show-toplevel [190ms]
2023-03-01 06:26:28.092 [info] > git rev-parse --git-dir --git-common-dir [5ms]
2023-03-01 06:26:28.092 [info] Open repository: /home/ec2-user
2023-03-01 06:26:28.092 [info] > git rev-parse --show-toplevel [37ms]
2023-03-01 06:26:28.092 [info] > git config --get commit.template [12ms]
2023-03-01 06:26:28.092 [info] > git rev-parse --git-dir --git-common-dir [16ms]
2023-03-01 06:26:28.092 [info] Open repository: /home/ec2-user/jenkins-first-webhook-project
2023-03-01 06:26:28.092 [info] > git for-each-ref --format=%(refname)%00%(upstream:short)%00%(objectname)%00%(upstream:track)%00%(upstream:remotename)%00%(upstream:remoteref) refs/heads/grsy refs/remotes/grsy [48ms]
2023-03-01 06:26:28.093 [info] > git config --get commit.template [48ms]
2023-03-01 06:26:28.093 [info] > git rev-parse --show-toplevel [54ms]
2023-03-01 06:26:28.093 [info] > git for-each-ref --sort -committerdate --format %(refname) %(objectname) %(*objectname) [49ms]
2023-03-01 06:26:28.093 [info] > git rev-parse --show-toplevel [30ms]
2023-03-01 06:26:28.093 [info] > git for-each-ref --format=%(refname)%00%(upstream:short)%00%(objectname)%00%(upstream:track)%00%(upstream:remotename)%00%(upstream:remoteref) refs/heads/master refs/remotes/master [21ms]
2023-03-01 06:26:28.093 [info] > git status -z -uall [8ms]
2023-03-01 06:26:28.093 [info] > git status -z -uall [193ms]
2023-03-01 06:26:28.093 [info] > git fetch [234ms]
2023-03-01 06:26:28.094 [info] > git for-each-ref --sort -committerdate --format %(refname) %(objectname) %(*objectname) [66ms] (cancelled)
2023-03-01 06:26:28.094 [info] > git fetch [370ms]
2023-03-01 06:26:28.094 [info] From https://github.com/grsy-ulucam/jenkins-first-webhook-project
   2c51536..805774e  master     -> grsy/master
2023-03-01 06:26:28.094 [info] > git config --get commit.template [45ms]
2023-03-01 06:26:28.094 [info] > git config --get commit.template [48ms]
2023-03-01 06:26:28.094 [info] > git config --get commit.template [74ms]
2023-03-01 06:26:28.094 [info] > git config --get commit.template [136ms]
2023-03-01 06:26:28.094 [info] > git for-each-ref --format=%(refname)%00%(upstream:short)%00%(objectname)%00%(upstream:track)%00%(upstream:remotename)%00%(upstream:remoteref) refs/heads/master refs/remotes/master [13ms]
2023-03-01 06:26:28.094 [info] > git for-each-ref --format=%(refname)%00%(upstream:short)%00%(objectname)%00%(upstream:track)%00%(upstream:remotename)%00%(upstream:remoteref) refs/heads/master refs/remotes/master [26ms]
2023-03-01 06:26:28.094 [info] > git status -z -uall [12ms]
2023-03-01 06:26:28.094 [info] > git for-each-ref --format=%(refname)%00%(upstream:short)%00%(objectname)%00%(upstream:track)%00%(upstream:remotename)%00%(upstream:remoteref) refs/heads/grsy refs/remotes/grsy [18ms]
2023-03-01 06:26:28.094 [info] > git for-each-ref --format=%(refname)%00%(upstream:short)%00%(objectname)%00%(upstream:track)%00%(upstream:remotename)%00%(upstream:remoteref) refs/heads/grsy refs/remotes/grsy [35ms]
2023-03-01 06:26:28.094 [info] > git for-each-ref --sort -committerdate --format %(refname) %(objectname) %(*objectname) [20ms]
2023-03-01 06:26:28.094 [info] > git for-each-ref --sort -committerdate --format %(refname) %(objectname) %(*objectname) [30ms]
2023-03-01 06:26:28.094 [info] > git status -z -uall [63ms]
2023-03-01 06:26:28.106 [info] > git check-ignore -v -z --stdin [7ms]
2023-03-01 06:26:28.110 [info] > git check-ignore -v -z --stdin [6ms]
2023-03-01 06:26:28.523 [info] > git show --textconv :hello-world.py [6ms]
2023-03-01 06:26:28.526 [info] > git ls-files --stage -- /home/ec2-user/jenkins-first-webhook-project/hello-world.py [4ms]
2023-03-01 06:26:28.531 [info] > git cat-file -s 7dca1faef846331c73071fba17205dc3a6e1160b [2ms]
2023-03-01 06:26:28.873 [info] > git config --get commit.template [4ms]
2023-03-01 06:26:28.875 [info] > git for-each-ref --format=%(refname)%00%(upstream:short)%00%(objectname)%00%(upstream:track)%00%(upstream:remotename)%00%(upstream:remoteref) refs/heads/master refs/remotes/master [2ms]
2023-03-01 06:26:28.882 [info] > git status -z -uall [5ms]
2023-03-01 06:26:28.885 [info] > git for-each-ref --sort -committerdate --format %(refname) %(objectname) %(*objectname) [4ms]
2023-03-01 06:26:29.149 [info] > git ls-files --stage -- /home/ec2-user/jenkins-first-webhook-project/hello-world.py [2ms]
2023-03-01 06:26:29.154 [info] > git cat-file -s 7dca1faef846331c73071fba17205dc3a6e1160b [2ms]
2023-03-01 06:26:29.347 [info] > git show --textconv :hello-world.py [3ms]
2023-03-01 06:26:30.082 [info] > git config --get commit.template [5ms]
2023-03-01 06:26:30.084 [info] > git for-each-ref --format=%(refname)%00%(upstream:short)%00%(objectname)%00%(upstream:track)%00%(upstream:remotename)%00%(upstream:remoteref) refs/heads/grsy refs/remotes/grsy [3ms]
2023-03-01 06:26:30.099 [info] > git for-each-ref --sort -committerdate --format %(refname) %(objectname) %(*objectname) [6ms]
2023-03-01 06:26:30.128 [info] > git status -z -uall [41ms]
2023-03-01 06:26:35.143 [info] > git config --get commit.template [4ms]
2023-03-01 06:26:35.146 [info] > git for-each-ref --format=%(refname)%00%(upstream:short)%00%(objectname)%00%(upstream:track)%00%(upstream:remotename)%00%(upstream:remoteref) refs/heads/grsy refs/remotes/grsy [3ms]
2023-03-01 06:26:35.166 [info] > git for-each-ref --sort -committerdate --format %(refname) %(objectname) %(*objectname) [12ms]
2023-03-01 06:26:35.188 [info] > git status -z -uall [39ms]
2023-03-01 06:26:35.903 [info] > git config --get commit.template [6ms]
2023-03-01 06:26:35.906 [info] > git for-each-ref --format=%(refname)%00%(upstream:short)%00%(objectname)%00%(upstream:track)%00%(upstream:remotename)%00%(upstream:remoteref) refs/heads/master refs/remotes/master [3ms]
2023-03-01 06:26:35.917 [info] > git status -z -uall [5ms]
2023-03-01 06:26:35.922 [info] > git for-each-ref --sort -committerdate --format %(refname) %(objectname) %(*objectname) [6ms]
2023-03-01 06:26:40.937 [info] > git config --get commit.template [5ms]
2023-03-01 06:26:40.939 [info] > git for-each-ref --format=%(refname)%00%(upstream:short)%00%(objectname)%00%(upstream:track)%00%(upstream:remotename)%00%(upstream:remoteref) refs/heads/master refs/remotes/master [3ms]
2023-03-01 06:26:40.948 [info] > git status -z -uall [6ms]
2023-03-01 06:26:40.951 [info] > git for-each-ref --sort -committerdate --format %(refname) %(objectname) %(*objectname) [4ms]
2023-03-01 06:26:45.040 [info] > git config --get commit.template [5ms]
2023-03-01 06:26:45.043 [info] > git for-each-ref --format=%(refname)%00%(upstream:short)%00%(objectname)%00%(upstream:track)%00%(upstream:remotename)%00%(upstream:remoteref) refs/heads/grsy refs/remotes/grsy [6ms]
2023-03-01 06:26:45.066 [info] > git for-each-ref --sort -committerdate --format %(refname) %(objectname) %(*objectname) [14ms]
2023-03-01 06:26:45.087 [info] > git status -z -uall [40ms]
2023-03-01 06:26:45.962 [info] > git config --get commit.template [4ms]
2023-03-01 06:26:45.964 [info] > git for-each-ref --format=%(refname)%00%(upstream:short)%00%(objectname)%00%(upstream:track)%00%(upstream:remotename)%00%(upstream:remoteref) refs/heads/master refs/remotes/master [2ms]
2023-03-01 06:26:45.972 [info] > git status -z -uall [5ms]
2023-03-01 06:26:45.975 [info] > git for-each-ref --sort -committerdate --format %(refname) %(objectname) %(*objectname) [3ms]
2023-03-01 06:26:50.102 [info] > git config --get commit.template [5ms]
2023-03-01 06:26:50.105 [info] > git for-each-ref --format=%(refname)%00%(upstream:short)%00%(objectname)%00%(upstream:track)%00%(upstream:remotename)%00%(upstream:remoteref) refs/heads/grsy refs/remotes/grsy [3ms]
2023-03-01 06:26:50.127 [info] > git for-each-ref --sort -committerdate --format %(refname) %(objectname) %(*objectname) [13ms]
2023-03-01 06:26:50.147 [info] > git status -z -uall [38ms]
2023-03-01 06:26:50.988 [info] > git config --get commit.template [5ms]
2023-03-01 06:26:50.990 [info] > git for-each-ref --format=%(refname)%00%(upstream:short)%00%(objectname)%00%(upstream:track)%00%(upstream:remotename)%00%(upstream:remoteref) refs/heads/master refs/remotes/master [3ms]
2023-03-01 06:26:51.000 [info] > git status -z -uall [7ms]
2023-03-01 06:26:51.003 [info] > git for-each-ref --sort -committerdate --format %(refname) %(objectname) %(*objectname) [6ms]
2023-03-01 06:26:56.015 [info] > git config --get commit.template [5ms]
2023-03-01 06:26:56.019 [info] > git for-each-ref --format=%(refname)%00%(upstream:short)%00%(objectname)%00%(upstream:track)%00%(upstream:remotename)%00%(upstream:remoteref) refs/heads/master refs/remotes/master [5ms]
2023-03-01 06:26:56.030 [info] > git status -z -uall [7ms]
2023-03-01 06:26:56.034 [info] > git for-each-ref --sort -committerdate --format %(refname) %(objectname) %(*objectname) [6ms]
2023-03-01 06:26:59.044 [info] > git config --get commit.template [6ms]
2023-03-01 06:26:59.046 [info] > git for-each-ref --format=%(refname)%00%(upstream:short)%00%(objectname)%00%(upstream:track)%00%(upstream:remotename)%00%(upstream:remoteref) refs/heads/grsy refs/remotes/grsy [3ms]
2023-03-01 06:26:59.065 [info] > git for-each-ref --sort -committerdate --format %(refname) %(objectname) %(*objectname) [11ms]
2023-03-01 06:26:59.085 [info] > git status -z -uall [36ms]
2023-03-01 06:27:01.048 [info] > git config --get commit.template [4ms]
2023-03-01 06:27:01.050 [info] > git for-each-ref --format=%(refname)%00%(upstream:short)%00%(objectname)%00%(upstream:track)%00%(upstream:remotename)%00%(upstream:remoteref) refs/heads/master refs/remotes/master [2ms]
2023-03-01 06:27:01.061 [info] > git status -z -uall [7ms]
2023-03-01 06:27:01.064 [info] > git for-each-ref --sort -committerdate --format %(refname) %(objectname) %(*objectname) [4ms]
2023-03-01 06:27:05.039 [info] > git config --get commit.template [6ms]
2023-03-01 06:27:05.042 [info] > git for-each-ref --format=%(refname)%00%(upstream:short)%00%(objectname)%00%(upstream:track)%00%(upstream:remotename)%00%(upstream:remoteref) refs/heads/grsy refs/remotes/grsy [3ms]
2023-03-01 06:27:05.062 [info] > git for-each-ref --sort -committerdate --format %(refname) %(objectname) %(*objectname) [12ms]
2023-03-01 06:27:05.083 [info] > git status -z -uall [38ms]
2023-03-01 06:27:06.076 [info] > git config --get commit.template [4ms]
2023-03-01 06:27:06.078 [info] > git for-each-ref --format=%(refname)%00%(upstream:short)%00%(objectname)%00%(upstream:track)%00%(upstream:remotename)%00%(upstream:remoteref) refs/heads/master refs/remotes/master [2ms]
2023-03-01 06:27:06.086 [info] > git status -z -uall [5ms]
2023-03-01 06:27:06.089 [info] > git for-each-ref --sort -committerdate --format %(refname) %(objectname) %(*objectname) [4ms]
