2023-02-25 10:32:51.469 [info] Log level: Info
2023-02-25 10:32:51.469 [info] Validating found git in: "git"
2023-02-25 10:32:51.469 [info] Using git "2.39.1" from "git"
2023-02-25 10:32:51.469 [info] > git rev-parse --show-toplevel [55ms]
2023-02-25 10:32:51.469 [info] > git rev-parse --git-dir --git-common-dir [2ms]
2023-02-25 10:32:51.469 [info] Open repository: /home/ec2-user
2023-02-25 10:32:51.469 [info] > git rev-parse --show-toplevel [11ms]
2023-02-25 10:32:51.469 [info] > git config --get commit.template [11ms]
2023-02-25 10:32:51.469 [info] > git rev-parse --show-toplevel [9ms]
2023-02-25 10:32:51.469 [info] > git rev-parse --show-toplevel [6ms]
2023-02-25 10:32:51.469 [info] > git rev-parse --git-dir --git-common-dir [2ms]
2023-02-25 10:32:51.469 [info] Open repository: /home/ec2-user/jenkins-first-webhook-project
2023-02-25 10:32:51.469 [info] > git for-each-ref --format=%(refname)%00%(upstream:short)%00%(objectname)%00%(upstream:track)%00%(upstream:remotename)%00%(upstream:remoteref) refs/heads/grsy refs/remotes/grsy [31ms]
2023-02-25 10:32:51.469 [info] > git config --get commit.template [11ms]
2023-02-25 10:32:51.469 [info] > git for-each-ref --sort -committerdate --format %(refname) %(objectname) %(*objectname) [29ms]
2023-02-25 10:32:51.469 [info] > git for-each-ref --format=%(refname)%00%(upstream:short)%00%(objectname)%00%(upstream:track)%00%(upstream:remotename)%00%(upstream:remoteref) refs/heads/grsy refs/remotes/grsy [18ms]
2023-02-25 10:32:51.469 [info] > git for-each-ref --sort -committerdate --format %(refname) %(objectname) %(*objectname) [41ms]
2023-02-25 10:32:51.469 [info] > git status -z -uall [194ms]
2023-02-25 10:32:51.469 [info] > git status -z -uall [134ms]
2023-02-25 10:32:51.469 [info] > git config --get commit.template [4ms]
2023-02-25 10:32:51.469 [info] > git for-each-ref --format=%(refname)%00%(upstream:short)%00%(objectname)%00%(upstream:track)%00%(upstream:remotename)%00%(upstream:remoteref) refs/heads/grsy refs/remotes/grsy [4ms]
2023-02-25 10:32:51.469 [info] > git config --get commit.template [19ms]
2023-02-25 10:32:51.469 [info] > git for-each-ref --format=%(refname)%00%(upstream:short)%00%(objectname)%00%(upstream:track)%00%(upstream:remotename)%00%(upstream:remoteref) refs/heads/grsy refs/remotes/grsy [10ms]
2023-02-25 10:32:51.469 [info] > git for-each-ref --sort -committerdate --format %(refname) %(objectname) %(*objectname) [20ms]
2023-02-25 10:32:51.469 [info] > git for-each-ref --sort -committerdate --format %(refname) %(objectname) %(*objectname) [7ms]
2023-02-25 10:32:51.469 [info] > git status -z -uall [181ms]
2023-02-25 10:32:51.469 [info] > git status -z -uall [164ms]
2023-02-25 10:32:51.469 [info] > git check-ignore -v -z --stdin [15ms]
2023-02-25 10:32:51.469 [info] > git check-ignore -v -z --stdin [9ms]
2023-02-25 10:32:51.469 [info] > git fetch [176ms]
2023-02-25 10:32:51.469 [info] > git config --get commit.template [5ms]
2023-02-25 10:32:51.469 [info] > git for-each-ref --format=%(refname)%00%(upstream:short)%00%(objectname)%00%(upstream:track)%00%(upstream:remotename)%00%(upstream:remoteref) refs/heads/grsy refs/remotes/grsy [4ms]
2023-02-25 10:32:51.469 [info] > git for-each-ref --sort -committerdate --format %(refname) %(objectname) %(*objectname) [18ms]
2023-02-25 10:32:51.469 [info] > git status -z -uall [58ms]
2023-02-25 10:32:52.084 [info] > git fetch [1080ms]
2023-02-25 10:32:52.084 [info] From https://github.com/grsy-ulucam/jenkins-first-webhook-project
   e8090db..1c80b87  grsy       -> grsy/grsy
2023-02-25 10:32:52.092 [info] > git config --get commit.template [5ms]
2023-02-25 10:32:52.094 [info] > git for-each-ref --format=%(refname)%00%(upstream:short)%00%(objectname)%00%(upstream:track)%00%(upstream:remotename)%00%(upstream:remoteref) refs/heads/grsy refs/remotes/grsy [3ms]
2023-02-25 10:32:52.117 [info] > git for-each-ref --sort -committerdate --format %(refname) %(objectname) %(*objectname) [12ms]
2023-02-25 10:32:52.169 [info] > git status -z -uall [72ms]
2023-02-25 10:32:52.185 [info] > git config --get commit.template [7ms]
2023-02-25 10:32:52.190 [info] > git for-each-ref --format=%(refname)%00%(upstream:short)%00%(objectname)%00%(upstream:track)%00%(upstream:remotename)%00%(upstream:remoteref) refs/heads/grsy refs/remotes/grsy [3ms]
2023-02-25 10:32:52.209 [info] > git for-each-ref --sort -committerdate --format %(refname) %(objectname) %(*objectname) [12ms]
2023-02-25 10:32:52.252 [info] > git status -z -uall [60ms]
2023-02-25 10:32:52.530 [info] > git config --get commit.template [4ms]
2023-02-25 10:32:52.532 [info] > git for-each-ref --format=%(refname)%00%(upstream:short)%00%(objectname)%00%(upstream:track)%00%(upstream:remotename)%00%(upstream:remoteref) refs/heads/grsy refs/remotes/grsy [2ms]
2023-02-25 10:32:52.555 [info] > git for-each-ref --sort -committerdate --format %(refname) %(objectname) %(*objectname) [14ms]
2023-02-25 10:32:52.570 [info] > git status -z -uall [35ms]
2023-02-25 10:32:55.019 [info] > git check-ignore -v -z --stdin [9ms]
2023-02-25 10:32:57.265 [info] > git config --get commit.template [4ms]
2023-02-25 10:32:57.267 [info] > git for-each-ref --format=%(refname)%00%(upstream:short)%00%(objectname)%00%(upstream:track)%00%(upstream:remotename)%00%(upstream:remoteref) refs/heads/grsy refs/remotes/grsy [3ms]
2023-02-25 10:32:57.286 [info] > git for-each-ref --sort -committerdate --format %(refname) %(objectname) %(*objectname) [11ms]
2023-02-25 10:32:57.328 [info] > git status -z -uall [59ms]
2023-02-25 10:33:02.341 [info] > git config --get commit.template [4ms]
2023-02-25 10:33:02.343 [info] > git for-each-ref --format=%(refname)%00%(upstream:short)%00%(objectname)%00%(upstream:track)%00%(upstream:remotename)%00%(upstream:remoteref) refs/heads/grsy refs/remotes/grsy [2ms]
2023-02-25 10:33:02.363 [info] > git for-each-ref --sort -committerdate --format %(refname) %(objectname) %(*objectname) [11ms]
2023-02-25 10:33:02.420 [info] > git status -z -uall [74ms]
2023-02-25 10:33:02.797 [info] > git show --textconv :hello-world.py [6ms]
2023-02-25 10:33:02.808 [info] > git ls-files --stage -- /home/ec2-user/jenkins-first-webhook-project/hello-world.py [11ms]
2023-02-25 10:33:02.817 [info] > git cat-file -s 194ee44b49d148ee9172cf0b79b93c5bf6d813b2 [3ms]
2023-02-25 10:33:07.433 [info] > git config --get commit.template [4ms]
2023-02-25 10:33:07.435 [info] > git for-each-ref --format=%(refname)%00%(upstream:short)%00%(objectname)%00%(upstream:track)%00%(upstream:remotename)%00%(upstream:remoteref) refs/heads/grsy refs/remotes/grsy [3ms]
2023-02-25 10:33:07.446 [info] > git for-each-ref --sort -committerdate --format %(refname) %(objectname) %(*objectname) [3ms]
2023-02-25 10:33:07.497 [info] > git status -z -uall [58ms]
2023-02-25 10:33:12.509 [info] > git config --get commit.template [5ms]
2023-02-25 10:33:12.511 [info] > git for-each-ref --format=%(refname)%00%(upstream:short)%00%(objectname)%00%(upstream:track)%00%(upstream:remotename)%00%(upstream:remoteref) refs/heads/grsy refs/remotes/grsy [3ms]
2023-02-25 10:33:12.532 [info] > git for-each-ref --sort -committerdate --format %(refname) %(objectname) %(*objectname) [12ms]
2023-02-25 10:33:12.573 [info] > git status -z -uall [59ms]
2023-02-25 10:33:17.585 [info] > git config --get commit.template [5ms]
2023-02-25 10:33:17.588 [info] > git for-each-ref --format=%(refname)%00%(upstream:short)%00%(objectname)%00%(upstream:track)%00%(upstream:remotename)%00%(upstream:remoteref) refs/heads/grsy refs/remotes/grsy [3ms]
2023-02-25 10:33:17.607 [info] > git for-each-ref --sort -committerdate --format %(refname) %(objectname) %(*objectname) [12ms]
2023-02-25 10:33:17.650 [info] > git status -z -uall [60ms]
2023-02-25 10:33:22.663 [info] > git config --get commit.template [6ms]
2023-02-25 10:33:22.666 [info] > git for-each-ref --format=%(refname)%00%(upstream:short)%00%(objectname)%00%(upstream:track)%00%(upstream:remotename)%00%(upstream:remoteref) refs/heads/grsy refs/remotes/grsy [4ms]
2023-02-25 10:33:22.685 [info] > git for-each-ref --sort -committerdate --format %(refname) %(objectname) %(*objectname) [12ms]
2023-02-25 10:33:22.727 [info] > git status -z -uall [59ms]
2023-02-25 10:33:27.739 [info] > git config --get commit.template [6ms]
2023-02-25 10:33:27.743 [info] > git for-each-ref --format=%(refname)%00%(upstream:short)%00%(objectname)%00%(upstream:track)%00%(upstream:remotename)%00%(upstream:remoteref) refs/heads/grsy refs/remotes/grsy [5ms]
2023-02-25 10:33:27.753 [info] > git for-each-ref --sort -committerdate --format %(refname) %(objectname) %(*objectname) [3ms]
2023-02-25 10:33:27.803 [info] > git status -z -uall [57ms]
2023-02-25 10:33:32.820 [info] > git config --get commit.template [6ms]
2023-02-25 10:33:32.826 [info] > git for-each-ref --format=%(refname)%00%(upstream:short)%00%(objectname)%00%(upstream:track)%00%(upstream:remotename)%00%(upstream:remoteref) refs/heads/grsy refs/remotes/grsy [6ms]
2023-02-25 10:33:32.849 [info] > git for-each-ref --sort -committerdate --format %(refname) %(objectname) %(*objectname) [15ms]
2023-02-25 10:33:32.922 [info] > git status -z -uall [91ms]
2023-02-25 10:33:33.357 [info] > git config --get commit.template [5ms]
2023-02-25 10:33:33.364 [info] > git for-each-ref --format=%(refname)%00%(upstream:short)%00%(objectname)%00%(upstream:track)%00%(upstream:remotename)%00%(upstream:remoteref) refs/heads/grsy refs/remotes/grsy [4ms]
2023-02-25 10:33:33.386 [info] > git for-each-ref --sort -committerdate --format %(refname) %(objectname) %(*objectname) [15ms]
2023-02-25 10:33:33.399 [info] > git status -z -uall [33ms]
2023-02-25 10:33:37.933 [info] > git config --get commit.template [4ms]
2023-02-25 10:33:37.935 [info] > git for-each-ref --format=%(refname)%00%(upstream:short)%00%(objectname)%00%(upstream:track)%00%(upstream:remotename)%00%(upstream:remoteref) refs/heads/grsy refs/remotes/grsy [3ms]
2023-02-25 10:33:37.956 [info] > git for-each-ref --sort -committerdate --format %(refname) %(objectname) %(*objectname) [13ms]
2023-02-25 10:33:37.997 [info] > git status -z -uall [59ms]
2023-02-25 10:33:38.417 [info] > git config --get commit.template [5ms]
2023-02-25 10:33:38.420 [info] > git for-each-ref --format=%(refname)%00%(upstream:short)%00%(objectname)%00%(upstream:track)%00%(upstream:remotename)%00%(upstream:remoteref) refs/heads/grsy refs/remotes/grsy [5ms]
2023-02-25 10:33:38.438 [info] > git for-each-ref --sort -committerdate --format %(refname) %(objectname) %(*objectname) [12ms]
2023-02-25 10:33:38.455 [info] > git status -z -uall [33ms]
2023-02-25 10:33:43.465 [info] > git config --get commit.template [4ms]
2023-02-25 10:33:43.467 [info] > git for-each-ref --format=%(refname)%00%(upstream:short)%00%(objectname)%00%(upstream:track)%00%(upstream:remotename)%00%(upstream:remoteref) refs/heads/grsy refs/remotes/grsy [2ms]
2023-02-25 10:33:43.486 [info] > git for-each-ref --sort -committerdate --format %(refname) %(objectname) %(*objectname) [12ms]
2023-02-25 10:33:43.502 [info] > git status -z -uall [32ms]
2023-02-25 10:33:43.849 [info] > git config --get commit.template [4ms]
2023-02-25 10:33:43.860 [info] > git for-each-ref --format=%(refname)%00%(upstream:short)%00%(objectname)%00%(upstream:track)%00%(upstream:remotename)%00%(upstream:remoteref) refs/heads/grsy refs/remotes/grsy [12ms]
2023-02-25 10:33:43.885 [info] > git for-each-ref --sort -committerdate --format %(refname) %(objectname) %(*objectname) [7ms]
2023-02-25 10:33:43.934 [info] > git status -z -uall [67ms]
2023-02-25 10:33:48.515 [info] > git config --get commit.template [4ms]
2023-02-25 10:33:48.517 [info] > git for-each-ref --format=%(refname)%00%(upstream:short)%00%(objectname)%00%(upstream:track)%00%(upstream:remotename)%00%(upstream:remoteref) refs/heads/grsy refs/remotes/grsy [2ms]
2023-02-25 10:33:48.536 [info] > git for-each-ref --sort -committerdate --format %(refname) %(objectname) %(*objectname) [11ms]
2023-02-25 10:33:48.552 [info] > git status -z -uall [32ms]
2023-02-25 10:33:48.944 [info] > git config --get commit.template [4ms]
2023-02-25 10:33:48.946 [info] > git for-each-ref --format=%(refname)%00%(upstream:short)%00%(objectname)%00%(upstream:track)%00%(upstream:remotename)%00%(upstream:remoteref) refs/heads/grsy refs/remotes/grsy [2ms]
2023-02-25 10:33:48.965 [info] > git for-each-ref --sort -committerdate --format %(refname) %(objectname) %(*objectname) [12ms]
2023-02-25 10:33:49.007 [info] > git status -z -uall [59ms]
2023-02-25 10:33:54.019 [info] > git config --get commit.template [5ms]
2023-02-25 10:33:54.021 [info] > git for-each-ref --format=%(refname)%00%(upstream:short)%00%(objectname)%00%(upstream:track)%00%(upstream:remotename)%00%(upstream:remoteref) refs/heads/grsy refs/remotes/grsy [3ms]
2023-02-25 10:33:54.041 [info] > git for-each-ref --sort -committerdate --format %(refname) %(objectname) %(*objectname) [13ms]
2023-02-25 10:33:54.083 [info] > git status -z -uall [60ms]
2023-02-25 10:33:59.096 [info] > git config --get commit.template [4ms]
2023-02-25 10:33:59.098 [info] > git for-each-ref --format=%(refname)%00%(upstream:short)%00%(objectname)%00%(upstream:track)%00%(upstream:remotename)%00%(upstream:remoteref) refs/heads/grsy refs/remotes/grsy [3ms]
2023-02-25 10:33:59.116 [info] > git for-each-ref --sort -committerdate --format %(refname) %(objectname) %(*objectname) [11ms]
2023-02-25 10:33:59.159 [info] > git status -z -uall [59ms]
2023-02-25 10:34:04.171 [info] > git config --get commit.template [4ms]
2023-02-25 10:34:04.173 [info] > git for-each-ref --format=%(refname)%00%(upstream:short)%00%(objectname)%00%(upstream:track)%00%(upstream:remotename)%00%(upstream:remoteref) refs/heads/grsy refs/remotes/grsy [2ms]
2023-02-25 10:34:04.192 [info] > git for-each-ref --sort -committerdate --format %(refname) %(objectname) %(*objectname) [12ms]
2023-02-25 10:34:04.235 [info] > git status -z -uall [60ms]
2023-02-25 10:34:09.246 [info] > git config --get commit.template [4ms]
2023-02-25 10:34:09.248 [info] > git for-each-ref --format=%(refname)%00%(upstream:short)%00%(objectname)%00%(upstream:track)%00%(upstream:remotename)%00%(upstream:remoteref) refs/heads/grsy refs/remotes/grsy [2ms]
2023-02-25 10:34:09.270 [info] > git for-each-ref --sort -committerdate --format %(refname) %(objectname) %(*objectname) [11ms]
2023-02-25 10:34:09.316 [info] > git status -z -uall [64ms]
2023-02-25 10:34:14.328 [info] > git config --get commit.template [4ms]
2023-02-25 10:34:14.330 [info] > git for-each-ref --format=%(refname)%00%(upstream:short)%00%(objectname)%00%(upstream:track)%00%(upstream:remotename)%00%(upstream:remoteref) refs/heads/grsy refs/remotes/grsy [2ms]
2023-02-25 10:34:14.348 [info] > git for-each-ref --sort -committerdate --format %(refname) %(objectname) %(*objectname) [11ms]
2023-02-25 10:34:14.399 [info] > git status -z -uall [67ms]
2023-02-25 10:34:19.410 [info] > git config --get commit.template [4ms]
2023-02-25 10:34:19.412 [info] > git for-each-ref --format=%(refname)%00%(upstream:short)%00%(objectname)%00%(upstream:track)%00%(upstream:remotename)%00%(upstream:remoteref) refs/heads/grsy refs/remotes/grsy [2ms]
2023-02-25 10:34:19.430 [info] > git for-each-ref --sort -committerdate --format %(refname) %(objectname) %(*objectname) [11ms]
2023-02-25 10:34:19.473 [info] > git status -z -uall [59ms]
2023-02-25 10:34:24.486 [info] > git config --get commit.template [5ms]
2023-02-25 10:34:24.488 [info] > git for-each-ref --format=%(refname)%00%(upstream:short)%00%(objectname)%00%(upstream:track)%00%(upstream:remotename)%00%(upstream:remoteref) refs/heads/grsy refs/remotes/grsy [3ms]
2023-02-25 10:34:24.506 [info] > git for-each-ref --sort -committerdate --format %(refname) %(objectname) %(*objectname) [11ms]
2023-02-25 10:34:24.550 [info] > git status -z -uall [59ms]
2023-02-25 10:34:29.562 [info] > git config --get commit.template [4ms]
2023-02-25 10:34:29.564 [info] > git for-each-ref --format=%(refname)%00%(upstream:short)%00%(objectname)%00%(upstream:track)%00%(upstream:remotename)%00%(upstream:remoteref) refs/heads/grsy refs/remotes/grsy [2ms]
2023-02-25 10:34:29.592 [info] > git for-each-ref --sort -committerdate --format %(refname) %(objectname) %(*objectname) [14ms]
2023-02-25 10:34:29.639 [info] > git status -z -uall [72ms]
2023-02-25 10:34:34.651 [info] > git config --get commit.template [5ms]
2023-02-25 10:34:34.654 [info] > git for-each-ref --format=%(refname)%00%(upstream:short)%00%(objectname)%00%(upstream:track)%00%(upstream:remotename)%00%(upstream:remoteref) refs/heads/grsy refs/remotes/grsy [3ms]
2023-02-25 10:34:34.673 [info] > git for-each-ref --sort -committerdate --format %(refname) %(objectname) %(*objectname) [12ms]
2023-02-25 10:34:34.717 [info] > git status -z -uall [61ms]
2023-02-25 10:34:39.730 [info] > git config --get commit.template [6ms]
2023-02-25 10:34:39.732 [info] > git for-each-ref --format=%(refname)%00%(upstream:short)%00%(objectname)%00%(upstream:track)%00%(upstream:remotename)%00%(upstream:remoteref) refs/heads/grsy refs/remotes/grsy [3ms]
2023-02-25 10:34:39.752 [info] > git for-each-ref --sort -committerdate --format %(refname) %(objectname) %(*objectname) [13ms]
2023-02-25 10:34:39.800 [info] > git status -z -uall [66ms]
2023-02-25 10:34:40.097 [info] > git config --get commit.template [4ms]
2023-02-25 10:34:40.098 [info] > git for-each-ref --format=%(refname)%00%(upstream:short)%00%(objectname)%00%(upstream:track)%00%(upstream:remotename)%00%(upstream:remoteref) refs/heads/grsy refs/remotes/grsy [2ms]
2023-02-25 10:34:40.119 [info] > git for-each-ref --sort -committerdate --format %(refname) %(objectname) %(*objectname) [13ms]
2023-02-25 10:34:40.136 [info] > git status -z -uall [35ms]
2023-02-25 10:34:44.814 [info] > git config --get commit.template [4ms]
2023-02-25 10:34:44.816 [info] > git for-each-ref --format=%(refname)%00%(upstream:short)%00%(objectname)%00%(upstream:track)%00%(upstream:remotename)%00%(upstream:remoteref) refs/heads/grsy refs/remotes/grsy [2ms]
2023-02-25 10:34:44.835 [info] > git for-each-ref --sort -committerdate --format %(refname) %(objectname) %(*objectname) [11ms]
2023-02-25 10:34:44.889 [info] > git status -z -uall [70ms]
2023-02-25 10:34:49.900 [info] > git config --get commit.template [5ms]
2023-02-25 10:34:49.902 [info] > git for-each-ref --format=%(refname)%00%(upstream:short)%00%(objectname)%00%(upstream:track)%00%(upstream:remotename)%00%(upstream:remoteref) refs/heads/grsy refs/remotes/grsy [2ms]
2023-02-25 10:34:49.918 [info] > git for-each-ref --sort -committerdate --format %(refname) %(objectname) %(*objectname) [9ms]
2023-02-25 10:34:49.975 [info] > git status -z -uall [71ms]
2023-02-25 10:34:54.986 [info] > git config --get commit.template [4ms]
2023-02-25 10:34:54.988 [info] > git for-each-ref --format=%(refname)%00%(upstream:short)%00%(objectname)%00%(upstream:track)%00%(upstream:remotename)%00%(upstream:remoteref) refs/heads/grsy refs/remotes/grsy [3ms]
2023-02-25 10:34:55.010 [info] > git for-each-ref --sort -committerdate --format %(refname) %(objectname) %(*objectname) [12ms]
2023-02-25 10:34:55.060 [info] > git status -z -uall [69ms]
2023-02-25 10:35:00.086 [info] > git config --get commit.template [19ms]
2023-02-25 10:35:00.104 [info] > git for-each-ref --format=%(refname)%00%(upstream:short)%00%(objectname)%00%(upstream:track)%00%(upstream:remotename)%00%(upstream:remoteref) refs/heads/grsy refs/remotes/grsy [26ms]
2023-02-25 10:35:00.163 [info] > git for-each-ref --sort -committerdate --format %(refname) %(objectname) %(*objectname) [35ms]
2023-02-25 10:35:00.207 [info] > git status -z -uall [88ms]
2023-02-25 10:35:05.222 [info] > git config --get commit.template [6ms]
2023-02-25 10:35:05.225 [info] > git for-each-ref --format=%(refname)%00%(upstream:short)%00%(objectname)%00%(upstream:track)%00%(upstream:remotename)%00%(upstream:remoteref) refs/heads/grsy refs/remotes/grsy [4ms]
2023-02-25 10:35:05.247 [info] > git for-each-ref --sort -committerdate --format %(refname) %(objectname) %(*objectname) [13ms]
2023-02-25 10:35:05.294 [info] > git status -z -uall [66ms]
2023-02-25 10:35:10.305 [info] > git config --get commit.template [4ms]
2023-02-25 10:35:10.307 [info] > git for-each-ref --format=%(refname)%00%(upstream:short)%00%(objectname)%00%(upstream:track)%00%(upstream:remotename)%00%(upstream:remoteref) refs/heads/grsy refs/remotes/grsy [2ms]
2023-02-25 10:35:10.327 [info] > git for-each-ref --sort -committerdate --format %(refname) %(objectname) %(*objectname) [11ms]
2023-02-25 10:35:10.370 [info] > git status -z -uall [60ms]
2023-02-25 10:35:15.389 [info] > git config --get commit.template [5ms]
2023-02-25 10:35:15.391 [info] > git for-each-ref --format=%(refname)%00%(upstream:short)%00%(objectname)%00%(upstream:track)%00%(upstream:remotename)%00%(upstream:remoteref) refs/heads/grsy refs/remotes/grsy [3ms]
2023-02-25 10:35:15.401 [info] > git for-each-ref --sort -committerdate --format %(refname) %(objectname) %(*objectname) [2ms]
2023-02-25 10:35:15.453 [info] > git status -z -uall [60ms]
2023-02-25 10:35:20.465 [info] > git config --get commit.template [5ms]
2023-02-25 10:35:20.467 [info] > git for-each-ref --format=%(refname)%00%(upstream:short)%00%(objectname)%00%(upstream:track)%00%(upstream:remotename)%00%(upstream:remoteref) refs/heads/grsy refs/remotes/grsy [3ms]
2023-02-25 10:35:20.499 [info] > git for-each-ref --sort -committerdate --format %(refname) %(objectname) %(*objectname) [14ms]
2023-02-25 10:35:20.542 [info] > git status -z -uall [63ms]
2023-02-25 10:35:25.554 [info] > git config --get commit.template [5ms]
2023-02-25 10:35:25.556 [info] > git for-each-ref --format=%(refname)%00%(upstream:short)%00%(objectname)%00%(upstream:track)%00%(upstream:remotename)%00%(upstream:remoteref) refs/heads/grsy refs/remotes/grsy [3ms]
2023-02-25 10:35:25.565 [info] > git for-each-ref --sort -committerdate --format %(refname) %(objectname) %(*objectname) [3ms]
2023-02-25 10:35:25.619 [info] > git status -z -uall [60ms]
2023-02-25 10:35:30.630 [info] > git config --get commit.template [5ms]
2023-02-25 10:35:30.632 [info] > git for-each-ref --format=%(refname)%00%(upstream:short)%00%(objectname)%00%(upstream:track)%00%(upstream:remotename)%00%(upstream:remoteref) refs/heads/grsy refs/remotes/grsy [3ms]
2023-02-25 10:35:30.654 [info] > git for-each-ref --sort -committerdate --format %(refname) %(objectname) %(*objectname) [12ms]
2023-02-25 10:35:30.695 [info] > git status -z -uall [60ms]
2023-02-25 10:35:35.709 [info] > git config --get commit.template [5ms]
2023-02-25 10:35:35.711 [info] > git for-each-ref --format=%(refname)%00%(upstream:short)%00%(objectname)%00%(upstream:track)%00%(upstream:remotename)%00%(upstream:remoteref) refs/heads/grsy refs/remotes/grsy [3ms]
2023-02-25 10:35:35.731 [info] > git for-each-ref --sort -committerdate --format %(refname) %(objectname) %(*objectname) [13ms]
2023-02-25 10:35:35.774 [info] > git status -z -uall [61ms]
2023-02-25 10:35:40.785 [info] > git config --get commit.template [4ms]
2023-02-25 10:35:40.787 [info] > git for-each-ref --format=%(refname)%00%(upstream:short)%00%(objectname)%00%(upstream:track)%00%(upstream:remotename)%00%(upstream:remoteref) refs/heads/grsy refs/remotes/grsy [2ms]
2023-02-25 10:35:40.807 [info] > git for-each-ref --sort -committerdate --format %(refname) %(objectname) %(*objectname) [11ms]
2023-02-25 10:35:40.849 [info] > git status -z -uall [59ms]
2023-02-25 10:35:45.863 [info] > git config --get commit.template [5ms]
2023-02-25 10:35:45.865 [info] > git for-each-ref --format=%(refname)%00%(upstream:short)%00%(objectname)%00%(upstream:track)%00%(upstream:remotename)%00%(upstream:remoteref) refs/heads/grsy refs/remotes/grsy [3ms]
2023-02-25 10:35:45.885 [info] > git for-each-ref --sort -committerdate --format %(refname) %(objectname) %(*objectname) [12ms]
2023-02-25 10:35:45.929 [info] > git status -z -uall [62ms]
2023-02-25 10:35:50.750 [info] > git config --get commit.template [5ms]
2023-02-25 10:35:50.752 [info] > git for-each-ref --format=%(refname)%00%(upstream:short)%00%(objectname)%00%(upstream:track)%00%(upstream:remotename)%00%(upstream:remoteref) refs/heads/grsy refs/remotes/grsy [2ms]
2023-02-25 10:35:50.770 [info] > git for-each-ref --sort -committerdate --format %(refname) %(objectname) %(*objectname) [11ms]
2023-02-25 10:35:50.799 [info] > git status -z -uall [45ms]
2023-02-25 10:35:50.940 [info] > git config --get commit.template [4ms]
2023-02-25 10:35:50.942 [info] > git for-each-ref --format=%(refname)%00%(upstream:short)%00%(objectname)%00%(upstream:track)%00%(upstream:remotename)%00%(upstream:remoteref) refs/heads/grsy refs/remotes/grsy [2ms]
2023-02-25 10:35:50.961 [info] > git for-each-ref --sort -committerdate --format %(refname) %(objectname) %(*objectname) [11ms]
2023-02-25 10:35:51.007 [info] > git status -z -uall [63ms]
2023-02-25 10:35:51.042 [info] > git ls-files --stage -- /home/ec2-user/jenkins-first-webhook-project/hello-world.py [3ms]
2023-02-25 10:35:51.049 [info] > git cat-file -s e3801fd07b73ec0f32eca740cf4a48637f6227a0 [1ms]
2023-02-25 10:35:51.241 [info] > git show --textconv :hello-world.py [3ms]
2023-02-25 10:35:51.423 [info] > git fetch [155ms]
2023-02-25 10:35:51.431 [info] > git config --get commit.template [4ms]
2023-02-25 10:35:51.433 [info] > git for-each-ref --format=%(refname)%00%(upstream:short)%00%(objectname)%00%(upstream:track)%00%(upstream:remotename)%00%(upstream:remoteref) refs/heads/grsy refs/remotes/grsy [2ms]
2023-02-25 10:35:51.456 [info] > git for-each-ref --sort -committerdate --format %(refname) %(objectname) %(*objectname) [16ms]
2023-02-25 10:35:51.468 [info] > git status -z -uall [33ms]
2023-02-25 10:35:52.317 [info] > git fetch [138ms]
2023-02-25 10:35:52.327 [info] > git config --get commit.template [4ms]
2023-02-25 10:35:52.330 [info] > git for-each-ref --format=%(refname)%00%(upstream:short)%00%(objectname)%00%(upstream:track)%00%(upstream:remotename)%00%(upstream:remoteref) refs/heads/grsy refs/remotes/grsy [3ms]
2023-02-25 10:35:52.349 [info] > git for-each-ref --sort -committerdate --format %(refname) %(objectname) %(*objectname) [12ms]
2023-02-25 10:35:52.403 [info] > git status -z -uall [71ms]
2023-02-25 10:35:53.932 [info] > git ls-files --stage -- /home/ec2-user/jenkins-first-webhook-project/hello-world.py [5ms]
2023-02-25 10:35:53.937 [info] > git cat-file -s e3801fd07b73ec0f32eca740cf4a48637f6227a0 [2ms]
2023-02-25 10:35:54.123 [info] > git show --textconv :hello-world.py [3ms]
2023-02-25 10:35:55.809 [info] > git config --get commit.template [4ms]
2023-02-25 10:35:55.811 [info] > git for-each-ref --format=%(refname)%00%(upstream:short)%00%(objectname)%00%(upstream:track)%00%(upstream:remotename)%00%(upstream:remoteref) refs/heads/grsy refs/remotes/grsy [2ms]
2023-02-25 10:35:55.820 [info] > git for-each-ref --sort -committerdate --format %(refname) %(objectname) %(*objectname) [2ms]
2023-02-25 10:35:55.845 [info] > git status -z -uall [32ms]
2023-02-25 10:35:56.017 [info] > git config --get commit.template [4ms]
2023-02-25 10:35:56.019 [info] > git for-each-ref --format=%(refname)%00%(upstream:short)%00%(objectname)%00%(upstream:track)%00%(upstream:remotename)%00%(upstream:remoteref) refs/heads/grsy refs/remotes/grsy [3ms]
2023-02-25 10:35:56.041 [info] > git for-each-ref --sort -committerdate --format %(refname) %(objectname) %(*objectname) [15ms]
2023-02-25 10:35:56.082 [info] > git status -z -uall [61ms]
2023-02-25 10:36:01.095 [info] > git config --get commit.template [5ms]
2023-02-25 10:36:01.097 [info] > git for-each-ref --format=%(refname)%00%(upstream:short)%00%(objectname)%00%(upstream:track)%00%(upstream:remotename)%00%(upstream:remoteref) refs/heads/grsy refs/remotes/grsy [2ms]
2023-02-25 10:36:01.118 [info] > git for-each-ref --sort -committerdate --format %(refname) %(objectname) %(*objectname) [8ms]
2023-02-25 10:36:01.162 [info] > git status -z -uall [62ms]
2023-02-25 10:36:06.173 [info] > git config --get commit.template [4ms]
2023-02-25 10:36:06.175 [info] > git for-each-ref --format=%(refname)%00%(upstream:short)%00%(objectname)%00%(upstream:track)%00%(upstream:remotename)%00%(upstream:remoteref) refs/heads/grsy refs/remotes/grsy [2ms]
2023-02-25 10:36:06.196 [info] > git for-each-ref --sort -committerdate --format %(refname) %(objectname) %(*objectname) [13ms]
2023-02-25 10:36:06.239 [info] > git status -z -uall [61ms]
2023-02-25 10:36:08.547 [info] > git config --get commit.template [4ms]
2023-02-25 10:36:08.549 [info] > git for-each-ref --format=%(refname)%00%(upstream:short)%00%(objectname)%00%(upstream:track)%00%(upstream:remotename)%00%(upstream:remoteref) refs/heads/grsy refs/remotes/grsy [3ms]
2023-02-25 10:36:08.568 [info] > git for-each-ref --sort -committerdate --format %(refname) %(objectname) %(*objectname) [11ms]
2023-02-25 10:36:08.589 [info] > git status -z -uall [38ms]
2023-02-25 10:36:08.829 [info] > git ls-files --stage -- /home/ec2-user/jenkins-first-webhook-project/hello-world.py [3ms]
2023-02-25 10:36:08.832 [info] > git cat-file -s e3801fd07b73ec0f32eca740cf4a48637f6227a0 [1ms]
2023-02-25 10:36:09.019 [info] > git show --textconv :hello-world.py [3ms]
2023-02-25 10:36:11.249 [info] > git config --get commit.template [5ms]
2023-02-25 10:36:11.251 [info] > git for-each-ref --format=%(refname)%00%(upstream:short)%00%(objectname)%00%(upstream:track)%00%(upstream:remotename)%00%(upstream:remoteref) refs/heads/grsy refs/remotes/grsy [3ms]
2023-02-25 10:36:11.260 [info] > git for-each-ref --sort -committerdate --format %(refname) %(objectname) %(*objectname) [3ms]
2023-02-25 10:36:11.312 [info] > git status -z -uall [58ms]
2023-02-25 10:36:15.133 [info] > git config --get commit.template [4ms]
2023-02-25 10:36:15.135 [info] > git for-each-ref --format=%(refname)%00%(upstream:short)%00%(objectname)%00%(upstream:track)%00%(upstream:remotename)%00%(upstream:remoteref) refs/heads/grsy refs/remotes/grsy [3ms]
2023-02-25 10:36:15.154 [info] > git for-each-ref --sort -committerdate --format %(refname) %(objectname) %(*objectname) [12ms]
2023-02-25 10:36:15.169 [info] > git status -z -uall [32ms]
2023-02-25 10:36:15.413 [info] > git ls-files --stage -- /home/ec2-user/jenkins-first-webhook-project/hello-world.py [3ms]
2023-02-25 10:36:15.417 [info] > git cat-file -s e3801fd07b73ec0f32eca740cf4a48637f6227a0 [1ms]
2023-02-25 10:36:15.605 [info] > git show --textconv :hello-world.py [4ms]
2023-02-25 10:36:16.323 [info] > git config --get commit.template [4ms]
2023-02-25 10:36:16.325 [info] > git for-each-ref --format=%(refname)%00%(upstream:short)%00%(objectname)%00%(upstream:track)%00%(upstream:remotename)%00%(upstream:remoteref) refs/heads/grsy refs/remotes/grsy [3ms]
2023-02-25 10:36:16.344 [info] > git for-each-ref --sort -committerdate --format %(refname) %(objectname) %(*objectname) [11ms]
2023-02-25 10:36:16.386 [info] > git status -z -uall [59ms]
2023-02-25 10:37:33.881 [info] > git config --get commit.template [4ms]
2023-02-25 10:37:33.883 [info] > git for-each-ref --format=%(refname)%00%(upstream:short)%00%(objectname)%00%(upstream:track)%00%(upstream:remotename)%00%(upstream:remoteref) refs/heads/grsy refs/remotes/grsy [2ms]
2023-02-25 10:37:33.901 [info] > git for-each-ref --sort -committerdate --format %(refname) %(objectname) %(*objectname) [11ms]
2023-02-25 10:37:33.943 [info] > git status -z -uall [58ms]
2023-02-25 10:38:46.149 [info] > git config --get commit.template [7ms]
2023-02-25 10:38:46.153 [info] > git for-each-ref --format=%(refname)%00%(upstream:short)%00%(objectname)%00%(upstream:track)%00%(upstream:remotename)%00%(upstream:remoteref) refs/heads/grsy refs/remotes/grsy [5ms]
2023-02-25 10:38:46.172 [info] > git for-each-ref --sort -committerdate --format %(refname) %(objectname) %(*objectname) [11ms]
2023-02-25 10:38:46.215 [info] > git status -z -uall [59ms]
2023-02-25 10:38:51.231 [info] > git config --get commit.template [5ms]
2023-02-25 10:38:51.233 [info] > git for-each-ref --format=%(refname)%00%(upstream:short)%00%(objectname)%00%(upstream:track)%00%(upstream:remotename)%00%(upstream:remoteref) refs/heads/grsy refs/remotes/grsy [2ms]
2023-02-25 10:38:51.253 [info] > git for-each-ref --sort -committerdate --format %(refname) %(objectname) %(*objectname) [13ms]
2023-02-25 10:38:51.294 [info] > git status -z -uall [58ms]
2023-02-25 10:38:51.629 [info] > git fetch [149ms]
2023-02-25 10:38:51.636 [info] > git config --get commit.template [3ms]
2023-02-25 10:38:51.638 [info] > git for-each-ref --format=%(refname)%00%(upstream:short)%00%(objectname)%00%(upstream:track)%00%(upstream:remotename)%00%(upstream:remoteref) refs/heads/grsy refs/remotes/grsy [2ms]
2023-02-25 10:38:51.657 [info] > git for-each-ref --sort -committerdate --format %(refname) %(objectname) %(*objectname) [12ms]
2023-02-25 10:38:51.673 [info] > git status -z -uall [33ms]
2023-02-25 10:38:52.627 [info] > git fetch [218ms]
2023-02-25 10:38:52.627 [info] From https://github.com/grsy-ulucam/jenkins-first-webhook-project
   1c80b87..c5638cc  grsy       -> grsy/grsy
2023-02-25 10:38:52.635 [info] > git config --get commit.template [4ms]
2023-02-25 10:38:52.637 [info] > git for-each-ref --format=%(refname)%00%(upstream:short)%00%(objectname)%00%(upstream:track)%00%(upstream:remotename)%00%(upstream:remoteref) refs/heads/grsy refs/remotes/grsy [3ms]
2023-02-25 10:38:52.656 [info] > git for-each-ref --sort -committerdate --format %(refname) %(objectname) %(*objectname) [11ms]
2023-02-25 10:38:52.706 [info] > git status -z -uall [67ms]
2023-02-25 10:38:52.943 [info] > git config --get commit.template [4ms]
2023-02-25 10:38:52.944 [info] > git for-each-ref --format=%(refname)%00%(upstream:short)%00%(objectname)%00%(upstream:track)%00%(upstream:remotename)%00%(upstream:remoteref) refs/heads/grsy refs/remotes/grsy [2ms]
2023-02-25 10:38:52.967 [info] > git for-each-ref --sort -committerdate --format %(refname) %(objectname) %(*objectname) [15ms]
2023-02-25 10:38:52.980 [info] > git status -z -uall [33ms]
2023-02-25 10:38:54.279 [info] > git ls-files --stage -- /home/ec2-user/jenkins-first-webhook-project/hello-world.py [3ms]
2023-02-25 10:38:54.283 [info] > git cat-file -s e3801fd07b73ec0f32eca740cf4a48637f6227a0 [2ms]
2023-02-25 10:38:54.472 [info] > git show --textconv :hello-world.py [3ms]
2023-02-25 10:38:56.306 [info] > git config --get commit.template [5ms]
2023-02-25 10:38:56.308 [info] > git for-each-ref --format=%(refname)%00%(upstream:short)%00%(objectname)%00%(upstream:track)%00%(upstream:remotename)%00%(upstream:remoteref) refs/heads/grsy refs/remotes/grsy [3ms]
2023-02-25 10:38:56.327 [info] > git for-each-ref --sort -committerdate --format %(refname) %(objectname) %(*objectname) [12ms]
2023-02-25 10:38:56.370 [info] > git status -z -uall [60ms]
2023-02-25 10:39:01.381 [info] > git config --get commit.template [5ms]
2023-02-25 10:39:01.383 [info] > git for-each-ref --format=%(refname)%00%(upstream:short)%00%(objectname)%00%(upstream:track)%00%(upstream:remotename)%00%(upstream:remoteref) refs/heads/grsy refs/remotes/grsy [2ms]
2023-02-25 10:39:01.401 [info] > git for-each-ref --sort -committerdate --format %(refname) %(objectname) %(*objectname) [11ms]
2023-02-25 10:39:01.445 [info] > git status -z -uall [59ms]
2023-02-25 10:39:06.462 [info] > git config --get commit.template [10ms]
2023-02-25 10:39:06.466 [info] > git for-each-ref --format=%(refname)%00%(upstream:short)%00%(objectname)%00%(upstream:track)%00%(upstream:remotename)%00%(upstream:remoteref) refs/heads/grsy refs/remotes/grsy [5ms]
2023-02-25 10:39:06.487 [info] > git for-each-ref --sort -committerdate --format %(refname) %(objectname) %(*objectname) [12ms]
2023-02-25 10:39:06.530 [info] > git status -z -uall [60ms]
2023-02-25 10:39:11.541 [info] > git config --get commit.template [5ms]
2023-02-25 10:39:11.543 [info] > git for-each-ref --format=%(refname)%00%(upstream:short)%00%(objectname)%00%(upstream:track)%00%(upstream:remotename)%00%(upstream:remoteref) refs/heads/grsy refs/remotes/grsy [3ms]
2023-02-25 10:39:11.553 [info] > git for-each-ref --sort -committerdate --format %(refname) %(objectname) %(*objectname) [3ms]
2023-02-25 10:39:11.609 [info] > git status -z -uall [64ms]
2023-02-25 10:39:16.621 [info] > git config --get commit.template [5ms]
2023-02-25 10:39:16.623 [info] > git for-each-ref --format=%(refname)%00%(upstream:short)%00%(objectname)%00%(upstream:track)%00%(upstream:remotename)%00%(upstream:remoteref) refs/heads/grsy refs/remotes/grsy [2ms]
2023-02-25 10:39:16.644 [info] > git for-each-ref --sort -committerdate --format %(refname) %(objectname) %(*objectname) [13ms]
2023-02-25 10:39:16.685 [info] > git status -z -uall [59ms]
2023-02-25 10:39:21.696 [info] > git config --get commit.template [4ms]
2023-02-25 10:39:21.698 [info] > git for-each-ref --format=%(refname)%00%(upstream:short)%00%(objectname)%00%(upstream:track)%00%(upstream:remotename)%00%(upstream:remoteref) refs/heads/grsy refs/remotes/grsy [2ms]
2023-02-25 10:39:21.717 [info] > git for-each-ref --sort -committerdate --format %(refname) %(objectname) %(*objectname) [11ms]
2023-02-25 10:39:21.761 [info] > git status -z -uall [60ms]
2023-02-25 10:39:26.772 [info] > git config --get commit.template [5ms]
2023-02-25 10:39:26.775 [info] > git for-each-ref --format=%(refname)%00%(upstream:short)%00%(objectname)%00%(upstream:track)%00%(upstream:remotename)%00%(upstream:remoteref) refs/heads/grsy refs/remotes/grsy [3ms]
2023-02-25 10:39:26.796 [info] > git for-each-ref --sort -committerdate --format %(refname) %(objectname) %(*objectname) [12ms]
2023-02-25 10:39:26.839 [info] > git status -z -uall [61ms]
2023-02-25 10:39:31.851 [info] > git config --get commit.template [4ms]
2023-02-25 10:39:31.853 [info] > git for-each-ref --format=%(refname)%00%(upstream:short)%00%(objectname)%00%(upstream:track)%00%(upstream:remotename)%00%(upstream:remoteref) refs/heads/grsy refs/remotes/grsy [2ms]
2023-02-25 10:39:31.871 [info] > git for-each-ref --sort -committerdate --format %(refname) %(objectname) %(*objectname) [11ms]
2023-02-25 10:39:31.914 [info] > git status -z -uall [59ms]
2023-02-25 10:39:36.933 [info] > git config --get commit.template [4ms]
2023-02-25 10:39:36.935 [info] > git for-each-ref --format=%(refname)%00%(upstream:short)%00%(objectname)%00%(upstream:track)%00%(upstream:remotename)%00%(upstream:remoteref) refs/heads/grsy refs/remotes/grsy [2ms]
2023-02-25 10:39:36.955 [info] > git for-each-ref --sort -committerdate --format %(refname) %(objectname) %(*objectname) [12ms]
2023-02-25 10:39:37.000 [info] > git status -z -uall [63ms]
2023-02-25 10:39:42.012 [info] > git config --get commit.template [6ms]
2023-02-25 10:39:42.014 [info] > git for-each-ref --format=%(refname)%00%(upstream:short)%00%(objectname)%00%(upstream:track)%00%(upstream:remotename)%00%(upstream:remoteref) refs/heads/grsy refs/remotes/grsy [3ms]
2023-02-25 10:39:42.034 [info] > git for-each-ref --sort -committerdate --format %(refname) %(objectname) %(*objectname) [11ms]
2023-02-25 10:39:42.078 [info] > git status -z -uall [61ms]
2023-02-25 10:39:47.089 [info] > git config --get commit.template [5ms]
2023-02-25 10:39:47.091 [info] > git for-each-ref --format=%(refname)%00%(upstream:short)%00%(objectname)%00%(upstream:track)%00%(upstream:remotename)%00%(upstream:remoteref) refs/heads/grsy refs/remotes/grsy [3ms]
2023-02-25 10:39:47.113 [info] > git for-each-ref --sort -committerdate --format %(refname) %(objectname) %(*objectname) [14ms]
2023-02-25 10:39:47.155 [info] > git status -z -uall [61ms]
2023-02-25 10:39:52.166 [info] > git config --get commit.template [4ms]
2023-02-25 10:39:52.170 [info] > git for-each-ref --format=%(refname)%00%(upstream:short)%00%(objectname)%00%(upstream:track)%00%(upstream:remotename)%00%(upstream:remoteref) refs/heads/grsy refs/remotes/grsy [4ms]
2023-02-25 10:39:52.188 [info] > git for-each-ref --sort -committerdate --format %(refname) %(objectname) %(*objectname) [11ms]
2023-02-25 10:39:52.231 [info] > git status -z -uall [59ms]
2023-02-25 10:39:57.241 [info] > git config --get commit.template [4ms]
2023-02-25 10:39:57.243 [info] > git for-each-ref --format=%(refname)%00%(upstream:short)%00%(objectname)%00%(upstream:track)%00%(upstream:remotename)%00%(upstream:remoteref) refs/heads/grsy refs/remotes/grsy [2ms]
2023-02-25 10:39:57.265 [info] > git for-each-ref --sort -committerdate --format %(refname) %(objectname) %(*objectname) [13ms]
2023-02-25 10:39:57.306 [info] > git status -z -uall [60ms]
2023-02-25 10:40:02.317 [info] > git config --get commit.template [5ms]
2023-02-25 10:40:02.319 [info] > git for-each-ref --format=%(refname)%00%(upstream:short)%00%(objectname)%00%(upstream:track)%00%(upstream:remotename)%00%(upstream:remoteref) refs/heads/grsy refs/remotes/grsy [3ms]
2023-02-25 10:40:02.339 [info] > git for-each-ref --sort -committerdate --format %(refname) %(objectname) %(*objectname) [11ms]
2023-02-25 10:40:02.393 [info] > git status -z -uall [71ms]
2023-02-25 10:40:07.406 [info] > git config --get commit.template [5ms]
2023-02-25 10:40:07.408 [info] > git for-each-ref --format=%(refname)%00%(upstream:short)%00%(objectname)%00%(upstream:track)%00%(upstream:remotename)%00%(upstream:remoteref) refs/heads/grsy refs/remotes/grsy [4ms]
2023-02-25 10:40:07.430 [info] > git for-each-ref --sort -committerdate --format %(refname) %(objectname) %(*objectname) [15ms]
2023-02-25 10:40:07.472 [info] > git status -z -uall [62ms]
2023-02-25 10:40:12.483 [info] > git config --get commit.template [4ms]
2023-02-25 10:40:12.485 [info] > git for-each-ref --format=%(refname)%00%(upstream:short)%00%(objectname)%00%(upstream:track)%00%(upstream:remotename)%00%(upstream:remoteref) refs/heads/grsy refs/remotes/grsy [2ms]
2023-02-25 10:40:12.506 [info] > git for-each-ref --sort -committerdate --format %(refname) %(objectname) %(*objectname) [13ms]
2023-02-25 10:40:12.548 [info] > git status -z -uall [61ms]
2023-02-25 10:40:17.564 [info] > git config --get commit.template [4ms]
2023-02-25 10:40:17.566 [info] > git for-each-ref --format=%(refname)%00%(upstream:short)%00%(objectname)%00%(upstream:track)%00%(upstream:remotename)%00%(upstream:remoteref) refs/heads/grsy refs/remotes/grsy [2ms]
2023-02-25 10:40:17.585 [info] > git for-each-ref --sort -committerdate --format %(refname) %(objectname) %(*objectname) [12ms]
2023-02-25 10:40:17.626 [info] > git status -z -uall [57ms]
2023-02-25 10:40:22.637 [info] > git config --get commit.template [5ms]
2023-02-25 10:40:22.639 [info] > git for-each-ref --format=%(refname)%00%(upstream:short)%00%(objectname)%00%(upstream:track)%00%(upstream:remotename)%00%(upstream:remoteref) refs/heads/grsy refs/remotes/grsy [3ms]
2023-02-25 10:40:22.657 [info] > git for-each-ref --sort -committerdate --format %(refname) %(objectname) %(*objectname) [11ms]
2023-02-25 10:40:22.700 [info] > git status -z -uall [59ms]
2023-02-25 10:40:27.712 [info] > git config --get commit.template [4ms]
2023-02-25 10:40:27.713 [info] > git for-each-ref --format=%(refname)%00%(upstream:short)%00%(objectname)%00%(upstream:track)%00%(upstream:remotename)%00%(upstream:remoteref) refs/heads/grsy refs/remotes/grsy [2ms]
2023-02-25 10:40:27.734 [info] > git for-each-ref --sort -committerdate --format %(refname) %(objectname) %(*objectname) [14ms]
2023-02-25 10:40:27.778 [info] > git status -z -uall [62ms]
2023-02-25 10:40:32.559 [info] > git config --get commit.template [4ms]
2023-02-25 10:40:32.560 [info] > git for-each-ref --format=%(refname)%00%(upstream:short)%00%(objectname)%00%(upstream:track)%00%(upstream:remotename)%00%(upstream:remoteref) refs/heads/grsy refs/remotes/grsy [2ms]
2023-02-25 10:40:32.578 [info] > git for-each-ref --sort -committerdate --format %(refname) %(objectname) %(*objectname) [11ms]
2023-02-25 10:40:32.594 [info] > git status -z -uall [31ms]
2023-02-25 10:40:32.807 [info] > git config --get commit.template [17ms]
2023-02-25 10:40:32.813 [info] > git for-each-ref --format=%(refname)%00%(upstream:short)%00%(objectname)%00%(upstream:track)%00%(upstream:remotename)%00%(upstream:remoteref) refs/heads/grsy refs/remotes/grsy [6ms]
2023-02-25 10:40:32.832 [info] > git for-each-ref --sort -committerdate --format %(refname) %(objectname) %(*objectname) [3ms]
2023-02-25 10:40:32.913 [info] > git status -z -uall [93ms]
2023-02-25 10:40:37.925 [info] > git config --get commit.template [4ms]
2023-02-25 10:40:37.927 [info] > git for-each-ref --format=%(refname)%00%(upstream:short)%00%(objectname)%00%(upstream:track)%00%(upstream:remotename)%00%(upstream:remoteref) refs/heads/grsy refs/remotes/grsy [3ms]
2023-02-25 10:40:37.946 [info] > git for-each-ref --sort -committerdate --format %(refname) %(objectname) %(*objectname) [11ms]
2023-02-25 10:40:37.989 [info] > git status -z -uall [60ms]
2023-02-25 10:40:43.000 [info] > git config --get commit.template [4ms]
2023-02-25 10:40:43.002 [info] > git for-each-ref --format=%(refname)%00%(upstream:short)%00%(objectname)%00%(upstream:track)%00%(upstream:remotename)%00%(upstream:remoteref) refs/heads/grsy refs/remotes/grsy [2ms]
2023-02-25 10:40:43.024 [info] > git for-each-ref --sort -committerdate --format %(refname) %(objectname) %(*objectname) [12ms]
2023-02-25 10:40:43.069 [info] > git status -z -uall [64ms]
2023-02-25 10:40:48.079 [info] > git config --get commit.template [4ms]
2023-02-25 10:40:48.082 [info] > git for-each-ref --format=%(refname)%00%(upstream:short)%00%(objectname)%00%(upstream:track)%00%(upstream:remotename)%00%(upstream:remoteref) refs/heads/grsy refs/remotes/grsy [2ms]
2023-02-25 10:40:48.102 [info] > git for-each-ref --sort -committerdate --format %(refname) %(objectname) %(*objectname) [13ms]
2023-02-25 10:40:48.152 [info] > git status -z -uall [68ms]
2023-02-25 10:40:53.167 [info] > git config --get commit.template [8ms]
2023-02-25 10:40:53.169 [info] > git for-each-ref --format=%(refname)%00%(upstream:short)%00%(objectname)%00%(upstream:track)%00%(upstream:remotename)%00%(upstream:remoteref) refs/heads/grsy refs/remotes/grsy [3ms]
2023-02-25 10:40:53.187 [info] > git for-each-ref --sort -committerdate --format %(refname) %(objectname) %(*objectname) [11ms]
2023-02-25 10:40:53.237 [info] > git status -z -uall [66ms]
2023-02-25 10:40:58.249 [info] > git config --get commit.template [5ms]
2023-02-25 10:40:58.251 [info] > git for-each-ref --format=%(refname)%00%(upstream:short)%00%(objectname)%00%(upstream:track)%00%(upstream:remotename)%00%(upstream:remoteref) refs/heads/grsy refs/remotes/grsy [3ms]
2023-02-25 10:40:58.270 [info] > git for-each-ref --sort -committerdate --format %(refname) %(objectname) %(*objectname) [12ms]
2023-02-25 10:40:58.320 [info] > git status -z -uall [67ms]
2023-02-25 10:41:03.331 [info] > git config --get commit.template [4ms]
2023-02-25 10:41:03.333 [info] > git for-each-ref --format=%(refname)%00%(upstream:short)%00%(objectname)%00%(upstream:track)%00%(upstream:remotename)%00%(upstream:remoteref) refs/heads/grsy refs/remotes/grsy [2ms]
2023-02-25 10:41:03.356 [info] > git for-each-ref --sort -committerdate --format %(refname) %(objectname) %(*objectname) [5ms]
2023-02-25 10:41:03.405 [info] > git status -z -uall [69ms]
2023-02-25 10:41:08.416 [info] > git config --get commit.template [4ms]
2023-02-25 10:41:08.419 [info] > git for-each-ref --format=%(refname)%00%(upstream:short)%00%(objectname)%00%(upstream:track)%00%(upstream:remotename)%00%(upstream:remoteref) refs/heads/grsy refs/remotes/grsy [3ms]
2023-02-25 10:41:08.439 [info] > git for-each-ref --sort -committerdate --format %(refname) %(objectname) %(*objectname) [12ms]
2023-02-25 10:41:08.489 [info] > git status -z -uall [67ms]
2023-02-25 10:41:13.499 [info] > git config --get commit.template [4ms]
2023-02-25 10:41:13.501 [info] > git for-each-ref --format=%(refname)%00%(upstream:short)%00%(objectname)%00%(upstream:track)%00%(upstream:remotename)%00%(upstream:remoteref) refs/heads/grsy refs/remotes/grsy [2ms]
2023-02-25 10:41:13.524 [info] > git for-each-ref --sort -committerdate --format %(refname) %(objectname) %(*objectname) [6ms]
2023-02-25 10:41:13.573 [info] > git status -z -uall [69ms]
2023-02-25 10:41:18.585 [info] > git config --get commit.template [4ms]
2023-02-25 10:41:18.587 [info] > git for-each-ref --format=%(refname)%00%(upstream:short)%00%(objectname)%00%(upstream:track)%00%(upstream:remotename)%00%(upstream:remoteref) refs/heads/grsy refs/remotes/grsy [2ms]
2023-02-25 10:41:18.608 [info] > git for-each-ref --sort -committerdate --format %(refname) %(objectname) %(*objectname) [13ms]
2023-02-25 10:41:18.658 [info] > git status -z -uall [69ms]
2023-02-25 10:41:23.669 [info] > git config --get commit.template [5ms]
2023-02-25 10:41:23.671 [info] > git for-each-ref --format=%(refname)%00%(upstream:short)%00%(objectname)%00%(upstream:track)%00%(upstream:remotename)%00%(upstream:remoteref) refs/heads/grsy refs/remotes/grsy [3ms]
2023-02-25 10:41:23.691 [info] > git for-each-ref --sort -committerdate --format %(refname) %(objectname) %(*objectname) [12ms]
2023-02-25 10:41:23.740 [info] > git status -z -uall [65ms]
2023-02-25 10:41:28.750 [info] > git config --get commit.template [5ms]
2023-02-25 10:41:28.752 [info] > git for-each-ref --format=%(refname)%00%(upstream:short)%00%(objectname)%00%(upstream:track)%00%(upstream:remotename)%00%(upstream:remoteref) refs/heads/grsy refs/remotes/grsy [2ms]
2023-02-25 10:41:28.775 [info] > git for-each-ref --sort -committerdate --format %(refname) %(objectname) %(*objectname) [14ms]
2023-02-25 10:41:28.829 [info] > git status -z -uall [74ms]
2023-02-25 10:41:33.841 [info] > git config --get commit.template [4ms]
2023-02-25 10:41:33.843 [info] > git for-each-ref --format=%(refname)%00%(upstream:short)%00%(objectname)%00%(upstream:track)%00%(upstream:remotename)%00%(upstream:remoteref) refs/heads/grsy refs/remotes/grsy [2ms]
2023-02-25 10:41:33.865 [info] > git for-each-ref --sort -committerdate --format %(refname) %(objectname) %(*objectname) [14ms]
2023-02-25 10:41:33.914 [info] > git status -z -uall [68ms]
2023-02-25 10:41:35.274 [info] > git config --get commit.template [5ms]
2023-02-25 10:41:35.276 [info] > git for-each-ref --format=%(refname)%00%(upstream:short)%00%(objectname)%00%(upstream:track)%00%(upstream:remotename)%00%(upstream:remoteref) refs/heads/grsy refs/remotes/grsy [2ms]
2023-02-25 10:41:35.296 [info] > git for-each-ref --sort -committerdate --format %(refname) %(objectname) %(*objectname) [12ms]
2023-02-25 10:41:35.312 [info] > git status -z -uall [34ms]
2023-02-25 10:41:40.058 [info] > git config --get commit.template [5ms]
2023-02-25 10:41:40.060 [info] > git for-each-ref --format=%(refname)%00%(upstream:short)%00%(objectname)%00%(upstream:track)%00%(upstream:remotename)%00%(upstream:remoteref) refs/heads/grsy refs/remotes/grsy [3ms]
2023-02-25 10:41:40.083 [info] > git for-each-ref --sort -committerdate --format %(refname) %(objectname) %(*objectname) [14ms]
2023-02-25 10:41:40.124 [info] > git status -z -uall [61ms]
2023-02-25 10:41:40.324 [info] > git config --get commit.template [4ms]
2023-02-25 10:41:40.326 [info] > git for-each-ref --format=%(refname)%00%(upstream:short)%00%(objectname)%00%(upstream:track)%00%(upstream:remotename)%00%(upstream:remoteref) refs/heads/grsy refs/remotes/grsy [2ms]
2023-02-25 10:41:40.345 [info] > git for-each-ref --sort -committerdate --format %(refname) %(objectname) %(*objectname) [12ms]
2023-02-25 10:41:40.362 [info] > git status -z -uall [34ms]
2023-02-25 10:41:45.136 [info] > git config --get commit.template [4ms]
2023-02-25 10:41:45.138 [info] > git for-each-ref --format=%(refname)%00%(upstream:short)%00%(objectname)%00%(upstream:track)%00%(upstream:remotename)%00%(upstream:remoteref) refs/heads/grsy refs/remotes/grsy [3ms]
2023-02-25 10:41:45.157 [info] > git for-each-ref --sort -committerdate --format %(refname) %(objectname) %(*objectname) [11ms]
2023-02-25 10:41:45.202 [info] > git status -z -uall [61ms]
2023-02-25 10:41:45.372 [info] > git config --get commit.template [4ms]
2023-02-25 10:41:45.374 [info] > git for-each-ref --format=%(refname)%00%(upstream:short)%00%(objectname)%00%(upstream:track)%00%(upstream:remotename)%00%(upstream:remoteref) refs/heads/grsy refs/remotes/grsy [3ms]
2023-02-25 10:41:45.394 [info] > git for-each-ref --sort -committerdate --format %(refname) %(objectname) %(*objectname) [13ms]
2023-02-25 10:41:45.412 [info] > git status -z -uall [35ms]
2023-02-25 10:41:50.214 [info] > git config --get commit.template [4ms]
2023-02-25 10:41:50.216 [info] > git for-each-ref --format=%(refname)%00%(upstream:short)%00%(objectname)%00%(upstream:track)%00%(upstream:remotename)%00%(upstream:remoteref) refs/heads/grsy refs/remotes/grsy [2ms]
2023-02-25 10:41:50.235 [info] > git for-each-ref --sort -committerdate --format %(refname) %(objectname) %(*objectname) [11ms]
2023-02-25 10:41:50.279 [info] > git status -z -uall [59ms]
2023-02-25 10:41:51.830 [info] > git fetch [152ms]
2023-02-25 10:41:51.837 [info] > git config --get commit.template [3ms]
2023-02-25 10:41:51.839 [info] > git for-each-ref --format=%(refname)%00%(upstream:short)%00%(objectname)%00%(upstream:track)%00%(upstream:remotename)%00%(upstream:remoteref) refs/heads/grsy refs/remotes/grsy [2ms]
2023-02-25 10:41:51.856 [info] > git for-each-ref --sort -committerdate --format %(refname) %(objectname) %(*objectname) [10ms]
2023-02-25 10:41:51.873 [info] > git status -z -uall [32ms]
2023-02-25 10:41:52.882 [info] > git fetch [169ms]
2023-02-25 10:41:52.890 [info] > git config --get commit.template [3ms]
2023-02-25 10:41:52.892 [info] > git for-each-ref --format=%(refname)%00%(upstream:short)%00%(objectname)%00%(upstream:track)%00%(upstream:remotename)%00%(upstream:remoteref) refs/heads/grsy refs/remotes/grsy [2ms]
2023-02-25 10:41:52.910 [info] > git for-each-ref --sort -committerdate --format %(refname) %(objectname) %(*objectname) [11ms]
2023-02-25 10:41:52.954 [info] > git status -z -uall [60ms]
2023-02-25 10:41:53.186 [info] > git config --get commit.template [4ms]
2023-02-25 10:41:53.189 [info] > git for-each-ref --format=%(refname)%00%(upstream:short)%00%(objectname)%00%(upstream:track)%00%(upstream:remotename)%00%(upstream:remoteref) refs/heads/grsy refs/remotes/grsy [3ms]
2023-02-25 10:41:53.207 [info] > git for-each-ref --sort -committerdate --format %(refname) %(objectname) %(*objectname) [11ms]
2023-02-25 10:41:53.223 [info] > git status -z -uall [32ms]
2023-02-25 10:41:54.504 [info] > git ls-files --stage -- /home/ec2-user/jenkins-first-webhook-project/hello-world.py [3ms]
2023-02-25 10:41:54.508 [info] > git cat-file -s e3801fd07b73ec0f32eca740cf4a48637f6227a0 [1ms]
2023-02-25 10:41:54.700 [info] > git show --textconv :hello-world.py [3ms]
2023-02-25 10:41:55.291 [info] > git config --get commit.template [5ms]
2023-02-25 10:41:55.293 [info] > git for-each-ref --format=%(refname)%00%(upstream:short)%00%(objectname)%00%(upstream:track)%00%(upstream:remotename)%00%(upstream:remoteref) refs/heads/grsy refs/remotes/grsy [3ms]
2023-02-25 10:41:55.314 [info] > git for-each-ref --sort -committerdate --format %(refname) %(objectname) %(*objectname) [14ms]
2023-02-25 10:41:55.356 [info] > git status -z -uall [61ms]
2023-02-25 10:42:00.369 [info] > git config --get commit.template [5ms]
2023-02-25 10:42:00.371 [info] > git for-each-ref --format=%(refname)%00%(upstream:short)%00%(objectname)%00%(upstream:track)%00%(upstream:remotename)%00%(upstream:remoteref) refs/heads/grsy refs/remotes/grsy [3ms]
2023-02-25 10:42:00.391 [info] > git for-each-ref --sort -committerdate --format %(refname) %(objectname) %(*objectname) [12ms]
2023-02-25 10:42:00.434 [info] > git status -z -uall [61ms]
2023-02-25 10:42:04.835 [info] > git config --get commit.template [5ms]
2023-02-25 10:42:04.836 [info] > git for-each-ref --format=%(refname)%00%(upstream:short)%00%(objectname)%00%(upstream:track)%00%(upstream:remotename)%00%(upstream:remoteref) refs/heads/grsy refs/remotes/grsy [2ms]
2023-02-25 10:42:04.857 [info] > git for-each-ref --sort -committerdate --format %(refname) %(objectname) %(*objectname) [12ms]
2023-02-25 10:42:04.872 [info] > git status -z -uall [32ms]
2023-02-25 10:42:05.107 [info] > git ls-files --stage -- /home/ec2-user/jenkins-first-webhook-project/hello-world.py [3ms]
2023-02-25 10:42:05.112 [info] > git cat-file -s edd5fe40e719a2900d5c06e89533acc4761d70d6 [2ms]
2023-02-25 10:42:05.299 [info] > git show --textconv :hello-world.py [4ms]
2023-02-25 10:42:05.447 [info] > git config --get commit.template [6ms]
2023-02-25 10:42:05.449 [info] > git for-each-ref --format=%(refname)%00%(upstream:short)%00%(objectname)%00%(upstream:track)%00%(upstream:remotename)%00%(upstream:remoteref) refs/heads/grsy refs/remotes/grsy [3ms]
2023-02-25 10:42:05.472 [info] > git for-each-ref --sort -committerdate --format %(refname) %(objectname) %(*objectname) [13ms]
2023-02-25 10:42:05.514 [info] > git status -z -uall [63ms]
2023-02-25 10:42:10.525 [info] > git config --get commit.template [4ms]
2023-02-25 10:42:10.527 [info] > git for-each-ref --format=%(refname)%00%(upstream:short)%00%(objectname)%00%(upstream:track)%00%(upstream:remotename)%00%(upstream:remoteref) refs/heads/grsy refs/remotes/grsy [2ms]
2023-02-25 10:42:10.546 [info] > git for-each-ref --sort -committerdate --format %(refname) %(objectname) %(*objectname) [11ms]
2023-02-25 10:42:10.589 [info] > git status -z -uall [59ms]
2023-02-25 10:42:15.629 [info] > git config --get commit.template [20ms]
2023-02-25 10:42:15.632 [info] > git for-each-ref --format=%(refname)%00%(upstream:short)%00%(objectname)%00%(upstream:track)%00%(upstream:remotename)%00%(upstream:remoteref) refs/heads/grsy refs/remotes/grsy [4ms]
2023-02-25 10:42:15.654 [info] > git for-each-ref --sort -committerdate --format %(refname) %(objectname) %(*objectname) [14ms]
2023-02-25 10:42:15.696 [info] > git status -z -uall [61ms]
2023-02-25 10:42:20.319 [info] > git config --get commit.template [5ms]
2023-02-25 10:42:20.321 [info] > git for-each-ref --format=%(refname)%00%(upstream:short)%00%(objectname)%00%(upstream:track)%00%(upstream:remotename)%00%(upstream:remoteref) refs/heads/grsy refs/remotes/grsy [3ms]
2023-02-25 10:42:20.346 [info] > git for-each-ref --sort -committerdate --format %(refname) %(objectname) %(*objectname) [17ms]
2023-02-25 10:42:20.356 [info] > git status -z -uall [33ms]
2023-02-25 10:42:20.593 [info] > git ls-files --stage -- /home/ec2-user/jenkins-first-webhook-project/hello-world.py [3ms]
2023-02-25 10:42:20.597 [info] > git cat-file -s edd5fe40e719a2900d5c06e89533acc4761d70d6 [2ms]
2023-02-25 10:42:20.707 [info] > git config --get commit.template [4ms]
2023-02-25 10:42:20.709 [info] > git for-each-ref --format=%(refname)%00%(upstream:short)%00%(objectname)%00%(upstream:track)%00%(upstream:remotename)%00%(upstream:remoteref) refs/heads/grsy refs/remotes/grsy [3ms]
2023-02-25 10:42:20.727 [info] > git for-each-ref --sort -committerdate --format %(refname) %(objectname) %(*objectname) [11ms]
2023-02-25 10:42:20.770 [info] > git status -z -uall [59ms]
2023-02-25 10:42:20.781 [info] > git show --textconv :hello-world.py [3ms]
2023-02-25 10:42:25.782 [info] > git config --get commit.template [4ms]
2023-02-25 10:42:25.784 [info] > git for-each-ref --format=%(refname)%00%(upstream:short)%00%(objectname)%00%(upstream:track)%00%(upstream:remotename)%00%(upstream:remoteref) refs/heads/grsy refs/remotes/grsy [2ms]
2023-02-25 10:42:25.803 [info] > git for-each-ref --sort -committerdate --format %(refname) %(objectname) %(*objectname) [11ms]
2023-02-25 10:42:25.849 [info] > git status -z -uall [62ms]
2023-02-25 10:42:30.860 [info] > git config --get commit.template [4ms]
2023-02-25 10:42:30.862 [info] > git for-each-ref --format=%(refname)%00%(upstream:short)%00%(objectname)%00%(upstream:track)%00%(upstream:remotename)%00%(upstream:remoteref) refs/heads/grsy refs/remotes/grsy [2ms]
2023-02-25 10:42:30.883 [info] > git for-each-ref --sort -committerdate --format %(refname) %(objectname) %(*objectname) [8ms]
2023-02-25 10:42:30.924 [info] > git status -z -uall [59ms]
2023-02-25 10:42:35.936 [info] > git config --get commit.template [5ms]
2023-02-25 10:42:35.938 [info] > git for-each-ref --format=%(refname)%00%(upstream:short)%00%(objectname)%00%(upstream:track)%00%(upstream:remotename)%00%(upstream:remoteref) refs/heads/grsy refs/remotes/grsy [2ms]
2023-02-25 10:42:35.957 [info] > git for-each-ref --sort -committerdate --format %(refname) %(objectname) %(*objectname) [11ms]
2023-02-25 10:42:35.999 [info] > git status -z -uall [58ms]
2023-02-25 10:42:41.010 [info] > git config --get commit.template [4ms]
2023-02-25 10:42:41.014 [info] > git for-each-ref --format=%(refname)%00%(upstream:short)%00%(objectname)%00%(upstream:track)%00%(upstream:remotename)%00%(upstream:remoteref) refs/heads/grsy refs/remotes/grsy [3ms]
2023-02-25 10:42:41.035 [info] > git for-each-ref --sort -committerdate --format %(refname) %(objectname) %(*objectname) [11ms]
2023-02-25 10:42:41.052 [info] > git status -z -uall [35ms]
2023-02-25 10:42:41.994 [info] > git config --get commit.template [5ms]
2023-02-25 10:42:41.996 [info] > git for-each-ref --format=%(refname)%00%(upstream:short)%00%(objectname)%00%(upstream:track)%00%(upstream:remotename)%00%(upstream:remoteref) refs/heads/master refs/remotes/master [3ms]
2023-02-25 10:42:42.004 [info] > git status -z -uall [6ms]
2023-02-25 10:42:42.007 [info] > git for-each-ref --sort -committerdate --format %(refname) %(objectname) %(*objectname) [5ms]
2023-02-25 10:42:42.275 [info] > git ls-files --stage -- /home/ec2-user/jenkins-first-webhook-project/hello-world.py [2ms]
2023-02-25 10:42:42.279 [info] > git cat-file -s 4bf77a3ff1abc10cb3579a9efe95a72108515754 [2ms]
2023-02-25 10:42:42.480 [info] > git show --textconv :hello-world.py [2ms]
2023-02-25 10:42:46.063 [info] > git config --get commit.template [4ms]
2023-02-25 10:42:46.065 [info] > git for-each-ref --format=%(refname)%00%(upstream:short)%00%(objectname)%00%(upstream:track)%00%(upstream:remotename)%00%(upstream:remoteref) refs/heads/grsy refs/remotes/grsy [2ms]
2023-02-25 10:42:46.082 [info] > git for-each-ref --sort -committerdate --format %(refname) %(objectname) %(*objectname) [10ms]
2023-02-25 10:42:46.103 [info] > git status -z -uall [36ms]
2023-02-25 10:42:51.113 [info] > git config --get commit.template [5ms]
2023-02-25 10:42:51.115 [info] > git for-each-ref --format=%(refname)%00%(upstream:short)%00%(objectname)%00%(upstream:track)%00%(upstream:remotename)%00%(upstream:remoteref) refs/heads/grsy refs/remotes/grsy [3ms]
2023-02-25 10:42:51.134 [info] > git for-each-ref --sort -committerdate --format %(refname) %(objectname) %(*objectname) [12ms]
2023-02-25 10:42:51.151 [info] > git status -z -uall [34ms]
2023-02-25 10:42:56.161 [info] > git config --get commit.template [4ms]
2023-02-25 10:42:56.163 [info] > git for-each-ref --format=%(refname)%00%(upstream:short)%00%(objectname)%00%(upstream:track)%00%(upstream:remotename)%00%(upstream:remoteref) refs/heads/grsy refs/remotes/grsy [3ms]
2023-02-25 10:42:56.182 [info] > git for-each-ref --sort -committerdate --format %(refname) %(objectname) %(*objectname) [11ms]
2023-02-25 10:42:56.199 [info] > git status -z -uall [34ms]
2023-02-25 10:43:01.211 [info] > git config --get commit.template [5ms]
2023-02-25 10:43:01.213 [info] > git for-each-ref --format=%(refname)%00%(upstream:short)%00%(objectname)%00%(upstream:track)%00%(upstream:remotename)%00%(upstream:remoteref) refs/heads/grsy refs/remotes/grsy [3ms]
2023-02-25 10:43:01.233 [info] > git for-each-ref --sort -committerdate --format %(refname) %(objectname) %(*objectname) [12ms]
2023-02-25 10:43:01.251 [info] > git status -z -uall [36ms]
2023-02-25 10:43:06.263 [info] > git config --get commit.template [4ms]
2023-02-25 10:43:06.265 [info] > git for-each-ref --format=%(refname)%00%(upstream:short)%00%(objectname)%00%(upstream:track)%00%(upstream:remotename)%00%(upstream:remoteref) refs/heads/grsy refs/remotes/grsy [3ms]
2023-02-25 10:43:06.284 [info] > git for-each-ref --sort -committerdate --format %(refname) %(objectname) %(*objectname) [12ms]
2023-02-25 10:43:06.301 [info] > git status -z -uall [34ms]
2023-02-25 10:43:10.804 [info] > git config --get commit.template [5ms]
2023-02-25 10:43:10.806 [info] > git for-each-ref --format=%(refname)%00%(upstream:short)%00%(objectname)%00%(upstream:track)%00%(upstream:remotename)%00%(upstream:remoteref) refs/heads/master refs/remotes/master [3ms]
2023-02-25 10:43:10.814 [info] > git status -z -uall [6ms]
2023-02-25 10:43:10.816 [info] > git for-each-ref --sort -committerdate --format %(refname) %(objectname) %(*objectname) [4ms]
2023-02-25 10:43:11.093 [info] > git ls-files --stage -- /home/ec2-user/jenkins-first-webhook-project/hello-world.py [3ms]
2023-02-25 10:43:11.097 [info] > git cat-file -s 4bf77a3ff1abc10cb3579a9efe95a72108515754 [2ms]
2023-02-25 10:43:11.286 [info] > git show --textconv :hello-world.py [3ms]
2023-02-25 10:43:11.312 [info] > git config --get commit.template [5ms]
2023-02-25 10:43:11.314 [info] > git for-each-ref --format=%(refname)%00%(upstream:short)%00%(objectname)%00%(upstream:track)%00%(upstream:remotename)%00%(upstream:remoteref) refs/heads/grsy refs/remotes/grsy [3ms]
2023-02-25 10:43:11.334 [info] > git for-each-ref --sort -committerdate --format %(refname) %(objectname) %(*objectname) [8ms]
2023-02-25 10:43:11.351 [info] > git status -z -uall [35ms]
