2023-02-25 11:21:46.317 [info] Log level: Info
2023-02-25 11:21:46.317 [info] Validating found git in: "git"
2023-02-25 11:21:46.317 [info] Using git "2.39.1" from "git"
2023-02-25 11:21:46.317 [info] > git rev-parse --show-toplevel [48ms]
2023-02-25 11:21:46.317 [info] > git rev-parse --git-dir --git-common-dir [6ms]
2023-02-25 11:21:46.317 [info] Open repository: /home/ec2-user/jenkins-first-webhook-project
2023-02-25 11:21:46.317 [info] > git config --get commit.template [13ms]
2023-02-25 11:21:46.317 [info] > git for-each-ref --format=%(refname)%00%(upstream:short)%00%(objectname)%00%(upstream:track)%00%(upstream:remotename)%00%(upstream:remoteref) refs/heads/master refs/remotes/master [13ms]
2023-02-25 11:21:46.317 [info] > git status -z -uall [13ms]
2023-02-25 11:21:46.317 [info] > git for-each-ref --sort -committerdate --format %(refname) %(objectname) %(*objectname) [8ms]
2023-02-25 11:21:46.317 [info] > git config --get commit.template [18ms]
2023-02-25 11:21:46.317 [info] > git for-each-ref --format=%(refname)%00%(upstream:short)%00%(objectname)%00%(upstream:track)%00%(upstream:remotename)%00%(upstream:remoteref) refs/heads/master refs/remotes/master [5ms]
2023-02-25 11:21:46.317 [info] > git status -z -uall [12ms]
2023-02-25 11:21:46.317 [info] > git for-each-ref --sort -committerdate --format %(refname) %(objectname) %(*objectname) [8ms]
2023-02-25 11:21:46.317 [info] > git check-ignore -v -z --stdin [3ms]
2023-02-25 11:21:46.992 [info] > git fetch [173ms]
2023-02-25 11:21:47.000 [info] > git config --get commit.template [4ms]
2023-02-25 11:21:47.002 [info] > git for-each-ref --format=%(refname)%00%(upstream:short)%00%(objectname)%00%(upstream:track)%00%(upstream:remotename)%00%(upstream:remoteref) refs/heads/master refs/remotes/master [3ms]
2023-02-25 11:21:47.011 [info] > git status -z -uall [7ms]
2023-02-25 11:21:47.014 [info] > git for-each-ref --sort -committerdate --format %(refname) %(objectname) %(*objectname) [4ms]
2023-02-25 11:21:49.933 [info] > git config --get commit.template [5ms]
2023-02-25 11:21:49.935 [info] > git for-each-ref --format=%(refname)%00%(upstream:short)%00%(objectname)%00%(upstream:track)%00%(upstream:remotename)%00%(upstream:remoteref) refs/heads/master refs/remotes/master [3ms]
2023-02-25 11:21:49.942 [info] > git status -z -uall [5ms]
2023-02-25 11:21:49.945 [info] > git for-each-ref --sort -committerdate --format %(refname) %(objectname) %(*objectname) [4ms]
2023-02-25 11:21:50.780 [info] > git show --textconv :hello-world.py [6ms]
2023-02-25 11:21:50.783 [info] > git ls-files --stage -- /home/ec2-user/jenkins-first-webhook-project/hello-world.py [5ms]
2023-02-25 11:21:50.787 [info] > git cat-file -s 4bf77a3ff1abc10cb3579a9efe95a72108515754 [2ms]
2023-02-25 11:21:55.579 [info] > git show --textconv :hello-world.py [4ms]
2023-02-25 11:21:55.582 [info] > git ls-files --stage -- /home/ec2-user/jenkins-first-webhook-project/hello-world.py [3ms]
2023-02-25 11:21:55.586 [info] > git cat-file -s 4bf77a3ff1abc10cb3579a9efe95a72108515754 [2ms]
2023-02-25 11:24:47.224 [info] > git fetch [196ms]
2023-02-25 11:24:47.232 [info] > git config --get commit.template [4ms]
2023-02-25 11:24:47.234 [info] > git for-each-ref --format=%(refname)%00%(upstream:short)%00%(objectname)%00%(upstream:track)%00%(upstream:remotename)%00%(upstream:remoteref) refs/heads/master refs/remotes/master [3ms]
2023-02-25 11:24:47.241 [info] > git status -z -uall [5ms]
2023-02-25 11:24:47.245 [info] > git for-each-ref --sort -committerdate --format %(refname) %(objectname) %(*objectname) [3ms]
2023-02-25 11:24:48.539 [info] > git config --get commit.template [5ms]
2023-02-25 11:24:48.541 [info] > git for-each-ref --format=%(refname)%00%(upstream:short)%00%(objectname)%00%(upstream:track)%00%(upstream:remotename)%00%(upstream:remoteref) refs/heads/master refs/remotes/master [3ms]
2023-02-25 11:24:48.548 [info] > git status -z -uall [5ms]
2023-02-25 11:24:48.551 [info] > git for-each-ref --sort -committerdate --format %(refname) %(objectname) %(*objectname) [3ms]
2023-02-25 11:24:48.829 [info] > git ls-files --stage -- /home/ec2-user/jenkins-first-webhook-project/hello-world.py [2ms]
2023-02-25 11:24:48.833 [info] > git cat-file -s 4bf77a3ff1abc10cb3579a9efe95a72108515754 [2ms]
2023-02-25 11:24:49.014 [info] > git show --textconv :hello-world.py [3ms]
2023-02-25 11:25:06.894 [info] > git config --get commit.template [5ms]
2023-02-25 11:25:06.896 [info] > git for-each-ref --format=%(refname)%00%(upstream:short)%00%(objectname)%00%(upstream:track)%00%(upstream:remotename)%00%(upstream:remoteref) refs/heads/master refs/remotes/master [3ms]
2023-02-25 11:25:06.904 [info] > git status -z -uall [6ms]
2023-02-25 11:25:06.907 [info] > git for-each-ref --sort -committerdate --format %(refname) %(objectname) %(*objectname) [4ms]
2023-02-25 11:25:11.927 [info] > git config --get commit.template [4ms]
2023-02-25 11:25:11.929 [info] > git for-each-ref --format=%(refname)%00%(upstream:short)%00%(objectname)%00%(upstream:track)%00%(upstream:remotename)%00%(upstream:remoteref) refs/heads/master refs/remotes/master [2ms]
2023-02-25 11:25:11.936 [info] > git status -z -uall [4ms]
2023-02-25 11:25:11.939 [info] > git for-each-ref --sort -committerdate --format %(refname) %(objectname) %(*objectname) [3ms]
2023-02-25 11:25:17.282 [info] > git config --get commit.template [8ms]
2023-02-25 11:25:17.284 [info] > git for-each-ref --format=%(refname)%00%(upstream:short)%00%(objectname)%00%(upstream:track)%00%(upstream:remotename)%00%(upstream:remoteref) refs/heads/master refs/remotes/master [3ms]
2023-02-25 11:25:17.291 [info] > git status -z -uall [5ms]
2023-02-25 11:25:17.294 [info] > git for-each-ref --sort -committerdate --format %(refname) %(objectname) %(*objectname) [4ms]
2023-02-25 11:26:09.525 [info] > git config --get commit.template [4ms]
2023-02-25 11:26:09.527 [info] > git for-each-ref --format=%(refname)%00%(upstream:short)%00%(objectname)%00%(upstream:track)%00%(upstream:remotename)%00%(upstream:remoteref) refs/heads/master refs/remotes/master [2ms]
2023-02-25 11:26:09.534 [info] > git status -z -uall [5ms]
2023-02-25 11:26:09.537 [info] > git for-each-ref --sort -committerdate --format %(refname) %(objectname) %(*objectname) [3ms]
2023-02-25 11:26:09.818 [info] > git ls-files --stage -- /home/ec2-user/jenkins-first-webhook-project/hello-world.py [2ms]
2023-02-25 11:26:09.823 [info] > git cat-file -s 970f210f75c0faf8dc34a2372ea1947ab9f63819 [1ms]
2023-02-25 11:26:10.060 [info] > git show --textconv :hello-world.py [3ms]
2023-02-25 11:26:22.835 [info] > git config --get commit.template [18ms]
2023-02-25 11:26:22.837 [info] > git for-each-ref --format=%(refname)%00%(upstream:short)%00%(objectname)%00%(upstream:track)%00%(upstream:remotename)%00%(upstream:remoteref) refs/heads/master refs/remotes/master [17ms]
2023-02-25 11:26:22.847 [info] > git status -z -uall [5ms]
2023-02-25 11:26:22.850 [info] > git for-each-ref --sort -committerdate --format %(refname) %(objectname) %(*objectname) [3ms]
2023-02-25 11:26:23.096 [info] > git ls-files --stage -- /home/ec2-user/jenkins-first-webhook-project/hello-world.py [2ms]
2023-02-25 11:26:23.101 [info] > git cat-file -s 970f210f75c0faf8dc34a2372ea1947ab9f63819 [1ms]
2023-02-25 11:26:23.284 [info] > git show --textconv :hello-world.py [3ms]
2023-02-25 11:26:31.296 [info] > git config --get commit.template [4ms]
2023-02-25 11:26:31.298 [info] > git for-each-ref --format=%(refname)%00%(upstream:short)%00%(objectname)%00%(upstream:track)%00%(upstream:remotename)%00%(upstream:remoteref) refs/heads/master refs/remotes/master [2ms]
2023-02-25 11:26:31.307 [info] > git status -z -uall [7ms]
2023-02-25 11:26:31.310 [info] > git for-each-ref --sort -committerdate --format %(refname) %(objectname) %(*objectname) [4ms]
2023-02-25 11:26:31.580 [info] > git ls-files --stage -- /home/ec2-user/jenkins-first-webhook-project/hello-world.py [3ms]
2023-02-25 11:26:31.583 [info] > git cat-file -s 970f210f75c0faf8dc34a2372ea1947ab9f63819 [1ms]
2023-02-25 11:26:31.759 [info] > git show --textconv :hello-world.py [3ms]
2023-02-25 11:29:46.238 [info] > git fetch [149ms]
2023-02-25 11:29:46.245 [info] > git config --get commit.template [3ms]
2023-02-25 11:29:46.247 [info] > git for-each-ref --format=%(refname)%00%(upstream:short)%00%(objectname)%00%(upstream:track)%00%(upstream:remotename)%00%(upstream:remoteref) refs/heads/master refs/remotes/master [3ms]
2023-02-25 11:29:46.254 [info] > git status -z -uall [5ms]
2023-02-25 11:29:46.256 [info] > git for-each-ref --sort -committerdate --format %(refname) %(objectname) %(*objectname) [3ms]
2023-02-25 11:29:47.545 [info] > git config --get commit.template [4ms]
2023-02-25 11:29:47.547 [info] > git for-each-ref --format=%(refname)%00%(upstream:short)%00%(objectname)%00%(upstream:track)%00%(upstream:remotename)%00%(upstream:remoteref) refs/heads/master refs/remotes/master [2ms]
2023-02-25 11:29:47.554 [info] > git status -z -uall [5ms]
2023-02-25 11:29:47.556 [info] > git for-each-ref --sort -committerdate --format %(refname) %(objectname) %(*objectname) [3ms]
2023-02-25 11:29:47.810 [info] > git ls-files --stage -- /home/ec2-user/jenkins-first-webhook-project/hello-world.py [2ms]
2023-02-25 11:29:47.814 [info] > git cat-file -s 970f210f75c0faf8dc34a2372ea1947ab9f63819 [2ms]
2023-02-25 11:29:48.015 [info] > git show --textconv :hello-world.py [2ms]
2023-02-25 11:29:52.791 [info] > git config --get commit.template [4ms]
2023-02-25 11:29:52.793 [info] > git for-each-ref --format=%(refname)%00%(upstream:short)%00%(objectname)%00%(upstream:track)%00%(upstream:remotename)%00%(upstream:remoteref) refs/heads/master refs/remotes/master [2ms]
2023-02-25 11:29:52.800 [info] > git status -z -uall [5ms]
2023-02-25 11:29:52.803 [info] > git for-each-ref --sort -committerdate --format %(refname) %(objectname) %(*objectname) [4ms]
2023-02-25 11:29:57.816 [info] > git config --get commit.template [5ms]
2023-02-25 11:29:57.818 [info] > git for-each-ref --format=%(refname)%00%(upstream:short)%00%(objectname)%00%(upstream:track)%00%(upstream:remotename)%00%(upstream:remoteref) refs/heads/master refs/remotes/master [2ms]
2023-02-25 11:29:57.825 [info] > git status -z -uall [5ms]
2023-02-25 11:29:57.828 [info] > git for-each-ref --sort -committerdate --format %(refname) %(objectname) %(*objectname) [4ms]
2023-02-25 11:30:02.839 [info] > git config --get commit.template [5ms]
2023-02-25 11:30:02.841 [info] > git for-each-ref --format=%(refname)%00%(upstream:short)%00%(objectname)%00%(upstream:track)%00%(upstream:remotename)%00%(upstream:remoteref) refs/heads/master refs/remotes/master [2ms]
2023-02-25 11:30:02.848 [info] > git status -z -uall [5ms]
2023-02-25 11:30:02.851 [info] > git for-each-ref --sort -committerdate --format %(refname) %(objectname) %(*objectname) [4ms]
2023-02-25 11:30:13.734 [info] > git config --get commit.template [4ms]
2023-02-25 11:30:13.736 [info] > git for-each-ref --format=%(refname)%00%(upstream:short)%00%(objectname)%00%(upstream:track)%00%(upstream:remotename)%00%(upstream:remoteref) refs/heads/master refs/remotes/master [2ms]
2023-02-25 11:30:13.743 [info] > git status -z -uall [5ms]
2023-02-25 11:30:13.745 [info] > git for-each-ref --sort -committerdate --format %(refname) %(objectname) %(*objectname) [3ms]
2023-02-25 11:30:14.004 [info] > git ls-files --stage -- /home/ec2-user/jenkins-first-webhook-project/hello-world.py [2ms]
2023-02-25 11:30:14.009 [info] > git cat-file -s d6dde3c9d3fbc7c72c73a5c6bbe158a51d2b8e56 [1ms]
2023-02-25 11:30:14.185 [info] > git show --textconv :hello-world.py [3ms]
2023-02-25 11:30:32.578 [info] > git config --get commit.template [4ms]
2023-02-25 11:30:32.580 [info] > git for-each-ref --format=%(refname)%00%(upstream:short)%00%(objectname)%00%(upstream:track)%00%(upstream:remotename)%00%(upstream:remoteref) refs/heads/master refs/remotes/master [2ms]
2023-02-25 11:30:32.587 [info] > git status -z -uall [5ms]
2023-02-25 11:30:32.590 [info] > git for-each-ref --sort -committerdate --format %(refname) %(objectname) %(*objectname) [3ms]
2023-02-25 11:30:32.851 [info] > git ls-files --stage -- /home/ec2-user/jenkins-first-webhook-project/hello-world.py [2ms]
2023-02-25 11:30:32.856 [info] > git cat-file -s d6dde3c9d3fbc7c72c73a5c6bbe158a51d2b8e56 [1ms]
2023-02-25 11:30:33.065 [info] > git show --textconv :hello-world.py [2ms]
2023-02-25 11:30:38.518 [info] > git config --get commit.template [12ms]
2023-02-25 11:30:38.521 [info] > git for-each-ref --format=%(refname)%00%(upstream:short)%00%(objectname)%00%(upstream:track)%00%(upstream:remotename)%00%(upstream:remoteref) refs/heads/master refs/remotes/master [4ms]
2023-02-25 11:30:38.533 [info] > git status -z -uall [7ms]
2023-02-25 11:30:38.536 [info] > git for-each-ref --sort -committerdate --format %(refname) %(objectname) %(*objectname) [4ms]
2023-02-25 11:30:38.795 [info] > git ls-files --stage -- /home/ec2-user/jenkins-first-webhook-project/hello-world.py [3ms]
2023-02-25 11:30:38.799 [info] > git cat-file -s d6dde3c9d3fbc7c72c73a5c6bbe158a51d2b8e56 [2ms]
2023-02-25 11:30:39.003 [info] > git show --textconv :hello-world.py [3ms]
2023-02-25 11:33:30.409 [info] > git fetch [155ms]
2023-02-25 11:33:30.417 [info] > git config --get commit.template [4ms]
2023-02-25 11:33:30.419 [info] > git for-each-ref --format=%(refname)%00%(upstream:short)%00%(objectname)%00%(upstream:track)%00%(upstream:remotename)%00%(upstream:remoteref) refs/heads/master refs/remotes/master [3ms]
2023-02-25 11:33:30.425 [info] > git status -z -uall [4ms]
2023-02-25 11:33:30.428 [info] > git for-each-ref --sort -committerdate --format %(refname) %(objectname) %(*objectname) [3ms]
2023-02-25 11:34:06.625 [info] > git config --get commit.template [5ms]
2023-02-25 11:34:06.627 [info] > git for-each-ref --format=%(refname)%00%(upstream:short)%00%(objectname)%00%(upstream:track)%00%(upstream:remotename)%00%(upstream:remoteref) refs/heads/master refs/remotes/master [3ms]
2023-02-25 11:34:06.635 [info] > git status -z -uall [5ms]
2023-02-25 11:34:06.638 [info] > git for-each-ref --sort -committerdate --format %(refname) %(objectname) %(*objectname) [4ms]
2023-02-25 11:34:06.830 [info] > git ls-files --stage -- /home/ec2-user/jenkins-first-webhook-project/hello-world.py [4ms]
2023-02-25 11:34:06.835 [info] > git cat-file -s d6dde3c9d3fbc7c72c73a5c6bbe158a51d2b8e56 [2ms]
2023-02-25 11:34:07.032 [info] > git show --textconv :hello-world.py [3ms]
