2023-02-23 23:47:29.561 [info] Log level: Info
2023-02-23 23:47:29.561 [info] Validating found git in: "git"
2023-02-23 23:47:29.561 [info] Using git "2.39.1" from "git"
2023-02-23 23:47:29.561 [info] > git rev-parse --show-toplevel [146ms]
2023-02-23 23:47:29.561 [info] > git rev-parse --git-dir --git-common-dir [11ms]
2023-02-23 23:47:29.561 [info] Open repository: /home/ec2-user/jenkins-first-webhook-project
2023-02-23 23:47:29.561 [info] > git rev-parse --show-toplevel [9ms]
2023-02-23 23:47:29.561 [info] > git config --get commit.template [12ms]
2023-02-23 23:47:29.561 [info] > git rev-parse --show-toplevel [9ms]
2023-02-23 23:47:29.561 [info] > git for-each-ref --format=%(refname)%00%(upstream:short)%00%(objectname)%00%(upstream:track)%00%(upstream:remotename)%00%(upstream:remoteref) refs/heads/grsy refs/remotes/grsy [8ms]
2023-02-23 23:47:29.561 [info] > git rev-parse --show-toplevel [13ms]
2023-02-23 23:47:29.561 [info] > git for-each-ref --sort -committerdate --format %(refname) %(objectname) %(*objectname) [22ms]
2023-02-23 23:47:29.561 [info] > git status -z -uall [67ms]
2023-02-23 23:47:29.561 [info] > git config --get commit.template [6ms]
2023-02-23 23:47:29.561 [info] > git for-each-ref --format=%(refname)%00%(upstream:short)%00%(objectname)%00%(upstream:track)%00%(upstream:remotename)%00%(upstream:remoteref) refs/heads/grsy refs/remotes/grsy [9ms]
2023-02-23 23:47:29.561 [info] > git status -z -uall [81ms]
2023-02-23 23:47:29.561 [info] > git for-each-ref --sort -committerdate --format %(refname) %(objectname) %(*objectname) [78ms]
2023-02-23 23:47:29.561 [info] > git fetch [229ms]
2023-02-23 23:47:29.561 [info] > git config --get commit.template [29ms]
2023-02-23 23:47:29.561 [info] > git for-each-ref --format=%(refname)%00%(upstream:short)%00%(objectname)%00%(upstream:track)%00%(upstream:remotename)%00%(upstream:remoteref) refs/heads/grsy refs/remotes/grsy [29ms]
2023-02-23 23:47:29.561 [info] > git for-each-ref --sort -committerdate --format %(refname) %(objectname) %(*objectname) [24ms]
2023-02-23 23:47:29.561 [info] > git status -z -uall [45ms]
2023-02-23 23:47:29.561 [info] > git check-ignore -v -z --stdin [5ms]
2023-02-23 23:47:29.561 [info] > git show --textconv :hello-world.py [9ms]
2023-02-23 23:47:29.561 [info] > git ls-files --stage -- /home/ec2-user/jenkins-first-webhook-project/hello-world.py [6ms]
2023-02-23 23:47:29.561 [info] > git cat-file -s 9a4910f5cdaf069091a85ef00b52bd853748a981 [2ms]
2023-02-23 23:47:29.994 [info] > git config --get commit.template [5ms]
2023-02-23 23:47:29.996 [info] > git for-each-ref --format=%(refname)%00%(upstream:short)%00%(objectname)%00%(upstream:track)%00%(upstream:remotename)%00%(upstream:remoteref) refs/heads/grsy refs/remotes/grsy [3ms]
2023-02-23 23:47:30.016 [info] > git for-each-ref --sort -committerdate --format %(refname) %(objectname) %(*objectname) [12ms]
2023-02-23 23:47:30.031 [info] > git status -z -uall [33ms]
2023-02-23 23:47:30.263 [info] > git ls-files --stage -- /home/ec2-user/jenkins-first-webhook-project/hello-world.py [4ms]
2023-02-23 23:47:30.267 [info] > git cat-file -s 9a4910f5cdaf069091a85ef00b52bd853748a981 [2ms]
2023-02-23 23:47:30.449 [info] > git show --textconv :hello-world.py [4ms]
2023-02-23 23:47:36.914 [info] > git check-ignore -v -z --stdin [4ms]
2023-02-23 23:47:59.191 [info] > git config --get commit.template [5ms]
2023-02-23 23:47:59.193 [info] > git for-each-ref --format=%(refname)%00%(upstream:short)%00%(objectname)%00%(upstream:track)%00%(upstream:remotename)%00%(upstream:remoteref) refs/heads/grsy refs/remotes/grsy [4ms]
2023-02-23 23:47:59.212 [info] > git for-each-ref --sort -committerdate --format %(refname) %(objectname) %(*objectname) [11ms]
2023-02-23 23:47:59.229 [info] > git status -z -uall [34ms]
2023-02-23 23:48:04.246 [info] > git config --get commit.template [5ms]
2023-02-23 23:48:04.247 [info] > git for-each-ref --format=%(refname)%00%(upstream:short)%00%(objectname)%00%(upstream:track)%00%(upstream:remotename)%00%(upstream:remoteref) refs/heads/grsy refs/remotes/grsy [2ms]
2023-02-23 23:48:04.268 [info] > git for-each-ref --sort -committerdate --format %(refname) %(objectname) %(*objectname) [12ms]
2023-02-23 23:48:04.285 [info] > git status -z -uall [35ms]
2023-02-23 23:48:09.298 [info] > git config --get commit.template [4ms]
2023-02-23 23:48:09.299 [info] > git for-each-ref --format=%(refname)%00%(upstream:short)%00%(objectname)%00%(upstream:track)%00%(upstream:remotename)%00%(upstream:remoteref) refs/heads/grsy refs/remotes/grsy [2ms]
2023-02-23 23:48:09.319 [info] > git for-each-ref --sort -committerdate --format %(refname) %(objectname) %(*objectname) [12ms]
2023-02-23 23:48:09.335 [info] > git status -z -uall [33ms]
2023-02-23 23:48:14.350 [info] > git config --get commit.template [4ms]
2023-02-23 23:48:14.352 [info] > git for-each-ref --format=%(refname)%00%(upstream:short)%00%(objectname)%00%(upstream:track)%00%(upstream:remotename)%00%(upstream:remoteref) refs/heads/grsy refs/remotes/grsy [2ms]
2023-02-23 23:48:14.372 [info] > git for-each-ref --sort -committerdate --format %(refname) %(objectname) %(*objectname) [11ms]
2023-02-23 23:48:14.389 [info] > git status -z -uall [35ms]
2023-02-23 23:48:21.415 [info] > git config --get commit.template [5ms]
2023-02-23 23:48:21.417 [info] > git for-each-ref --format=%(refname)%00%(upstream:short)%00%(objectname)%00%(upstream:track)%00%(upstream:remotename)%00%(upstream:remoteref) refs/heads/grsy refs/remotes/grsy [3ms]
2023-02-23 23:48:21.437 [info] > git for-each-ref --sort -committerdate --format %(refname) %(objectname) %(*objectname) [12ms]
2023-02-23 23:48:21.452 [info] > git status -z -uall [33ms]
2023-02-23 23:48:21.687 [info] > git ls-files --stage -- /home/ec2-user/jenkins-first-webhook-project/hello-world.py [3ms]
2023-02-23 23:48:21.691 [info] > git cat-file -s 194ee44b49d148ee9172cf0b79b93c5bf6d813b2 [1ms]
2023-02-23 23:48:21.878 [info] > git show --textconv :hello-world.py [3ms]
2023-02-23 23:48:40.864 [info] > git config --get commit.template [4ms]
2023-02-23 23:48:40.866 [info] > git for-each-ref --format=%(refname)%00%(upstream:short)%00%(objectname)%00%(upstream:track)%00%(upstream:remotename)%00%(upstream:remoteref) refs/heads/grsy refs/remotes/grsy [3ms]
2023-02-23 23:48:40.886 [info] > git for-each-ref --sort -committerdate --format %(refname) %(objectname) %(*objectname) [11ms]
2023-02-23 23:48:40.901 [info] > git status -z -uall [33ms]
2023-02-23 23:48:41.141 [info] > git ls-files --stage -- /home/ec2-user/jenkins-first-webhook-project/hello-world.py [4ms]
2023-02-23 23:48:41.147 [info] > git cat-file -s 194ee44b49d148ee9172cf0b79b93c5bf6d813b2 [2ms]
2023-02-23 23:48:41.411 [info] > git show --textconv :hello-world.py [3ms]
2023-02-23 23:48:50.394 [info] > git config --get commit.template [4ms]
2023-02-23 23:48:50.396 [info] > git for-each-ref --format=%(refname)%00%(upstream:short)%00%(objectname)%00%(upstream:track)%00%(upstream:remotename)%00%(upstream:remoteref) refs/heads/grsy refs/remotes/grsy [3ms]
2023-02-23 23:48:50.420 [info] > git for-each-ref --sort -committerdate --format %(refname) %(objectname) %(*objectname) [15ms]
2023-02-23 23:48:50.435 [info] > git status -z -uall [36ms]
2023-02-23 23:48:50.669 [info] > git ls-files --stage -- /home/ec2-user/jenkins-first-webhook-project/hello-world.py [3ms]
2023-02-23 23:48:50.673 [info] > git cat-file -s 194ee44b49d148ee9172cf0b79b93c5bf6d813b2 [1ms]
2023-02-23 23:48:50.854 [info] > git show --textconv :hello-world.py [4ms]
2023-02-23 23:51:50.849 [info] > git fetch [253ms]
2023-02-23 23:51:50.857 [info] > git config --get commit.template [4ms]
2023-02-23 23:51:50.859 [info] > git for-each-ref --format=%(refname)%00%(upstream:short)%00%(objectname)%00%(upstream:track)%00%(upstream:remotename)%00%(upstream:remoteref) refs/heads/grsy refs/remotes/grsy [3ms]
2023-02-23 23:51:50.875 [info] > git for-each-ref --sort -committerdate --format %(refname) %(objectname) %(*objectname) [9ms]
2023-02-23 23:51:50.900 [info] > git status -z -uall [39ms]
2023-02-23 23:54:15.695 [info] > git config --get commit.template [4ms]
2023-02-23 23:54:15.697 [info] > git for-each-ref --format=%(refname)%00%(upstream:short)%00%(objectname)%00%(upstream:track)%00%(upstream:remotename)%00%(upstream:remoteref) refs/heads/grsy refs/remotes/grsy [2ms]
2023-02-23 23:54:15.709 [info] > git for-each-ref --sort -committerdate --format %(refname) %(objectname) %(*objectname) [4ms]
2023-02-23 23:54:15.734 [info] > git status -z -uall [34ms]
2023-02-23 23:54:15.886 [info] > git ls-files --stage -- /home/ec2-user/jenkins-first-webhook-project/hello-world.py [4ms]
2023-02-23 23:54:15.890 [info] > git cat-file -s 194ee44b49d148ee9172cf0b79b93c5bf6d813b2 [2ms]
2023-02-23 23:54:16.070 [info] > git show --textconv :hello-world.py [3ms]
2023-02-23 23:56:35.448 [info] > git fetch [179ms]
2023-02-23 23:56:35.456 [info] > git config --get commit.template [4ms]
2023-02-23 23:56:35.458 [info] > git for-each-ref --format=%(refname)%00%(upstream:short)%00%(objectname)%00%(upstream:track)%00%(upstream:remotename)%00%(upstream:remoteref) refs/heads/grsy refs/remotes/grsy [2ms]
2023-02-23 23:56:35.477 [info] > git for-each-ref --sort -committerdate --format %(refname) %(objectname) %(*objectname) [11ms]
2023-02-23 23:56:35.492 [info] > git status -z -uall [32ms]
2023-02-23 23:56:36.746 [info] > git config --get commit.template [4ms]
2023-02-23 23:56:36.747 [info] > git for-each-ref --format=%(refname)%00%(upstream:short)%00%(objectname)%00%(upstream:track)%00%(upstream:remotename)%00%(upstream:remoteref) refs/heads/grsy refs/remotes/grsy [2ms]
2023-02-23 23:56:36.770 [info] > git for-each-ref --sort -committerdate --format %(refname) %(objectname) %(*objectname) [15ms]
2023-02-23 23:56:36.781 [info] > git status -z -uall [31ms]
2023-02-23 23:56:37.020 [info] > git ls-files --stage -- /home/ec2-user/jenkins-first-webhook-project/hello-world.py [3ms]
2023-02-23 23:56:37.024 [info] > git cat-file -s 194ee44b49d148ee9172cf0b79b93c5bf6d813b2 [2ms]
2023-02-23 23:56:37.227 [info] > git show --textconv :hello-world.py [4ms]
2023-02-23 23:56:50.236 [info] > git check-ignore -v -z --stdin [3ms]
2023-02-23 23:56:50.348 [info] > git show --textconv :examples [16ms]
2023-02-23 23:56:50.352 [info] > git ls-files --stage -- /home/ec2-user/jenkins-first-webhook-project/examples [12ms]
2023-02-23 23:56:50.590 [info] > git config --get commit.template [4ms]
2023-02-23 23:56:50.592 [info] > git for-each-ref --format=%(refname)%00%(upstream:short)%00%(objectname)%00%(upstream:track)%00%(upstream:remotename)%00%(upstream:remoteref) refs/heads/grsy refs/remotes/grsy [2ms]
2023-02-23 23:56:50.617 [info] > git for-each-ref --sort -committerdate --format %(refname) %(objectname) %(*objectname) [11ms]
2023-02-23 23:56:50.631 [info] > git status -z -uall [31ms]
2023-02-23 23:57:00.204 [info] > git config --get commit.template [4ms]
2023-02-23 23:57:00.205 [info] > git for-each-ref --format=%(refname)%00%(upstream:short)%00%(objectname)%00%(upstream:track)%00%(upstream:remotename)%00%(upstream:remoteref) refs/heads/grsy refs/remotes/grsy [2ms]
2023-02-23 23:57:00.224 [info] > git for-each-ref --sort -committerdate --format %(refname) %(objectname) %(*objectname) [11ms]
2023-02-23 23:57:00.240 [info] > git status -z -uall [32ms]
2023-02-23 23:57:05.252 [info] > git config --get commit.template [5ms]
2023-02-23 23:57:05.254 [info] > git for-each-ref --format=%(refname)%00%(upstream:short)%00%(objectname)%00%(upstream:track)%00%(upstream:remotename)%00%(upstream:remoteref) refs/heads/grsy refs/remotes/grsy [3ms]
2023-02-23 23:57:05.273 [info] > git for-each-ref --sort -committerdate --format %(refname) %(objectname) %(*objectname) [12ms]
2023-02-23 23:57:05.290 [info] > git status -z -uall [34ms]
2023-02-23 23:57:13.254 [info] > git config --get commit.template [14ms]
2023-02-23 23:57:13.256 [info] > git for-each-ref --format=%(refname)%00%(upstream:short)%00%(objectname)%00%(upstream:track)%00%(upstream:remotename)%00%(upstream:remoteref) refs/heads/grsy refs/remotes/grsy [2ms]
2023-02-23 23:57:13.279 [info] > git for-each-ref --sort -committerdate --format %(refname) %(objectname) %(*objectname) [15ms]
2023-02-23 23:57:13.290 [info] > git status -z -uall [32ms]
2023-02-23 23:57:36.330 [info] > git check-ignore -v -z --stdin [3ms]
2023-02-23 23:57:36.414 [info] > git show --textconv :examples.py [6ms]
2023-02-23 23:57:36.418 [info] > git ls-files --stage -- /home/ec2-user/jenkins-first-webhook-project/examples.py [4ms]
2023-02-23 23:57:36.667 [info] > git config --get commit.template [6ms]
2023-02-23 23:57:36.669 [info] > git for-each-ref --format=%(refname)%00%(upstream:short)%00%(objectname)%00%(upstream:track)%00%(upstream:remotename)%00%(upstream:remoteref) refs/heads/grsy refs/remotes/grsy [3ms]
2023-02-23 23:57:36.679 [info] > git for-each-ref --sort -committerdate --format %(refname) %(objectname) %(*objectname) [2ms]
2023-02-23 23:57:36.702 [info] > git status -z -uall [31ms]
2023-02-23 23:57:46.705 [info] > git config --get commit.template [4ms]
2023-02-23 23:57:46.707 [info] > git for-each-ref --format=%(refname)%00%(upstream:short)%00%(objectname)%00%(upstream:track)%00%(upstream:remotename)%00%(upstream:remoteref) refs/heads/grsy refs/remotes/grsy [3ms]
2023-02-23 23:57:46.728 [info] > git for-each-ref --sort -committerdate --format %(refname) %(objectname) %(*objectname) [14ms]
2023-02-23 23:57:46.741 [info] > git status -z -uall [32ms]
2023-02-23 23:57:51.753 [info] > git config --get commit.template [4ms]
2023-02-23 23:57:51.756 [info] > git for-each-ref --format=%(refname)%00%(upstream:short)%00%(objectname)%00%(upstream:track)%00%(upstream:remotename)%00%(upstream:remoteref) refs/heads/grsy refs/remotes/grsy [3ms]
2023-02-23 23:57:51.773 [info] > git for-each-ref --sort -committerdate --format %(refname) %(objectname) %(*objectname) [10ms]
2023-02-23 23:57:51.790 [info] > git status -z -uall [31ms]
2023-02-23 23:57:56.801 [info] > git config --get commit.template [5ms]
2023-02-23 23:57:56.804 [info] > git for-each-ref --format=%(refname)%00%(upstream:short)%00%(objectname)%00%(upstream:track)%00%(upstream:remotename)%00%(upstream:remoteref) refs/heads/grsy refs/remotes/grsy [4ms]
2023-02-23 23:57:56.823 [info] > git for-each-ref --sort -committerdate --format %(refname) %(objectname) %(*objectname) [11ms]
2023-02-23 23:57:56.840 [info] > git status -z -uall [32ms]
2023-02-23 23:58:01.852 [info] > git config --get commit.template [5ms]
2023-02-23 23:58:01.854 [info] > git for-each-ref --format=%(refname)%00%(upstream:short)%00%(objectname)%00%(upstream:track)%00%(upstream:remotename)%00%(upstream:remoteref) refs/heads/grsy refs/remotes/grsy [2ms]
2023-02-23 23:58:01.874 [info] > git for-each-ref --sort -committerdate --format %(refname) %(objectname) %(*objectname) [11ms]
2023-02-23 23:58:01.889 [info] > git status -z -uall [32ms]
2023-02-23 23:58:06.901 [info] > git config --get commit.template [5ms]
2023-02-23 23:58:06.903 [info] > git for-each-ref --format=%(refname)%00%(upstream:short)%00%(objectname)%00%(upstream:track)%00%(upstream:remotename)%00%(upstream:remoteref) refs/heads/grsy refs/remotes/grsy [2ms]
2023-02-23 23:58:06.921 [info] > git for-each-ref --sort -committerdate --format %(refname) %(objectname) %(*objectname) [11ms]
2023-02-23 23:58:06.937 [info] > git status -z -uall [32ms]
2023-02-23 23:58:17.034 [info] > git config --get commit.template [4ms]
2023-02-23 23:58:17.036 [info] > git for-each-ref --format=%(refname)%00%(upstream:short)%00%(objectname)%00%(upstream:track)%00%(upstream:remotename)%00%(upstream:remoteref) refs/heads/grsy refs/remotes/grsy [3ms]
2023-02-23 23:58:17.045 [info] > git for-each-ref --sort -committerdate --format %(refname) %(objectname) %(*objectname) [2ms]
2023-02-23 23:58:17.069 [info] > git status -z -uall [31ms]
2023-02-23 23:58:17.318 [info] > git ls-files --stage -- /home/ec2-user/jenkins-first-webhook-project/hello-world.py [5ms]
2023-02-23 23:58:17.323 [info] > git ls-files --stage -- /home/ec2-user/jenkins-first-webhook-project/examples.py [5ms]
2023-02-23 23:58:17.326 [info] > git cat-file -s 194ee44b49d148ee9172cf0b79b93c5bf6d813b2 [3ms]
2023-02-23 23:58:17.514 [info] > git show --textconv :examples.py [6ms]
2023-02-23 23:58:17.518 [info] > git show --textconv :hello-world.py [4ms]
2023-02-23 23:58:25.813 [info] > git config --get commit.template [4ms]
2023-02-23 23:58:25.815 [info] > git for-each-ref --format=%(refname)%00%(upstream:short)%00%(objectname)%00%(upstream:track)%00%(upstream:remotename)%00%(upstream:remoteref) refs/heads/grsy refs/remotes/grsy [3ms]
2023-02-23 23:58:25.839 [info] > git for-each-ref --sort -committerdate --format %(refname) %(objectname) %(*objectname) [16ms]
2023-02-23 23:58:25.850 [info] > git status -z -uall [32ms]
2023-02-23 23:58:26.085 [info] > git ls-files --stage -- /home/ec2-user/jenkins-first-webhook-project/hello-world.py [6ms]
2023-02-23 23:58:26.090 [info] > git ls-files --stage -- /home/ec2-user/jenkins-first-webhook-project/examples.py [5ms]
2023-02-23 23:58:26.094 [info] > git cat-file -s 194ee44b49d148ee9172cf0b79b93c5bf6d813b2 [4ms]
2023-02-23 23:58:26.097 [info] > git cat-file -s 5d76277272329832e6534075f1e8ddebc348d6bc [4ms]
2023-02-23 23:58:26.293 [info] > git show --textconv :hello-world.py [7ms]
2023-02-23 23:58:26.296 [info] > git show --textconv :examples.py [4ms]
2023-02-23 23:58:46.810 [info] > git config --get commit.template [4ms]
2023-02-23 23:58:46.812 [info] > git for-each-ref --format=%(refname)%00%(upstream:short)%00%(objectname)%00%(upstream:track)%00%(upstream:remotename)%00%(upstream:remoteref) refs/heads/grsy refs/remotes/grsy [2ms]
2023-02-23 23:58:46.831 [info] > git for-each-ref --sort -committerdate --format %(refname) %(objectname) %(*objectname) [11ms]
2023-02-23 23:58:46.847 [info] > git status -z -uall [32ms]
2023-02-23 23:58:47.086 [info] > git ls-files --stage -- /home/ec2-user/jenkins-first-webhook-project/hello-world.py [6ms]
2023-02-23 23:58:47.091 [info] > git ls-files --stage -- /home/ec2-user/jenkins-first-webhook-project/examples.py [5ms]
2023-02-23 23:58:47.095 [info] > git cat-file -s 194ee44b49d148ee9172cf0b79b93c5bf6d813b2 [4ms]
2023-02-23 23:58:47.099 [info] > git cat-file -s 5d76277272329832e6534075f1e8ddebc348d6bc [5ms]
2023-02-23 23:58:47.301 [info] > git show --textconv :hello-world.py [6ms]
2023-02-23 23:58:47.306 [info] > git show --textconv :examples.py [6ms]
2023-02-23 23:58:56.824 [info] > git config --get commit.template [4ms]
2023-02-23 23:58:56.826 [info] > git for-each-ref --format=%(refname)%00%(upstream:short)%00%(objectname)%00%(upstream:track)%00%(upstream:remotename)%00%(upstream:remoteref) refs/heads/grsy refs/remotes/grsy [2ms]
2023-02-23 23:58:56.844 [info] > git for-each-ref --sort -committerdate --format %(refname) %(objectname) %(*objectname) [11ms]
2023-02-23 23:58:56.860 [info] > git status -z -uall [32ms]
2023-02-23 23:58:57.107 [info] > git ls-files --stage -- /home/ec2-user/jenkins-first-webhook-project/hello-world.py [6ms]
2023-02-23 23:58:57.112 [info] > git ls-files --stage -- /home/ec2-user/jenkins-first-webhook-project/examples.py [9ms]
2023-02-23 23:58:57.116 [info] > git cat-file -s 194ee44b49d148ee9172cf0b79b93c5bf6d813b2 [5ms]
2023-02-23 23:58:57.118 [info] > git cat-file -s 5d76277272329832e6534075f1e8ddebc348d6bc [3ms]
2023-02-23 23:58:57.309 [info] > git show --textconv :hello-world.py [9ms]
2023-02-23 23:58:57.312 [info] > git show --textconv :examples.py [5ms]
2023-02-24 00:05:57.438 [info] > git fetch [189ms]
2023-02-24 00:05:57.446 [info] > git config --get commit.template [4ms]
2023-02-24 00:05:57.448 [info] > git for-each-ref --format=%(refname)%00%(upstream:short)%00%(objectname)%00%(upstream:track)%00%(upstream:remotename)%00%(upstream:remoteref) refs/heads/grsy refs/remotes/grsy [2ms]
2023-02-24 00:05:57.470 [info] > git for-each-ref --sort -committerdate --format %(refname) %(objectname) %(*objectname) [15ms]
2023-02-24 00:05:57.482 [info] > git status -z -uall [32ms]
2023-02-24 00:05:58.755 [info] > git config --get commit.template [4ms]
2023-02-24 00:05:58.757 [info] > git for-each-ref --format=%(refname)%00%(upstream:short)%00%(objectname)%00%(upstream:track)%00%(upstream:remotename)%00%(upstream:remoteref) refs/heads/grsy refs/remotes/grsy [2ms]
2023-02-24 00:05:58.776 [info] > git for-each-ref --sort -committerdate --format %(refname) %(objectname) %(*objectname) [12ms]
2023-02-24 00:05:58.791 [info] > git status -z -uall [32ms]
2023-02-24 00:05:59.030 [info] > git ls-files --stage -- /home/ec2-user/jenkins-first-webhook-project/hello-world.py [6ms]
2023-02-24 00:05:59.036 [info] > git ls-files --stage -- /home/ec2-user/jenkins-first-webhook-project/examples.py [7ms]
2023-02-24 00:05:59.039 [info] > git cat-file -s 194ee44b49d148ee9172cf0b79b93c5bf6d813b2 [6ms]
2023-02-24 00:05:59.041 [info] > git cat-file -s 5d76277272329832e6534075f1e8ddebc348d6bc [3ms]
2023-02-24 00:05:59.218 [info] > git show --textconv :hello-world.py [4ms]
2023-02-24 00:05:59.230 [info] > git show --textconv :examples.py [3ms]
