2023-02-25 14:19:52.546 [info] Log level: Info
2023-02-25 14:19:52.546 [info] Validating found git in: "git"
2023-02-25 14:19:52.546 [info] Using git "2.39.1" from "git"
2023-02-25 14:19:52.546 [info] > git rev-parse --show-toplevel [48ms]
2023-02-25 14:19:52.546 [info] > git rev-parse --git-dir --git-common-dir [3ms]
2023-02-25 14:19:52.546 [info] Open repository: /home/ec2-user/jenkins-first-webhook-project
2023-02-25 14:19:52.546 [info] > git config --get commit.template [6ms]
2023-02-25 14:19:52.546 [info] > git for-each-ref --format=%(refname)%00%(upstream:short)%00%(objectname)%00%(upstream:track)%00%(upstream:remotename)%00%(upstream:remoteref) refs/heads/master refs/remotes/master [7ms]
2023-02-25 14:19:52.546 [info] > git status -z -uall [9ms]
2023-02-25 14:19:52.546 [info] > git for-each-ref --sort -committerdate --format %(refname) %(objectname) %(*objectname) [13ms]
2023-02-25 14:19:52.546 [info] > git config --get commit.template [5ms]
2023-02-25 14:19:52.546 [info] > git for-each-ref --format=%(refname)%00%(upstream:short)%00%(objectname)%00%(upstream:track)%00%(upstream:remotename)%00%(upstream:remoteref) refs/heads/master refs/remotes/master [4ms]
2023-02-25 14:19:52.546 [info] > git status -z -uall [6ms]
2023-02-25 14:19:52.546 [info] > git for-each-ref --sort -committerdate --format %(refname) %(objectname) %(*objectname) [5ms]
2023-02-25 14:19:52.546 [info] > git fetch [234ms]
2023-02-25 14:19:52.546 [info] > git config --get commit.template [4ms]
2023-02-25 14:19:52.546 [info] > git for-each-ref --format=%(refname)%00%(upstream:short)%00%(objectname)%00%(upstream:track)%00%(upstream:remotename)%00%(upstream:remoteref) refs/heads/master refs/remotes/master [3ms]
2023-02-25 14:19:52.546 [info] > git status -z -uall [5ms]
2023-02-25 14:19:52.546 [info] > git for-each-ref --sort -committerdate --format %(refname) %(objectname) %(*objectname) [3ms]
2023-02-25 14:19:52.546 [info] > git check-ignore -v -z --stdin [3ms]
2023-02-25 14:19:52.546 [info] > git show --textconv :hello-world.py [28ms]
2023-02-25 14:19:52.546 [info] > git ls-files --stage -- /home/ec2-user/jenkins-first-webhook-project/hello-world.py [17ms]
2023-02-25 14:19:52.546 [info] > git cat-file -s d6dde3c9d3fbc7c72c73a5c6bbe158a51d2b8e56 [4ms]
2023-02-25 14:19:52.546 [info] > git config --get commit.template [5ms]
2023-02-25 14:19:52.546 [info] > git for-each-ref --format=%(refname)%00%(upstream:short)%00%(objectname)%00%(upstream:track)%00%(upstream:remotename)%00%(upstream:remoteref) refs/heads/master refs/remotes/master [13ms]
2023-02-25 14:19:52.546 [info] > git status -z -uall [10ms]
2023-02-25 14:19:52.546 [info] > git for-each-ref --sort -committerdate --format %(refname) %(objectname) %(*objectname) [6ms]
2023-02-25 14:19:52.546 [info] > git ls-files --stage -- /home/ec2-user/jenkins-first-webhook-project/hello-world.py [2ms]
2023-02-25 14:19:52.546 [info] > git cat-file -s d6dde3c9d3fbc7c72c73a5c6bbe158a51d2b8e56 [2ms]
2023-02-25 14:19:52.552 [info] > git show --textconv :hello-world.py [2ms]
2023-02-25 14:22:08.573 [info] > git config --get commit.template [5ms]
2023-02-25 14:22:08.575 [info] > git for-each-ref --format=%(refname)%00%(upstream:short)%00%(objectname)%00%(upstream:track)%00%(upstream:remotename)%00%(upstream:remoteref) refs/heads/master refs/remotes/master [3ms]
2023-02-25 14:22:08.583 [info] > git status -z -uall [5ms]
2023-02-25 14:22:08.586 [info] > git for-each-ref --sort -committerdate --format %(refname) %(objectname) %(*objectname) [4ms]
2023-02-25 14:22:13.605 [info] > git config --get commit.template [5ms]
2023-02-25 14:22:13.607 [info] > git for-each-ref --format=%(refname)%00%(upstream:short)%00%(objectname)%00%(upstream:track)%00%(upstream:remotename)%00%(upstream:remoteref) refs/heads/master refs/remotes/master [3ms]
2023-02-25 14:22:13.614 [info] > git status -z -uall [5ms]
2023-02-25 14:22:13.617 [info] > git for-each-ref --sort -committerdate --format %(refname) %(objectname) %(*objectname) [4ms]
2023-02-25 14:22:18.629 [info] > git config --get commit.template [4ms]
2023-02-25 14:22:18.631 [info] > git for-each-ref --format=%(refname)%00%(upstream:short)%00%(objectname)%00%(upstream:track)%00%(upstream:remotename)%00%(upstream:remoteref) refs/heads/master refs/remotes/master [2ms]
2023-02-25 14:22:18.643 [info] > git status -z -uall [6ms]
2023-02-25 14:22:18.647 [info] > git for-each-ref --sort -committerdate --format %(refname) %(objectname) %(*objectname) [5ms]
2023-02-25 14:22:23.659 [info] > git config --get commit.template [5ms]
2023-02-25 14:22:23.661 [info] > git for-each-ref --format=%(refname)%00%(upstream:short)%00%(objectname)%00%(upstream:track)%00%(upstream:remotename)%00%(upstream:remoteref) refs/heads/master refs/remotes/master [3ms]
2023-02-25 14:22:23.669 [info] > git status -z -uall [6ms]
2023-02-25 14:22:23.672 [info] > git for-each-ref --sort -committerdate --format %(refname) %(objectname) %(*objectname) [5ms]
2023-02-25 14:22:28.683 [info] > git config --get commit.template [5ms]
2023-02-25 14:22:28.685 [info] > git for-each-ref --format=%(refname)%00%(upstream:short)%00%(objectname)%00%(upstream:track)%00%(upstream:remotename)%00%(upstream:remoteref) refs/heads/master refs/remotes/master [3ms]
2023-02-25 14:22:28.693 [info] > git status -z -uall [6ms]
2023-02-25 14:22:28.696 [info] > git for-each-ref --sort -committerdate --format %(refname) %(objectname) %(*objectname) [4ms]
2023-02-25 14:22:30.861 [info] > git ls-files --stage -- /home/ec2-user/jenkins-first-webhook-project/hello-world.py [2ms]
2023-02-25 14:22:30.865 [info] > git cat-file -s 35b5f71cce974dd40582ce39dcdb6a7cf0a0dc97 [2ms]
2023-02-25 14:22:31.083 [info] > git show --textconv :hello-world.py [3ms]
2023-02-25 14:22:33.709 [info] > git config --get commit.template [4ms]
2023-02-25 14:22:33.711 [info] > git for-each-ref --format=%(refname)%00%(upstream:short)%00%(objectname)%00%(upstream:track)%00%(upstream:remotename)%00%(upstream:remoteref) refs/heads/master refs/remotes/master [2ms]
2023-02-25 14:22:33.719 [info] > git status -z -uall [5ms]
2023-02-25 14:22:33.721 [info] > git for-each-ref --sort -committerdate --format %(refname) %(objectname) %(*objectname) [3ms]
2023-02-25 14:22:50.391 [info] > git fetch [167ms]
2023-02-25 14:22:50.399 [info] > git config --get commit.template [4ms]
2023-02-25 14:22:50.402 [info] > git for-each-ref --format=%(refname)%00%(upstream:short)%00%(objectname)%00%(upstream:track)%00%(upstream:remotename)%00%(upstream:remoteref) refs/heads/master refs/remotes/master [2ms]
2023-02-25 14:22:50.413 [info] > git status -z -uall [6ms]
2023-02-25 14:22:50.416 [info] > git for-each-ref --sort -committerdate --format %(refname) %(objectname) %(*objectname) [4ms]
2023-02-25 14:22:51.712 [info] > git config --get commit.template [4ms]
2023-02-25 14:22:51.714 [info] > git for-each-ref --format=%(refname)%00%(upstream:short)%00%(objectname)%00%(upstream:track)%00%(upstream:remotename)%00%(upstream:remoteref) refs/heads/master refs/remotes/master [3ms]
2023-02-25 14:22:51.721 [info] > git status -z -uall [5ms]
2023-02-25 14:22:51.723 [info] > git for-each-ref --sort -committerdate --format %(refname) %(objectname) %(*objectname) [3ms]
2023-02-25 14:22:51.980 [info] > git ls-files --stage -- /home/ec2-user/jenkins-first-webhook-project/hello-world.py [2ms]
2023-02-25 14:22:51.984 [info] > git cat-file -s 35b5f71cce974dd40582ce39dcdb6a7cf0a0dc97 [2ms]
2023-02-25 14:22:52.190 [info] > git show --textconv :hello-world.py [4ms]
2023-02-25 14:22:53.701 [info] > git ls-files --stage -- /home/ec2-user/jenkins-first-webhook-project/hello-world.py [9ms]
2023-02-25 14:22:53.712 [info] > git cat-file -s 35b5f71cce974dd40582ce39dcdb6a7cf0a0dc97 [6ms]
2023-02-25 14:22:53.905 [info] > git show --textconv :hello-world.py [3ms]
2023-02-25 14:22:56.737 [info] > git config --get commit.template [4ms]
2023-02-25 14:22:56.742 [info] > git for-each-ref --format=%(refname)%00%(upstream:short)%00%(objectname)%00%(upstream:track)%00%(upstream:remotename)%00%(upstream:remoteref) refs/heads/master refs/remotes/master [5ms]
2023-02-25 14:22:56.749 [info] > git status -z -uall [5ms]
2023-02-25 14:22:56.752 [info] > git for-each-ref --sort -committerdate --format %(refname) %(objectname) %(*objectname) [3ms]
2023-02-25 14:23:00.240 [info] > git ls-files --stage -- /home/ec2-user/jenkins-first-webhook-project/hello-world.py [2ms]
2023-02-25 14:23:00.243 [info] > git cat-file -s 35b5f71cce974dd40582ce39dcdb6a7cf0a0dc97 [2ms]
2023-02-25 14:23:00.429 [info] > git show --textconv :hello-world.py [3ms]
2023-02-25 14:23:01.765 [info] > git config --get commit.template [4ms]
2023-02-25 14:23:01.767 [info] > git for-each-ref --format=%(refname)%00%(upstream:short)%00%(objectname)%00%(upstream:track)%00%(upstream:remotename)%00%(upstream:remoteref) refs/heads/master refs/remotes/master [2ms]
2023-02-25 14:23:01.774 [info] > git status -z -uall [5ms]
2023-02-25 14:23:01.777 [info] > git for-each-ref --sort -committerdate --format %(refname) %(objectname) %(*objectname) [3ms]
2023-02-25 14:25:50.587 [info] > git fetch [164ms]
2023-02-25 14:25:50.595 [info] > git config --get commit.template [4ms]
2023-02-25 14:25:50.597 [info] > git for-each-ref --format=%(refname)%00%(upstream:short)%00%(objectname)%00%(upstream:track)%00%(upstream:remotename)%00%(upstream:remoteref) refs/heads/master refs/remotes/master [2ms]
2023-02-25 14:25:50.603 [info] > git status -z -uall [4ms]
2023-02-25 14:25:50.606 [info] > git for-each-ref --sort -committerdate --format %(refname) %(objectname) %(*objectname) [3ms]
2023-02-25 14:25:51.909 [info] > git config --get commit.template [5ms]
2023-02-25 14:25:51.911 [info] > git for-each-ref --format=%(refname)%00%(upstream:short)%00%(objectname)%00%(upstream:track)%00%(upstream:remotename)%00%(upstream:remoteref) refs/heads/master refs/remotes/master [3ms]
2023-02-25 14:25:51.918 [info] > git status -z -uall [5ms]
2023-02-25 14:25:51.921 [info] > git for-each-ref --sort -committerdate --format %(refname) %(objectname) %(*objectname) [4ms]
2023-02-25 14:25:52.181 [info] > git ls-files --stage -- /home/ec2-user/jenkins-first-webhook-project/hello-world.py [3ms]
2023-02-25 14:25:52.184 [info] > git cat-file -s 35b5f71cce974dd40582ce39dcdb6a7cf0a0dc97 [1ms]
2023-02-25 14:25:52.397 [info] > git show --textconv :hello-world.py [3ms]
2023-02-25 14:25:56.932 [info] > git config --get commit.template [4ms]
2023-02-25 14:25:56.934 [info] > git for-each-ref --format=%(refname)%00%(upstream:short)%00%(objectname)%00%(upstream:track)%00%(upstream:remotename)%00%(upstream:remoteref) refs/heads/master refs/remotes/master [3ms]
2023-02-25 14:25:56.941 [info] > git status -z -uall [5ms]
2023-02-25 14:25:56.949 [info] > git for-each-ref --sort -committerdate --format %(refname) %(objectname) %(*objectname) [9ms]
2023-02-25 14:26:01.968 [info] > git config --get commit.template [7ms]
2023-02-25 14:26:01.970 [info] > git for-each-ref --format=%(refname)%00%(upstream:short)%00%(objectname)%00%(upstream:track)%00%(upstream:remotename)%00%(upstream:remoteref) refs/heads/master refs/remotes/master [3ms]
2023-02-25 14:26:01.978 [info] > git status -z -uall [6ms]
2023-02-25 14:26:01.981 [info] > git for-each-ref --sort -committerdate --format %(refname) %(objectname) %(*objectname) [3ms]
2023-02-25 14:26:07.003 [info] > git config --get commit.template [14ms]
2023-02-25 14:26:07.009 [info] > git for-each-ref --format=%(refname)%00%(upstream:short)%00%(objectname)%00%(upstream:track)%00%(upstream:remotename)%00%(upstream:remoteref) refs/heads/master refs/remotes/master [7ms]
2023-02-25 14:26:07.017 [info] > git status -z -uall [6ms]
2023-02-25 14:26:07.019 [info] > git for-each-ref --sort -committerdate --format %(refname) %(objectname) %(*objectname) [3ms]
2023-02-25 14:26:12.032 [info] > git config --get commit.template [5ms]
2023-02-25 14:26:12.034 [info] > git for-each-ref --format=%(refname)%00%(upstream:short)%00%(objectname)%00%(upstream:track)%00%(upstream:remotename)%00%(upstream:remoteref) refs/heads/master refs/remotes/master [2ms]
2023-02-25 14:26:12.042 [info] > git status -z -uall [5ms]
2023-02-25 14:26:12.048 [info] > git for-each-ref --sort -committerdate --format %(refname) %(objectname) %(*objectname) [4ms]
2023-02-25 14:26:17.058 [info] > git config --get commit.template [4ms]
2023-02-25 14:26:17.060 [info] > git for-each-ref --format=%(refname)%00%(upstream:short)%00%(objectname)%00%(upstream:track)%00%(upstream:remotename)%00%(upstream:remoteref) refs/heads/master refs/remotes/master [2ms]
2023-02-25 14:26:17.076 [info] > git status -z -uall [14ms]
2023-02-25 14:26:17.078 [info] > git for-each-ref --sort -committerdate --format %(refname) %(objectname) %(*objectname) [3ms]
2023-02-25 14:26:26.138 [info] > git config --get commit.template [4ms]
2023-02-25 14:26:26.140 [info] > git for-each-ref --format=%(refname)%00%(upstream:short)%00%(objectname)%00%(upstream:track)%00%(upstream:remotename)%00%(upstream:remoteref) refs/heads/master refs/remotes/master [2ms]
2023-02-25 14:26:26.147 [info] > git status -z -uall [5ms]
2023-02-25 14:26:26.150 [info] > git for-each-ref --sort -committerdate --format %(refname) %(objectname) %(*objectname) [4ms]
2023-02-25 14:26:26.566 [info] > git ls-files --stage -- /home/ec2-user/jenkins-first-webhook-project/hello-world.py [3ms]
2023-02-25 14:26:26.570 [info] > git cat-file -s 3f62583d24abb2e65b0436da763f5739a131dbd7 [1ms]
2023-02-25 14:26:26.775 [info] > git show --textconv :hello-world.py [3ms]
2023-02-25 14:27:02.757 [info] > git config --get commit.template [5ms]
2023-02-25 14:27:02.765 [info] > git for-each-ref --format=%(refname)%00%(upstream:short)%00%(objectname)%00%(upstream:track)%00%(upstream:remotename)%00%(upstream:remoteref) refs/heads/master refs/remotes/master [9ms]
2023-02-25 14:27:02.777 [info] > git status -z -uall [7ms]
2023-02-25 14:27:02.784 [info] > git for-each-ref --sort -committerdate --format %(refname) %(objectname) %(*objectname) [7ms]
2023-02-25 14:27:03.035 [info] > git ls-files --stage -- /home/ec2-user/jenkins-first-webhook-project/hello-world.py [2ms]
2023-02-25 14:27:03.039 [info] > git cat-file -s 3f62583d24abb2e65b0436da763f5739a131dbd7 [1ms]
2023-02-25 14:27:03.254 [info] > git show --textconv :hello-world.py [4ms]
2023-02-25 14:27:10.921 [info] > git config --get commit.template [5ms]
2023-02-25 14:27:10.923 [info] > git for-each-ref --format=%(refname)%00%(upstream:short)%00%(objectname)%00%(upstream:track)%00%(upstream:remotename)%00%(upstream:remoteref) refs/heads/master refs/remotes/master [2ms]
2023-02-25 14:27:10.931 [info] > git status -z -uall [5ms]
2023-02-25 14:27:10.934 [info] > git for-each-ref --sort -committerdate --format %(refname) %(objectname) %(*objectname) [3ms]
2023-02-25 14:27:11.198 [info] > git ls-files --stage -- /home/ec2-user/jenkins-first-webhook-project/hello-world.py [2ms]
2023-02-25 14:27:11.202 [info] > git cat-file -s 3f62583d24abb2e65b0436da763f5739a131dbd7 [2ms]
2023-02-25 14:27:11.395 [info] > git show --textconv :hello-world.py [3ms]
2023-02-25 14:31:46.864 [info] > git fetch [141ms]
2023-02-25 14:31:46.871 [info] > git config --get commit.template [4ms]
2023-02-25 14:31:46.873 [info] > git for-each-ref --format=%(refname)%00%(upstream:short)%00%(objectname)%00%(upstream:track)%00%(upstream:remotename)%00%(upstream:remoteref) refs/heads/master refs/remotes/master [2ms]
2023-02-25 14:31:46.880 [info] > git status -z -uall [5ms]
2023-02-25 14:31:46.883 [info] > git for-each-ref --sort -committerdate --format %(refname) %(objectname) %(*objectname) [3ms]
2023-02-25 14:31:48.228 [info] > git config --get commit.template [4ms]
2023-02-25 14:31:48.230 [info] > git for-each-ref --format=%(refname)%00%(upstream:short)%00%(objectname)%00%(upstream:track)%00%(upstream:remotename)%00%(upstream:remoteref) refs/heads/master refs/remotes/master [2ms]
2023-02-25 14:31:48.238 [info] > git status -z -uall [6ms]
2023-02-25 14:31:48.241 [info] > git for-each-ref --sort -committerdate --format %(refname) %(objectname) %(*objectname) [3ms]
2023-02-25 14:31:48.503 [info] > git ls-files --stage -- /home/ec2-user/jenkins-first-webhook-project/hello-world.py [3ms]
2023-02-25 14:31:48.507 [info] > git cat-file -s 3f62583d24abb2e65b0436da763f5739a131dbd7 [2ms]
2023-02-25 14:31:48.845 [info] > git show --textconv :hello-world.py [3ms]
2023-02-25 14:31:59.221 [info] > git config --get commit.template [5ms]
2023-02-25 14:31:59.222 [info] > git for-each-ref --format=%(refname)%00%(upstream:short)%00%(objectname)%00%(upstream:track)%00%(upstream:remotename)%00%(upstream:remoteref) refs/heads/master refs/remotes/master [2ms]
2023-02-25 14:31:59.231 [info] > git status -z -uall [6ms]
2023-02-25 14:31:59.234 [info] > git for-each-ref --sort -committerdate --format %(refname) %(objectname) %(*objectname) [4ms]
2023-02-25 14:32:04.249 [info] > git config --get commit.template [5ms]
2023-02-25 14:32:04.250 [info] > git for-each-ref --format=%(refname)%00%(upstream:short)%00%(objectname)%00%(upstream:track)%00%(upstream:remotename)%00%(upstream:remoteref) refs/heads/master refs/remotes/master [2ms]
2023-02-25 14:32:04.257 [info] > git status -z -uall [4ms]
2023-02-25 14:32:04.260 [info] > git for-each-ref --sort -committerdate --format %(refname) %(objectname) %(*objectname) [3ms]
2023-02-25 14:32:09.272 [info] > git config --get commit.template [4ms]
2023-02-25 14:32:09.274 [info] > git for-each-ref --format=%(refname)%00%(upstream:short)%00%(objectname)%00%(upstream:track)%00%(upstream:remotename)%00%(upstream:remoteref) refs/heads/master refs/remotes/master [2ms]
2023-02-25 14:32:09.283 [info] > git status -z -uall [5ms]
2023-02-25 14:32:09.285 [info] > git for-each-ref --sort -committerdate --format %(refname) %(objectname) %(*objectname) [3ms]
2023-02-25 14:32:14.296 [info] > git config --get commit.template [4ms]
2023-02-25 14:32:14.300 [info] > git for-each-ref --format=%(refname)%00%(upstream:short)%00%(objectname)%00%(upstream:track)%00%(upstream:remotename)%00%(upstream:remoteref) refs/heads/master refs/remotes/master [4ms]
2023-02-25 14:32:14.310 [info] > git status -z -uall [6ms]
2023-02-25 14:32:14.312 [info] > git for-each-ref --sort -committerdate --format %(refname) %(objectname) %(*objectname) [4ms]
2023-02-25 14:32:16.810 [info] > git ls-files --stage -- /home/ec2-user/jenkins-first-webhook-project/hello-world.py [2ms]
2023-02-25 14:32:16.813 [info] > git cat-file -s 46b5cdc031ff87d30fef62d8a6af910d58d31f38 [2ms]
2023-02-25 14:32:17.024 [info] > git show --textconv :hello-world.py [2ms]
2023-02-25 14:32:19.324 [info] > git config --get commit.template [5ms]
2023-02-25 14:32:19.326 [info] > git for-each-ref --format=%(refname)%00%(upstream:short)%00%(objectname)%00%(upstream:track)%00%(upstream:remotename)%00%(upstream:remoteref) refs/heads/master refs/remotes/master [3ms]
2023-02-25 14:32:19.333 [info] > git status -z -uall [5ms]
2023-02-25 14:32:19.338 [info] > git for-each-ref --sort -committerdate --format %(refname) %(objectname) %(*objectname) [5ms]
2023-02-25 14:32:41.834 [info] > git config --get commit.template [4ms]
2023-02-25 14:32:41.836 [info] > git for-each-ref --format=%(refname)%00%(upstream:short)%00%(objectname)%00%(upstream:track)%00%(upstream:remotename)%00%(upstream:remoteref) refs/heads/master refs/remotes/master [2ms]
2023-02-25 14:32:41.844 [info] > git status -z -uall [6ms]
2023-02-25 14:32:41.847 [info] > git for-each-ref --sort -committerdate --format %(refname) %(objectname) %(*objectname) [3ms]
2023-02-25 14:32:42.126 [info] > git ls-files --stage -- /home/ec2-user/jenkins-first-webhook-project/hello-world.py [2ms]
2023-02-25 14:32:42.130 [info] > git cat-file -s 46b5cdc031ff87d30fef62d8a6af910d58d31f38 [2ms]
2023-02-25 14:32:42.353 [info] > git show --textconv :hello-world.py [3ms]
2023-02-25 14:32:52.834 [info] > git config --get commit.template [4ms]
2023-02-25 14:32:52.835 [info] > git for-each-ref --format=%(refname)%00%(upstream:short)%00%(objectname)%00%(upstream:track)%00%(upstream:remotename)%00%(upstream:remoteref) refs/heads/master refs/remotes/master [2ms]
2023-02-25 14:32:52.843 [info] > git status -z -uall [5ms]
2023-02-25 14:32:52.846 [info] > git for-each-ref --sort -committerdate --format %(refname) %(objectname) %(*objectname) [4ms]
2023-02-25 14:32:53.104 [info] > git ls-files --stage -- /home/ec2-user/jenkins-first-webhook-project/hello-world.py [2ms]
2023-02-25 14:32:53.108 [info] > git cat-file -s 46b5cdc031ff87d30fef62d8a6af910d58d31f38 [2ms]
2023-02-25 14:32:53.309 [info] > git show --textconv :hello-world.py [3ms]
2023-02-25 14:46:19.238 [info] > git fetch [156ms]
2023-02-25 14:46:19.245 [info] > git config --get commit.template [3ms]
2023-02-25 14:46:19.248 [info] > git for-each-ref --format=%(refname)%00%(upstream:short)%00%(objectname)%00%(upstream:track)%00%(upstream:remotename)%00%(upstream:remoteref) refs/heads/master refs/remotes/master [3ms]
2023-02-25 14:46:19.255 [info] > git status -z -uall [5ms]
2023-02-25 14:46:19.258 [info] > git for-each-ref --sort -committerdate --format %(refname) %(objectname) %(*objectname) [3ms]
2023-02-25 14:46:20.547 [info] > git config --get commit.template [4ms]
2023-02-25 14:46:20.548 [info] > git for-each-ref --format=%(refname)%00%(upstream:short)%00%(objectname)%00%(upstream:track)%00%(upstream:remotename)%00%(upstream:remoteref) refs/heads/master refs/remotes/master [2ms]
2023-02-25 14:46:20.556 [info] > git status -z -uall [5ms]
2023-02-25 14:46:20.559 [info] > git for-each-ref --sort -committerdate --format %(refname) %(objectname) %(*objectname) [4ms]
2023-02-25 14:46:20.823 [info] > git ls-files --stage -- /home/ec2-user/jenkins-first-webhook-project/hello-world.py [2ms]
2023-02-25 14:46:20.827 [info] > git cat-file -s 46b5cdc031ff87d30fef62d8a6af910d58d31f38 [2ms]
2023-02-25 14:46:21.254 [info] > git show --textconv :hello-world.py [2ms]
2023-02-25 14:53:33.347 [info] > git fetch [173ms]
2023-02-25 14:53:33.363 [info] > git config --get commit.template [8ms]
2023-02-25 14:53:33.364 [info] > git for-each-ref --format=%(refname)%00%(upstream:short)%00%(objectname)%00%(upstream:track)%00%(upstream:remotename)%00%(upstream:remoteref) refs/heads/master refs/remotes/master [2ms]
2023-02-25 14:53:33.376 [info] > git status -z -uall [7ms]
2023-02-25 14:53:33.381 [info] > git for-each-ref --sort -committerdate --format %(refname) %(objectname) %(*objectname) [6ms]
2023-02-25 14:53:34.668 [info] > git config --get commit.template [5ms]
2023-02-25 14:53:34.670 [info] > git for-each-ref --format=%(refname)%00%(upstream:short)%00%(objectname)%00%(upstream:track)%00%(upstream:remotename)%00%(upstream:remoteref) refs/heads/master refs/remotes/master [2ms]
2023-02-25 14:53:34.677 [info] > git status -z -uall [5ms]
2023-02-25 14:53:34.680 [info] > git for-each-ref --sort -committerdate --format %(refname) %(objectname) %(*objectname) [3ms]
2023-02-25 14:53:34.963 [info] > git ls-files --stage -- /home/ec2-user/jenkins-first-webhook-project/hello-world.py [2ms]
2023-02-25 14:53:34.967 [info] > git cat-file -s 46b5cdc031ff87d30fef62d8a6af910d58d31f38 [2ms]
2023-02-25 14:53:35.386 [info] > git show --textconv :hello-world.py [5ms]
