*
* Visual Studio Code Server
*
* By using the software, you agree to
* the Visual Studio Code Server License Terms (https://aka.ms/vscode-server-license) and
* the Microsoft Privacy Statement (https://privacy.microsoft.com/en-US/privacystatement).
*
Server bound to 127.0.0.1:45895 (IPv4)
Extension host agent listening on 45895

[06:25:56] 




[06:25:57] Extension host agent started.
[06:25:57] [127.0.0.1][00f866df][ManagementConnection] New connection established.
[06:25:57] [127.0.0.1][b21de884][ExtensionHostConnection] New connection established.
[06:25:57] [127.0.0.1][b21de884][ExtensionHostConnection] <8289> Launched Extension Host Process.
[IPC Library: Pty Host]  WARN Shell integration cannot be enabled for executable "/bin/sh" and args [
  '-c',
  'wget --version > /dev/null\n' +
    'if [ $? -eq 0 ]\n' +
    'then\n' +
    "\twget --connect-timeout=7 --tries=1 --dns-timeout=7 -q --header='Metadata:true' -O - http://169.254.169.254/metadata/instance?api-version=2019-03-11\n" +
    'else\n' +
    '\tcurl --version > /dev/null\n' +
    '\tif [ $? -eq 0 ]\n' +
    '\tthen\n' +
    "\t\tcurl --connect-timeout 7 -s --header='Metadata:true' http://169.254.169.254/metadata/instance?api-version=2019-03-11\n" +
    '\tfi\n' +
    'fi\n' +
    'exit 0'
]
[IPC Library: Pty Host]  WARN Shell integration cannot be enabled for executable "/bin/sh" and args [
  '-c',
  'wget --version > /dev/null\n' +
    'if [ $? -eq 0 ]\n' +
    'then\n' +
    '\twget --connect-timeout=7 --tries=1 --dns-timeout=7 -q  -O - http://169.254.169.254/latest/meta-data/instance-id\n' +
    'else\n' +
    '\tcurl --version > /dev/null\n' +
    '\tif [ $? -eq 0 ]\n' +
    '\tthen\n' +
    '\t\tcurl --connect-timeout 7 -s  http://169.254.169.254/latest/meta-data/instance-id\n' +
    '\tfi\n' +
    'fi\n' +
    'exit 0'
]
[IPC Library: Pty Host]  WARN Shell integration cannot be enabled for executable "/bin/sh" and args [
  '-c',
  'wget --version > /dev/null\n' +
    'if [ $? -eq 0 ]\n' +
    'then\n' +
    '\twget --connect-timeout=7 --tries=1 --dns-timeout=7 -q  -O - http://169.254.169.254/metadata/v1/id\n' +
    'else\n' +
    '\tcurl --version > /dev/null\n' +
    '\tif [ $? -eq 0 ]\n' +
    '\tthen\n' +
    '\t\tcurl --connect-timeout 7 -s  http://169.254.169.254/metadata/v1/id\n' +
    '\tfi\n' +
    'fi\n' +
    'exit 0'
]
[IPC Library: Pty Host]  WARN Shell integration cannot be enabled for executable "/bin/sh" and args [
  '-c',
  'wget --version > /dev/null\n' +
    'if [ $? -eq 0 ]\n' +
    'then\n' +
    "\twget --connect-timeout=7 --tries=1 --dns-timeout=7 -q --header='Metadata-Flavor:Google' -O - http://metadata.google.internal/computeMetadata/v1/instance/id\n" +
    'else\n' +
    '\tcurl --version > /dev/null\n' +
    '\tif [ $? -eq 0 ]\n' +
    '\tthen\n' +
    "\t\tcurl --connect-timeout 7 -s --header='Metadata-Flavor:Google' http://metadata.google.internal/computeMetadata/v1/instance/id\n" +
    '\tfi\n' +
    'fi\n' +
    'exit 0'
]
[06:26:17] [127.0.0.1][00f866df][ManagementConnection] The client has disconnected gracefully, so the connection will be disposed.
[06:26:17] [127.0.0.1][b21de884][ExtensionHostConnection] <8289> Extension Host Process exited with code: 0, signal: null.
Cancelling previous shutdown timeout
[06:26:17] Cancelling previous shutdown timeout
Last EH closed, waiting before shutting down
[06:26:17] Last EH closed, waiting before shutting down
Got delay-shutdown request while in shutdown timeout, delaying
[06:26:22] Got delay-shutdown request while in shutdown timeout, delaying
Cancelling previous shutdown timeout
[06:26:22] Cancelling previous shutdown timeout
[06:26:23] [127.0.0.1][e05e4c8e][ManagementConnection] New connection established.
[06:26:23] [127.0.0.1][ea23c49e][ExtensionHostConnection] New connection established.
[06:26:23] [127.0.0.1][ea23c49e][ExtensionHostConnection] <8667> Launched Extension Host Process.
[IPC Library: Pty Host]  WARN Shell integration cannot be enabled for executable "/bin/sh" and args [
  '-c',
  'wget --version > /dev/null\n' +
    'if [ $? -eq 0 ]\n' +
    'then\n' +
    "\twget --connect-timeout=7 --tries=1 --dns-timeout=7 -q --header='Metadata:true' -O - http://169.254.169.254/metadata/instance?api-version=2019-03-11\n" +
    'else\n' +
    '\tcurl --version > /dev/null\n' +
    '\tif [ $? -eq 0 ]\n' +
    '\tthen\n' +
    "\t\tcurl --connect-timeout 7 -s --header='Metadata:true' http://169.254.169.254/metadata/instance?api-version=2019-03-11\n" +
    '\tfi\n' +
    'fi\n' +
    'exit 0'
]
[IPC Library: Pty Host]  WARN Shell integration cannot be enabled for executable "/bin/sh" and args [
  '-c',
  'wget --version > /dev/null\n' +
    'if [ $? -eq 0 ]\n' +
    'then\n' +
    '\twget --connect-timeout=7 --tries=1 --dns-timeout=7 -q  -O - http://169.254.169.254/latest/meta-data/instance-id\n' +
    'else\n' +
    '\tcurl --version > /dev/null\n' +
    '\tif [ $? -eq 0 ]\n' +
    '\tthen\n' +
    '\t\tcurl --connect-timeout 7 -s  http://169.254.169.254/latest/meta-data/instance-id\n' +
    '\tfi\n' +
    'fi\n' +
    'exit 0'
]
[IPC Library: Pty Host]  WARN Shell integration cannot be enabled for executable "/bin/sh" and args [
  '-c',
  'wget --version > /dev/null\n' +
    'if [ $? -eq 0 ]\n' +
    'then\n' +
    '\twget --connect-timeout=7 --tries=1 --dns-timeout=7 -q  -O - http://169.254.169.254/metadata/v1/id\n' +
    'else\n' +
    '\tcurl --version > /dev/null\n' +
    '\tif [ $? -eq 0 ]\n' +
    '\tthen\n' +
    '\t\tcurl --connect-timeout 7 -s  http://169.254.169.254/metadata/v1/id\n' +
    '\tfi\n' +
    'fi\n' +
    'exit 0'
]
[IPC Library: Pty Host]  WARN Shell integration cannot be enabled for executable "/bin/sh" and args [
  '-c',
  'wget --version > /dev/null\n' +
    'if [ $? -eq 0 ]\n' +
    'then\n' +
    "\twget --connect-timeout=7 --tries=1 --dns-timeout=7 -q --header='Metadata-Flavor:Google' -O - http://metadata.google.internal/computeMetadata/v1/instance/id\n" +
    'else\n' +
    '\tcurl --version > /dev/null\n' +
    '\tif [ $? -eq 0 ]\n' +
    '\tthen\n' +
    "\t\tcurl --connect-timeout 7 -s --header='Metadata-Flavor:Google' http://metadata.google.internal/computeMetadata/v1/instance/id\n" +
    '\tfi\n' +
    'fi\n' +
    'exit 0'
]
rejected promise not handled within 1 second: CodeExpectedError: Could not find pty on pty host
stack trace: CodeExpectedError: Could not find pty on pty host
    at S.L (/home/ec2-user/.vscode-server/bin/441438abd1ac652551dbe4d408dfcec8a499b8bf/out/vs/platform/terminal/node/ptyHostMain.js:27:6839)
    at S.updateTitle (/home/ec2-user/.vscode-server/bin/441438abd1ac652551dbe4d408dfcec8a499b8bf/out/vs/platform/terminal/node/ptyHostMain.js:27:2630)
    at Object.call (/home/ec2-user/.vscode-server/bin/441438abd1ac652551dbe4d408dfcec8a499b8bf/out/vs/platform/terminal/node/ptyHostMain.js:17:5043)
    at r.s (/home/ec2-user/.vscode-server/bin/441438abd1ac652551dbe4d408dfcec8a499b8bf/out/vs/platform/terminal/node/ptyHostMain.js:15:5412)
    at r.q (/home/ec2-user/.vscode-server/bin/441438abd1ac652551dbe4d408dfcec8a499b8bf/out/vs/platform/terminal/node/ptyHostMain.js:15:4915)
    at /home/ec2-user/.vscode-server/bin/441438abd1ac652551dbe4d408dfcec8a499b8bf/out/vs/platform/terminal/node/ptyHostMain.js:15:4326
    at invoke (/home/ec2-user/.vscode-server/bin/441438abd1ac652551dbe4d408dfcec8a499b8bf/out/vs/platform/terminal/node/ptyHostMain.js:11:145)
    at E.deliver (/home/ec2-user/.vscode-server/bin/441438abd1ac652551dbe4d408dfcec8a499b8bf/out/vs/platform/terminal/node/ptyHostMain.js:11:2033)
    at c.fire (/home/ec2-user/.vscode-server/bin/441438abd1ac652551dbe4d408dfcec8a499b8bf/out/vs/platform/terminal/node/ptyHostMain.js:11:1671)
    at process.F (/home/ec2-user/.vscode-server/bin/441438abd1ac652551dbe4d408dfcec8a499b8bf/out/vs/platform/terminal/node/ptyHostMain.js:9:20881)
    at process.emit (node:events:526:28)
    at emit (node:internal/child_process:938:14)
    at processTicksAndRejections (node:internal/process/task_queues:84:21)
[06:26:28] Error [CodeExpectedError]: Could not find pty on pty host
    at S.L (/home/ec2-user/.vscode-server/bin/441438abd1ac652551dbe4d408dfcec8a499b8bf/out/vs/platform/terminal/node/ptyHostMain.js:27:6839)
    at S.updateTitle (/home/ec2-user/.vscode-server/bin/441438abd1ac652551dbe4d408dfcec8a499b8bf/out/vs/platform/terminal/node/ptyHostMain.js:27:2630)
    at Object.call (/home/ec2-user/.vscode-server/bin/441438abd1ac652551dbe4d408dfcec8a499b8bf/out/vs/platform/terminal/node/ptyHostMain.js:17:5043)
    at r.s (/home/ec2-user/.vscode-server/bin/441438abd1ac652551dbe4d408dfcec8a499b8bf/out/vs/platform/terminal/node/ptyHostMain.js:15:5412)
    at r.q (/home/ec2-user/.vscode-server/bin/441438abd1ac652551dbe4d408dfcec8a499b8bf/out/vs/platform/terminal/node/ptyHostMain.js:15:4915)
    at /home/ec2-user/.vscode-server/bin/441438abd1ac652551dbe4d408dfcec8a499b8bf/out/vs/platform/terminal/node/ptyHostMain.js:15:4326
    at invoke (/home/ec2-user/.vscode-server/bin/441438abd1ac652551dbe4d408dfcec8a499b8bf/out/vs/platform/terminal/node/ptyHostMain.js:11:145)
    at E.deliver (/home/ec2-user/.vscode-server/bin/441438abd1ac652551dbe4d408dfcec8a499b8bf/out/vs/platform/terminal/node/ptyHostMain.js:11:2033)
    at c.fire (/home/ec2-user/.vscode-server/bin/441438abd1ac652551dbe4d408dfcec8a499b8bf/out/vs/platform/terminal/node/ptyHostMain.js:11:1671)
    at process.F (/home/ec2-user/.vscode-server/bin/441438abd1ac652551dbe4d408dfcec8a499b8bf/out/vs/platform/terminal/node/ptyHostMain.js:9:20881)
    at process.emit (node:events:526:28)
    at emit (node:internal/child_process:938:14)
    at processTicksAndRejections (node:internal/process/task_queues:84:21)
rejected promise not handled within 1 second: CodeExpectedError: Could not find pty on pty host
stack trace: CodeExpectedError: Could not find pty on pty host
    at S.L (/home/ec2-user/.vscode-server/bin/441438abd1ac652551dbe4d408dfcec8a499b8bf/out/vs/platform/terminal/node/ptyHostMain.js:27:6839)
    at S.updateIcon (/home/ec2-user/.vscode-server/bin/441438abd1ac652551dbe4d408dfcec8a499b8bf/out/vs/platform/terminal/node/ptyHostMain.js:27:2680)
    at Object.call (/home/ec2-user/.vscode-server/bin/441438abd1ac652551dbe4d408dfcec8a499b8bf/out/vs/platform/terminal/node/ptyHostMain.js:17:5043)
    at r.s (/home/ec2-user/.vscode-server/bin/441438abd1ac652551dbe4d408dfcec8a499b8bf/out/vs/platform/terminal/node/ptyHostMain.js:15:5412)
    at r.q (/home/ec2-user/.vscode-server/bin/441438abd1ac652551dbe4d408dfcec8a499b8bf/out/vs/platform/terminal/node/ptyHostMain.js:15:4915)
    at /home/ec2-user/.vscode-server/bin/441438abd1ac652551dbe4d408dfcec8a499b8bf/out/vs/platform/terminal/node/ptyHostMain.js:15:4326
    at invoke (/home/ec2-user/.vscode-server/bin/441438abd1ac652551dbe4d408dfcec8a499b8bf/out/vs/platform/terminal/node/ptyHostMain.js:11:145)
    at E.deliver (/home/ec2-user/.vscode-server/bin/441438abd1ac652551dbe4d408dfcec8a499b8bf/out/vs/platform/terminal/node/ptyHostMain.js:11:2033)
    at c.fire (/home/ec2-user/.vscode-server/bin/441438abd1ac652551dbe4d408dfcec8a499b8bf/out/vs/platform/terminal/node/ptyHostMain.js:11:1671)
    at process.F (/home/ec2-user/.vscode-server/bin/441438abd1ac652551dbe4d408dfcec8a499b8bf/out/vs/platform/terminal/node/ptyHostMain.js:9:20881)
    at process.emit (node:events:526:28)
    at emit (node:internal/child_process:938:14)
    at processTicksAndRejections (node:internal/process/task_queues:84:21)
[06:26:28] Error [CodeExpectedError]: Could not find pty on pty host
    at S.L (/home/ec2-user/.vscode-server/bin/441438abd1ac652551dbe4d408dfcec8a499b8bf/out/vs/platform/terminal/node/ptyHostMain.js:27:6839)
    at S.updateIcon (/home/ec2-user/.vscode-server/bin/441438abd1ac652551dbe4d408dfcec8a499b8bf/out/vs/platform/terminal/node/ptyHostMain.js:27:2680)
    at Object.call (/home/ec2-user/.vscode-server/bin/441438abd1ac652551dbe4d408dfcec8a499b8bf/out/vs/platform/terminal/node/ptyHostMain.js:17:5043)
    at r.s (/home/ec2-user/.vscode-server/bin/441438abd1ac652551dbe4d408dfcec8a499b8bf/out/vs/platform/terminal/node/ptyHostMain.js:15:5412)
    at r.q (/home/ec2-user/.vscode-server/bin/441438abd1ac652551dbe4d408dfcec8a499b8bf/out/vs/platform/terminal/node/ptyHostMain.js:15:4915)
    at /home/ec2-user/.vscode-server/bin/441438abd1ac652551dbe4d408dfcec8a499b8bf/out/vs/platform/terminal/node/ptyHostMain.js:15:4326
    at invoke (/home/ec2-user/.vscode-server/bin/441438abd1ac652551dbe4d408dfcec8a499b8bf/out/vs/platform/terminal/node/ptyHostMain.js:11:145)
    at E.deliver (/home/ec2-user/.vscode-server/bin/441438abd1ac652551dbe4d408dfcec8a499b8bf/out/vs/platform/terminal/node/ptyHostMain.js:11:2033)
    at c.fire (/home/ec2-user/.vscode-server/bin/441438abd1ac652551dbe4d408dfcec8a499b8bf/out/vs/platform/terminal/node/ptyHostMain.js:11:1671)
    at process.F (/home/ec2-user/.vscode-server/bin/441438abd1ac652551dbe4d408dfcec8a499b8bf/out/vs/platform/terminal/node/ptyHostMain.js:9:20881)
    at process.emit (node:events:526:28)
    at emit (node:internal/child_process:938:14)
    at processTicksAndRejections (node:internal/process/task_queues:84:21)
